<?xml version="1.0" encoding="UTF-8"?>
<coverage generated="1747443427612" clover="3.2.0">
  <project timestamp="1747443427612" name="All files">
    <metrics statements="1" coveredstatements="1" conditionals="0" coveredconditionals="0" methods="0" coveredmethods="0" elements="1" coveredelements="1" complexity="0" loc="1" ncloc="1" packages="1" files="12" classes="12"/>
    <file name="AuthLoadingScreenStyles.js" path="C:\Users\Sebastian\Desktop\Universidad\Octavo Semestre\ARSW\WhereWe\WhereWeFront\WhereWe\styles\AuthLoadingScreenStyles.js">
      <metrics statements="0" coveredstatements="0" conditionals="0" coveredconditionals="0" methods="0" coveredmethods="0"/>
    </file>
    <file name="CustomAlertStyles.js" path="C:\Users\Sebastian\Desktop\Universidad\Octavo Semestre\ARSW\WhereWe\WhereWeFront\WhereWe\styles\CustomAlertStyles.js">
      <metrics statements="0" coveredstatements="0" conditionals="0" coveredconditionals="0" methods="0" coveredmethods="0"/>
    </file>
    <file name="DrawerMenuStyles.js" path="C:\Users\Sebastian\Desktop\Universidad\Octavo Semestre\ARSW\WhereWe\WhereWeFront\WhereWe\styles\DrawerMenuStyles.js">
      <metrics statements="0" coveredstatements="0" conditionals="0" coveredconditionals="0" methods="0" coveredmethods="0"/>
    </file>
    <file name="EditProfileScreenStyles.js" path="C:\Users\Sebastian\Desktop\Universidad\Octavo Semestre\ARSW\WhereWe\WhereWeFront\WhereWe\styles\EditProfileScreenStyles.js">
      <metrics statements="0" coveredstatements="0" conditionals="0" coveredconditionals="0" methods="0" coveredmethods="0"/>
    </file>
    <file name="GroupDetailScreenStyles.js" path="C:\Users\Sebastian\Desktop\Universidad\Octavo Semestre\ARSW\WhereWe\WhereWeFront\WhereWe\styles\GroupDetailScreenStyles.js">
      <metrics statements="0" coveredstatements="0" conditionals="0" coveredconditionals="0" methods="0" coveredmethods="0"/>
    </file>
    <file name="GroupItemStyles.js" path="C:\Users\Sebastian\Desktop\Universidad\Octavo Semestre\ARSW\WhereWe\WhereWeFront\WhereWe\styles\GroupItemStyles.js">
      <metrics statements="0" coveredstatements="0" conditionals="0" coveredconditionals="0" methods="0" coveredmethods="0"/>
    </file>
    <file name="GroupMapScreenStyles.js" path="C:\Users\Sebastian\Desktop\Universidad\Octavo Semestre\ARSW\WhereWe\WhereWeFront\WhereWe\styles\GroupMapScreenStyles.js">
      <metrics statements="0" coveredstatements="0" conditionals="0" coveredconditionals="0" methods="0" coveredmethods="0"/>
    </file>
    <file name="GroupScreenStyles.js" path="C:\Users\Sebastian\Desktop\Universidad\Octavo Semestre\ARSW\WhereWe\WhereWeFront\WhereWe\styles\GroupScreenStyles.js">
      <metrics statements="0" coveredstatements="0" conditionals="0" coveredconditionals="0" methods="0" coveredmethods="0"/>
    </file>
    <file name="HomeScreenStyles.js" path="C:\Users\Sebastian\Desktop\Universidad\Octavo Semestre\ARSW\WhereWe\WhereWeFront\WhereWe\styles\HomeScreenStyles.js">
      <metrics statements="1" coveredstatements="1" conditionals="0" coveredconditionals="0" methods="0" coveredmethods="0"/>
      <line num="3" count="2" type="stmt"/>
    </file>
    <file name="ProfilePictureSettingsStyles.js" path="C:\Users\Sebastian\Desktop\Universidad\Octavo Semestre\ARSW\WhereWe\WhereWeFront\WhereWe\styles\ProfilePictureSettingsStyles.js">
      <metrics statements="0" coveredstatements="0" conditionals="0" coveredconditionals="0" methods="0" coveredmethods="0"/>
    </file>
    <file name="SigninScreenStyles.js" path="C:\Users\Sebastian\Desktop\Universidad\Octavo Semestre\ARSW\WhereWe\WhereWeFront\WhereWe\styles\SigninScreenStyles.js">
      <metrics statements="0" coveredstatements="0" conditionals="0" coveredconditionals="0" methods="0" coveredmethods="0"/>
    </file>
    <file name="UserItemStyles.js" path="C:\Users\Sebastian\Desktop\Universidad\Octavo Semestre\ARSW\WhereWe\WhereWeFront\WhereWe\styles\UserItemStyles.js">
      <metrics statements="0" coveredstatements="0" conditionals="0" coveredconditionals="0" methods="0" coveredmethods="0"/>
    </file>
  </project>
</coverage>
