{"C:\\Users\\Sebastian\\Desktop\\Universidad\\Octavo Semestre\\ARSW\\WhereWe\\WhereWeFront\\WhereWe\\App.js": {"path":"C:\\Users\\Sebastian\\Desktop\\Universidad\\Octavo Semestre\\ARSW\\WhereWe\\WhereWeFront\\WhereWe\\App.js","statementMap":{"0":{"start":{"line":17,"column":14},"end":{"line":17,"column":36}},"1":{"start":{"line":19,"column":24},"end":{"line":30,"column":1}},"2":{"start":{"line":32,"column":22},"end":{"line":41,"column":1}},"3":{"start":{"line":43,"column":19},"end":{"line":83,"column":1}},"4":{"start":{"line":44,"column":2},"end":{"line":46,"column":3}},"5":{"start":{"line":45,"column":4},"end":{"line":45,"column":73}},"6":{"start":{"line":48,"column":2},"end":{"line":50,"column":3}},"7":{"start":{"line":49,"column":4},"end":{"line":49,"column":67}},"8":{"start":{"line":52,"column":2},"end":{"line":82,"column":4}},"9":{"start":{"line":86,"column":28},"end":{"line":122,"column":3}},"10":{"start":{"line":88,"column":6},"end":{"line":114,"column":7}},"11":{"start":{"line":90,"column":10},"end":{"line":94,"column":12}},"12":{"start":{"line":96,"column":10},"end":{"line":100,"column":12}},"13":{"start":{"line":102,"column":10},"end":{"line":106,"column":12}},"14":{"start":{"line":108,"column":10},"end":{"line":111,"column":12}},"15":{"start":{"line":113,"column":10},"end":{"line":113,"column":27}},"16":{"start":{"line":124,"column":2},"end":{"line":157,"column":9}},"17":{"start":{"line":125,"column":27},"end":{"line":154,"column":5}},"18":{"start":{"line":126,"column":22},"end":{"line":126,"column":26}},"19":{"start":{"line":127,"column":6},"end":{"line":153,"column":7}},"20":{"start":{"line":128,"column":8},"end":{"line":128,"column":60}},"21":{"start":{"line":129,"column":27},"end":{"line":129,"column":71}},"22":{"start":{"line":130,"column":8},"end":{"line":149,"column":9}},"23":{"start":{"line":131,"column":27},"end":{"line":131,"column":60}},"24":{"start":{"line":132,"column":10},"end":{"line":145,"column":11}},"25":{"start":{"line":133,"column":12},"end":{"line":144,"column":15}},"26":{"start":{"line":146,"column":10},"end":{"line":146,"column":64}},"27":{"start":{"line":148,"column":10},"end":{"line":148,"column":59}},"28":{"start":{"line":151,"column":8},"end":{"line":151,"column":64}},"29":{"start":{"line":152,"column":8},"end":{"line":152,"column":57}},"30":{"start":{"line":156,"column":4},"end":{"line":156,"column":21}},"31":{"start":{"line":159,"column":22},"end":{"line":205,"column":3}},"32":{"start":{"line":160,"column":11},"end":{"line":203,"column":5}},"33":{"start":{"line":162,"column":8},"end":{"line":185,"column":9}},"34":{"start":{"line":163,"column":24},"end":{"line":163,"column":55}},"35":{"start":{"line":164,"column":10},"end":{"line":164,"column":47}},"36":{"start":{"line":165,"column":27},"end":{"line":165,"column":60}},"37":{"start":{"line":166,"column":10},"end":{"line":179,"column":11}},"38":{"start":{"line":167,"column":12},"end":{"line":178,"column":15}},"39":{"start":{"line":180,"column":10},"end":{"line":180,"column":47}},"40":{"start":{"line":181,"column":10},"end":{"line":181,"column":23}},"41":{"start":{"line":183,"column":10},"end":{"line":183,"column":49}},"42":{"start":{"line":184,"column":10},"end":{"line":184,"column":22}},"43":{"start":{"line":188,"column":8},"end":{"line":188,"column":41}},"44":{"start":{"line":189,"column":8},"end":{"line":200,"column":11}},"45":{"start":{"line":201,"column":8},"end":{"line":201,"column":39}},"46":{"start":{"line":207,"column":2},"end":{"line":217,"column":4}}},"fnMap":{"0":{"name":"(anonymous_0)","decl":{"start":{"line":43,"column":19},"end":{"line":43,"column":20}},"loc":{"start":{"line":43,"column":45},"end":{"line":83,"column":1}},"line":43},"1":{"name":"App","decl":{"start":{"line":85,"column":24},"end":{"line":85,"column":27}},"loc":{"start":{"line":85,"column":30},"end":{"line":218,"column":1}},"line":85},"2":{"name":"(anonymous_2)","decl":{"start":{"line":87,"column":4},"end":{"line":87,"column":5}},"loc":{"start":{"line":87,"column":27},"end":{"line":115,"column":5}},"line":87},"3":{"name":"(anonymous_3)","decl":{"start":{"line":124,"column":12},"end":{"line":124,"column":13}},"loc":{"start":{"line":124,"column":18},"end":{"line":157,"column":3}},"line":124},"4":{"name":"(anonymous_4)","decl":{"start":{"line":125,"column":27},"end":{"line":125,"column":28}},"loc":{"start":{"line":125,"column":39},"end":{"line":154,"column":5}},"line":125},"5":{"name":"(anonymous_5)","decl":{"start":{"line":160,"column":4},"end":{"line":160,"column":5}},"loc":{"start":{"line":160,"column":11},"end":{"line":203,"column":5}},"line":160},"6":{"name":"(anonymous_6)","decl":{"start":{"line":161,"column":14},"end":{"line":161,"column":15}},"loc":{"start":{"line":161,"column":26},"end":{"line":186,"column":7}},"line":161},"7":{"name":"(anonymous_7)","decl":{"start":{"line":187,"column":15},"end":{"line":187,"column":16}},"loc":{"start":{"line":187,"column":27},"end":{"line":202,"column":7}},"line":187}},"branchMap":{"0":{"loc":{"start":{"line":44,"column":2},"end":{"line":46,"column":3}},"type":"if","locations":[{"start":{"line":44,"column":2},"end":{"line":46,"column":3}},{"start":{},"end":{}}],"line":44},"1":{"loc":{"start":{"line":48,"column":2},"end":{"line":50,"column":3}},"type":"if","locations":[{"start":{"line":48,"column":2},"end":{"line":50,"column":3}},{"start":{},"end":{}}],"line":48},"2":{"loc":{"start":{"line":88,"column":6},"end":{"line":114,"column":7}},"type":"switch","locations":[{"start":{"line":89,"column":8},"end":{"line":94,"column":12}},{"start":{"line":95,"column":8},"end":{"line":100,"column":12}},{"start":{"line":101,"column":8},"end":{"line":106,"column":12}},{"start":{"line":107,"column":8},"end":{"line":111,"column":12}},{"start":{"line":112,"column":8},"end":{"line":113,"column":27}}],"line":88},"3":{"loc":{"start":{"line":130,"column":8},"end":{"line":149,"column":9}},"type":"if","locations":[{"start":{"line":130,"column":8},"end":{"line":149,"column":9}},{"start":{"line":147,"column":15},"end":{"line":149,"column":9}}],"line":130},"4":{"loc":{"start":{"line":130,"column":12},"end":{"line":130,"column":35}},"type":"binary-expr","locations":[{"start":{"line":130,"column":12},"end":{"line":130,"column":21}},{"start":{"line":130,"column":25},"end":{"line":130,"column":35}}],"line":130},"5":{"loc":{"start":{"line":132,"column":10},"end":{"line":145,"column":11}},"type":"if","locations":[{"start":{"line":132,"column":10},"end":{"line":145,"column":11}},{"start":{},"end":{}}],"line":132},"6":{"loc":{"start":{"line":166,"column":10},"end":{"line":179,"column":11}},"type":"if","locations":[{"start":{"line":166,"column":10},"end":{"line":179,"column":11}},{"start":{},"end":{}}],"line":166}},"s":{"0":1,"1":1,"2":1,"3":1,"4":6,"5":3,"6":3,"7":3,"8":0,"9":7,"10":3,"11":3,"12":0,"13":0,"14":0,"15":0,"16":6,"17":3,"18":3,"19":3,"20":3,"21":3,"22":3,"23":0,"24":0,"25":0,"26":0,"27":3,"28":0,"29":0,"30":3,"31":6,"32":3,"33":0,"34":0,"35":0,"36":0,"37":0,"38":0,"39":0,"40":0,"41":0,"42":0,"43":0,"44":0,"45":0,"46":6},"f":{"0":6,"1":7,"2":3,"3":3,"4":3,"5":3,"6":0,"7":0},"b":{"0":[3,3],"1":[3,0],"2":[3,0,0,0,0],"3":[0,3],"4":[3,0],"5":[0,0],"6":[0,0]},"_coverageSchema":"1a1c01bbd47fc00a2c39e90264f33305004495a9","hash":"75018e5263388894933dc55a7f5e99741016dace"}
,"C:\\Users\\Sebastian\\Desktop\\Universidad\\Octavo Semestre\\ARSW\\WhereWe\\WhereWeFront\\WhereWe\\AuthContext.jsx": {"path":"C:\\Users\\Sebastian\\Desktop\\Universidad\\Octavo Semestre\\ARSW\\WhereWe\\WhereWeFront\\WhereWe\\AuthContext.jsx","statementMap":{"0":{"start":{"line":3,"column":27},"end":{"line":6,"column":2}}},"fnMap":{"0":{"name":"(anonymous_0)","decl":{"start":{"line":4,"column":10},"end":{"line":4,"column":11}},"loc":{"start":{"line":4,"column":22},"end":{"line":4,"column":24}},"line":4},"1":{"name":"(anonymous_1)","decl":{"start":{"line":5,"column":11},"end":{"line":5,"column":12}},"loc":{"start":{"line":5,"column":17},"end":{"line":5,"column":19}},"line":5}},"branchMap":{},"s":{"0":3},"f":{"0":0,"1":0},"b":{},"_coverageSchema":"1a1c01bbd47fc00a2c39e90264f33305004495a9","hash":"9146cf31b8198a84b20b2e0c28d46c68d7669225"}
,"C:\\Users\\Sebastian\\Desktop\\Universidad\\Octavo Semestre\\ARSW\\WhereWe\\WhereWeFront\\WhereWe\\MainScreen.js": {"path":"C:\\Users\\Sebastian\\Desktop\\Universidad\\Octavo Semestre\\ARSW\\WhereWe\\WhereWeFront\\WhereWe\\MainScreen.js","statementMap":{"0":{"start":{"line":4,"column":19},"end":{"line":6,"column":1}},"1":{"start":{"line":5,"column":2},"end":{"line":5,"column":31}}},"fnMap":{"0":{"name":"(anonymous_0)","decl":{"start":{"line":4,"column":19},"end":{"line":4,"column":20}},"loc":{"start":{"line":4,"column":25},"end":{"line":6,"column":1}},"line":4}},"branchMap":{},"s":{"0":1,"1":2},"f":{"0":2},"b":{},"_coverageSchema":"1a1c01bbd47fc00a2c39e90264f33305004495a9","hash":"a7f21ef27046ee4fbeff62ab89772b1d824cb87d"}
,"C:\\Users\\Sebastian\\Desktop\\Universidad\\Octavo Semestre\\ARSW\\WhereWe\\WhereWeFront\\WhereWe\\PushNotificationManager.js": {"path":"C:\\Users\\Sebastian\\Desktop\\Universidad\\Octavo Semestre\\ARSW\\WhereWe\\WhereWeFront\\WhereWe\\PushNotificationManager.js","statementMap":{"0":{"start":{"line":5,"column":0},"end":{"line":11,"column":3}},"1":{"start":{"line":6,"column":35},"end":{"line":10,"column":3}},"2":{"start":{"line":16,"column":2},"end":{"line":16,"column":61}},"3":{"start":{"line":17,"column":2},"end":{"line":57,"column":3}},"4":{"start":{"line":18,"column":4},"end":{"line":18,"column":44}},"5":{"start":{"line":20,"column":6},"end":{"line":20,"column":47}},"6":{"start":{"line":21,"column":4},"end":{"line":21,"column":65}},"7":{"start":{"line":22,"column":22},"end":{"line":22,"column":36}},"8":{"start":{"line":24,"column":4},"end":{"line":28,"column":5}},"9":{"start":{"line":25,"column":25},"end":{"line":25,"column":70}},"10":{"start":{"line":26,"column":6},"end":{"line":26,"column":55}},"11":{"start":{"line":27,"column":6},"end":{"line":27,"column":27}},"12":{"start":{"line":30,"column":4},"end":{"line":33,"column":5}},"13":{"start":{"line":31,"column":6},"end":{"line":31,"column":65}},"14":{"start":{"line":32,"column":6},"end":{"line":32,"column":13}},"15":{"start":{"line":35,"column":4},"end":{"line":35,"column":67}},"16":{"start":{"line":36,"column":4},"end":{"line":44,"column":5}},"17":{"start":{"line":37,"column":26},"end":{"line":39,"column":8}},"18":{"start":{"line":40,"column":6},"end":{"line":40,"column":31}},"19":{"start":{"line":41,"column":6},"end":{"line":41,"column":57}},"20":{"start":{"line":43,"column":6},"end":{"line":43,"column":62}},"21":{"start":{"line":46,"column":4},"end":{"line":54,"column":5}},"22":{"start":{"line":47,"column":6},"end":{"line":47,"column":69}},"23":{"start":{"line":48,"column":6},"end":{"line":53,"column":9}},"24":{"start":{"line":56,"column":4},"end":{"line":56,"column":69}},"25":{"start":{"line":59,"column":2},"end":{"line":59,"column":46}},"26":{"start":{"line":60,"column":2},"end":{"line":60,"column":15}},"27":{"start":{"line":64,"column":23},"end":{"line":64,"column":78}},"28":{"start":{"line":65,"column":2},"end":{"line":65,"column":37}},"29":{"start":{"line":65,"column":15},"end":{"line":65,"column":36}}},"fnMap":{"0":{"name":"(anonymous_0)","decl":{"start":{"line":6,"column":22},"end":{"line":6,"column":23}},"loc":{"start":{"line":6,"column":35},"end":{"line":10,"column":3}},"line":6},"1":{"name":"registerForPushNotificationsAsync","decl":{"start":{"line":13,"column":22},"end":{"line":13,"column":55}},"loc":{"start":{"line":13,"column":58},"end":{"line":61,"column":1}},"line":13},"2":{"name":"setupNotificationListener","decl":{"start":{"line":63,"column":16},"end":{"line":63,"column":41}},"loc":{"start":{"line":63,"column":52},"end":{"line":66,"column":1}},"line":63},"3":{"name":"(anonymous_3)","decl":{"start":{"line":65,"column":9},"end":{"line":65,"column":10}},"loc":{"start":{"line":65,"column":15},"end":{"line":65,"column":36}},"line":65}},"branchMap":{"0":{"loc":{"start":{"line":17,"column":2},"end":{"line":57,"column":3}},"type":"if","locations":[{"start":{"line":17,"column":2},"end":{"line":57,"column":3}},{"start":{"line":55,"column":9},"end":{"line":57,"column":3}}],"line":17},"1":{"loc":{"start":{"line":24,"column":4},"end":{"line":28,"column":5}},"type":"if","locations":[{"start":{"line":24,"column":4},"end":{"line":28,"column":5}},{"start":{},"end":{}}],"line":24},"2":{"loc":{"start":{"line":30,"column":4},"end":{"line":33,"column":5}},"type":"if","locations":[{"start":{"line":30,"column":4},"end":{"line":33,"column":5}},{"start":{},"end":{}}],"line":30},"3":{"loc":{"start":{"line":46,"column":4},"end":{"line":54,"column":5}},"type":"if","locations":[{"start":{"line":46,"column":4},"end":{"line":54,"column":5}},{"start":{},"end":{}}],"line":46}},"s":{"0":2,"1":0,"2":4,"3":4,"4":4,"5":4,"6":4,"7":4,"8":4,"9":1,"10":1,"11":1,"12":4,"13":1,"14":1,"15":3,"16":3,"17":3,"18":3,"19":3,"20":0,"21":3,"22":0,"23":0,"24":0,"25":3,"26":3,"27":5,"28":5,"29":2},"f":{"0":0,"1":4,"2":5,"3":2},"b":{"0":[4,0],"1":[1,3],"2":[1,3],"3":[0,3]},"_coverageSchema":"1a1c01bbd47fc00a2c39e90264f33305004495a9","hash":"eb090d770055bcd5aba6ee6dafc15284fe72018a"}
,"C:\\Users\\Sebastian\\Desktop\\Universidad\\Octavo Semestre\\ARSW\\WhereWe\\WhereWeFront\\WhereWe\\UserContext.jsx": {"path":"C:\\Users\\Sebastian\\Desktop\\Universidad\\Octavo Semestre\\ARSW\\WhereWe\\WhereWeFront\\WhereWe\\UserContext.jsx","statementMap":{"0":{"start":{"line":4,"column":27},"end":{"line":13,"column":2}},"1":{"start":{"line":15,"column":28},"end":{"line":42,"column":1}},"2":{"start":{"line":16,"column":2},"end":{"line":18,"column":4}},"3":{"start":{"line":19,"column":26},"end":{"line":27,"column":4}},"4":{"start":{"line":30,"column":2},"end":{"line":32,"column":13}},"5":{"start":{"line":31,"column":4},"end":{"line":31,"column":44}},"6":{"start":{"line":34,"column":23},"end":{"line":37,"column":3}},"7":{"start":{"line":35,"column":11},"end":{"line":35,"column":31}},"8":{"start":{"line":39,"column":2},"end":{"line":41,"column":4}}},"fnMap":{"0":{"name":"(anonymous_0)","decl":{"start":{"line":12,"column":11},"end":{"line":12,"column":12}},"loc":{"start":{"line":12,"column":17},"end":{"line":12,"column":19}},"line":12},"1":{"name":"(anonymous_1)","decl":{"start":{"line":15,"column":28},"end":{"line":15,"column":29}},"loc":{"start":{"line":15,"column":46},"end":{"line":42,"column":1}},"line":15},"2":{"name":"(anonymous_2)","decl":{"start":{"line":30,"column":18},"end":{"line":30,"column":19}},"loc":{"start":{"line":30,"column":24},"end":{"line":32,"column":3}},"line":30},"3":{"name":"(anonymous_3)","decl":{"start":{"line":35,"column":4},"end":{"line":35,"column":5}},"loc":{"start":{"line":35,"column":11},"end":{"line":35,"column":31}},"line":35}},"branchMap":{},"s":{"0":7,"1":7,"2":6,"3":6,"4":6,"5":3,"6":6,"7":3,"8":6},"f":{"0":0,"1":6,"2":3,"3":3},"b":{},"_coverageSchema":"1a1c01bbd47fc00a2c39e90264f33305004495a9","hash":"fcf4ae0e8061649e7f21eec7741d54532bdfd132"}
,"C:\\Users\\Sebastian\\Desktop\\Universidad\\Octavo Semestre\\ARSW\\WhereWe\\WhereWeFront\\WhereWe\\api\\ApiClient.js": {"path":"C:\\Users\\Sebastian\\Desktop\\Universidad\\Octavo Semestre\\ARSW\\WhereWe\\WhereWeFront\\WhereWe\\api\\ApiClient.js","statementMap":{"0":{"start":{"line":2,"column":16},"end":{"line":2,"column":53}},"1":{"start":{"line":3,"column":25},"end":{"line":28,"column":1}},"2":{"start":{"line":4,"column":2},"end":{"line":27,"column":3}},"3":{"start":{"line":6,"column":21},"end":{"line":6,"column":60}},"4":{"start":{"line":7,"column":4},"end":{"line":9,"column":5}},"5":{"start":{"line":8,"column":6},"end":{"line":8,"column":76}},"6":{"start":{"line":11,"column":21},"end":{"line":18,"column":6}},"7":{"start":{"line":20,"column":4},"end":{"line":22,"column":5}},"8":{"start":{"line":21,"column":6},"end":{"line":21,"column":66}},"9":{"start":{"line":24,"column":4},"end":{"line":24,"column":20}},"10":{"start":{"line":26,"column":4},"end":{"line":26,"column":46}}},"fnMap":{"0":{"name":"(anonymous_0)","decl":{"start":{"line":3,"column":25},"end":{"line":3,"column":26}},"loc":{"start":{"line":3,"column":69},"end":{"line":28,"column":1}},"line":3}},"branchMap":{"0":{"loc":{"start":{"line":3,"column":37},"end":{"line":3,"column":51}},"type":"default-arg","locations":[{"start":{"line":3,"column":46},"end":{"line":3,"column":51}}],"line":3},"1":{"loc":{"start":{"line":3,"column":53},"end":{"line":3,"column":64}},"type":"default-arg","locations":[{"start":{"line":3,"column":60},"end":{"line":3,"column":64}}],"line":3},"2":{"loc":{"start":{"line":7,"column":4},"end":{"line":9,"column":5}},"type":"if","locations":[{"start":{"line":7,"column":4},"end":{"line":9,"column":5}},{"start":{},"end":{}}],"line":7},"3":{"loc":{"start":{"line":17,"column":12},"end":{"line":17,"column":46}},"type":"cond-expr","locations":[{"start":{"line":17,"column":19},"end":{"line":17,"column":39}},{"start":{"line":17,"column":42},"end":{"line":17,"column":46}}],"line":17},"4":{"loc":{"start":{"line":20,"column":4},"end":{"line":22,"column":5}},"type":"if","locations":[{"start":{"line":20,"column":4},"end":{"line":22,"column":5}},{"start":{},"end":{}}],"line":20}},"s":{"0":7,"1":7,"2":5,"3":5,"4":5,"5":1,"6":4,"7":3,"8":1,"9":2,"10":3},"f":{"0":5},"b":{"0":[4],"1":[4],"2":[1,4],"3":[1,3],"4":[1,2]},"_coverageSchema":"1a1c01bbd47fc00a2c39e90264f33305004495a9","hash":"9d7e4b930ba0b69958f3237bf8157e34b2d1d75e"}
,"C:\\Users\\Sebastian\\Desktop\\Universidad\\Octavo Semestre\\ARSW\\WhereWe\\WhereWeFront\\WhereWe\\auth\\AuthConfig.js": {"path":"C:\\Users\\Sebastian\\Desktop\\Universidad\\Octavo Semestre\\ARSW\\WhereWe\\WhereWeFront\\WhereWe\\auth\\AuthConfig.js","statementMap":{"0":{"start":{"line":1,"column":26},"end":{"line":11,"column":1}}},"fnMap":{},"branchMap":{},"s":{"0":8},"f":{},"b":{},"_coverageSchema":"1a1c01bbd47fc00a2c39e90264f33305004495a9","hash":"0af9d0407694b5b2b6c942926ec73f09c4f94f0f"}
,"C:\\Users\\Sebastian\\Desktop\\Universidad\\Octavo Semestre\\ARSW\\WhereWe\\WhereWeFront\\WhereWe\\auth\\AuthManager.js": {"path":"C:\\Users\\Sebastian\\Desktop\\Universidad\\Octavo Semestre\\ARSW\\WhereWe\\WhereWeFront\\WhereWe\\auth\\AuthManager.js","statementMap":{"0":{"start":{"line":8,"column":18},"end":{"line":12,"column":1}},"1":{"start":{"line":15,"column":20},"end":{"line":25,"column":4}},"2":{"start":{"line":16,"column":2},"end":{"line":18,"column":3}},"3":{"start":{"line":17,"column":4},"end":{"line":17,"column":59}},"4":{"start":{"line":20,"column":2},"end":{"line":22,"column":3}},"5":{"start":{"line":21,"column":4},"end":{"line":21,"column":32}},"6":{"start":{"line":24,"column":2},"end":{"line":24,"column":57}},"7":{"start":{"line":27,"column":0},"end":{"line":27,"column":51}},"8":{"start":{"line":28,"column":0},"end":{"line":28,"column":50}},"9":{"start":{"line":32,"column":22},"end":{"line":35,"column":3}},"10":{"start":{"line":38,"column":23},"end":{"line":101,"column":3}},"11":{"start":{"line":39,"column":20},"end":{"line":39,"column":61}},"12":{"start":{"line":40,"column":19},"end":{"line":40,"column":74}},"13":{"start":{"line":41,"column":21},"end":{"line":41,"column":56}},"14":{"start":{"line":42,"column":28},"end":{"line":42,"column":77}},"15":{"start":{"line":43,"column":26},"end":{"line":43,"column":71}},"16":{"start":{"line":44,"column":22},"end":{"line":44,"column":47}},"17":{"start":{"line":46,"column":4},"end":{"line":100,"column":5}},"18":{"start":{"line":47,"column":26},"end":{"line":54,"column":8}},"19":{"start":{"line":56,"column":21},"end":{"line":56,"column":61}},"20":{"start":{"line":57,"column":6},"end":{"line":62,"column":7}},"21":{"start":{"line":58,"column":8},"end":{"line":58,"column":80}},"22":{"start":{"line":59,"column":8},"end":{"line":61,"column":10}},"23":{"start":{"line":64,"column":6},"end":{"line":64,"column":76}},"24":{"start":{"line":66,"column":28},"end":{"line":77,"column":7}},"25":{"start":{"line":79,"column":6},"end":{"line":82,"column":7}},"26":{"start":{"line":80,"column":8},"end":{"line":80,"column":78}},"27":{"start":{"line":81,"column":8},"end":{"line":81,"column":71}},"28":{"start":{"line":84,"column":29},"end":{"line":86,"column":22}},"29":{"start":{"line":88,"column":6},"end":{"line":88,"column":75}},"30":{"start":{"line":90,"column":6},"end":{"line":90,"column":70}},"31":{"start":{"line":91,"column":6},"end":{"line":93,"column":7}},"32":{"start":{"line":92,"column":8},"end":{"line":92,"column":80}},"33":{"start":{"line":94,"column":6},"end":{"line":94,"column":64}},"34":{"start":{"line":96,"column":6},"end":{"line":96,"column":39}},"35":{"start":{"line":98,"column":6},"end":{"line":98,"column":60}},"36":{"start":{"line":99,"column":6},"end":{"line":99,"column":18}},"37":{"start":{"line":104,"column":26},"end":{"line":105,"column":55}},"38":{"start":{"line":105,"column":4},"end":{"line":105,"column":55}},"39":{"start":{"line":108,"column":28},"end":{"line":109,"column":57}},"40":{"start":{"line":109,"column":4},"end":{"line":109,"column":57}},"41":{"start":{"line":112,"column":31},"end":{"line":182,"column":3}},"42":{"start":{"line":113,"column":20},"end":{"line":113,"column":61}},"43":{"start":{"line":114,"column":19},"end":{"line":114,"column":74}},"44":{"start":{"line":115,"column":21},"end":{"line":115,"column":56}},"45":{"start":{"line":116,"column":28},"end":{"line":116,"column":77}},"46":{"start":{"line":117,"column":26},"end":{"line":117,"column":71}},"47":{"start":{"line":118,"column":22},"end":{"line":118,"column":47}},"48":{"start":{"line":120,"column":4},"end":{"line":181,"column":5}},"49":{"start":{"line":121,"column":25},"end":{"line":121,"column":66}},"50":{"start":{"line":122,"column":6},"end":{"line":125,"column":7}},"51":{"start":{"line":123,"column":8},"end":{"line":123,"column":64}},"52":{"start":{"line":124,"column":8},"end":{"line":124,"column":20}},"53":{"start":{"line":127,"column":21},"end":{"line":127,"column":62}},"54":{"start":{"line":128,"column":18},"end":{"line":128,"column":26}},"55":{"start":{"line":130,"column":6},"end":{"line":169,"column":7}},"56":{"start":{"line":131,"column":8},"end":{"line":131,"column":53}},"57":{"start":{"line":132,"column":29},"end":{"line":132,"column":72}},"58":{"start":{"line":133,"column":8},"end":{"line":136,"column":9}},"59":{"start":{"line":134,"column":10},"end":{"line":134,"column":71}},"60":{"start":{"line":135,"column":10},"end":{"line":135,"column":22}},"61":{"start":{"line":138,"column":30},"end":{"line":145,"column":9}},"62":{"start":{"line":147,"column":8},"end":{"line":153,"column":9}},"63":{"start":{"line":148,"column":10},"end":{"line":151,"column":12}},"64":{"start":{"line":152,"column":10},"end":{"line":152,"column":22}},"65":{"start":{"line":155,"column":34},"end":{"line":157,"column":24}},"66":{"start":{"line":159,"column":8},"end":{"line":159,"column":72}},"67":{"start":{"line":160,"column":8},"end":{"line":165,"column":9}},"68":{"start":{"line":161,"column":10},"end":{"line":164,"column":12}},"69":{"start":{"line":166,"column":8},"end":{"line":166,"column":69}},"70":{"start":{"line":168,"column":8},"end":{"line":168,"column":41}},"71":{"start":{"line":171,"column":20},"end":{"line":171,"column":56}},"72":{"start":{"line":172,"column":6},"end":{"line":175,"column":7}},"73":{"start":{"line":173,"column":8},"end":{"line":173,"column":65}},"74":{"start":{"line":174,"column":8},"end":{"line":174,"column":20}},"75":{"start":{"line":177,"column":6},"end":{"line":177,"column":19}},"76":{"start":{"line":179,"column":6},"end":{"line":179,"column":60}},"77":{"start":{"line":180,"column":6},"end":{"line":180,"column":18}},"78":{"start":{"line":185,"column":34},"end":{"line":186,"column":63}},"79":{"start":{"line":186,"column":4},"end":{"line":186,"column":63}},"80":{"start":{"line":189,"column":36},"end":{"line":190,"column":65}},"81":{"start":{"line":190,"column":4},"end":{"line":190,"column":65}},"82":{"start":{"line":193,"column":24},"end":{"line":210,"column":3}},"83":{"start":{"line":194,"column":4},"end":{"line":209,"column":5}},"84":{"start":{"line":195,"column":27},"end":{"line":202,"column":7}},"85":{"start":{"line":203,"column":6},"end":{"line":205,"column":8}},"86":{"start":{"line":204,"column":34},"end":{"line":204,"column":62}},"87":{"start":{"line":207,"column":6},"end":{"line":207,"column":46}},"88":{"start":{"line":208,"column":6},"end":{"line":208,"column":18}}},"fnMap":{"0":{"name":"(anonymous_0)","decl":{"start":{"line":15,"column":21},"end":{"line":15,"column":22}},"loc":{"start":{"line":15,"column":27},"end":{"line":25,"column":1}},"line":15},"1":{"name":"(anonymous_1)","decl":{"start":{"line":38,"column":23},"end":{"line":38,"column":24}},"loc":{"start":{"line":38,"column":43},"end":{"line":101,"column":3}},"line":38},"2":{"name":"(anonymous_2)","decl":{"start":{"line":104,"column":26},"end":{"line":104,"column":27}},"loc":{"start":{"line":105,"column":4},"end":{"line":105,"column":55}},"line":105},"3":{"name":"(anonymous_3)","decl":{"start":{"line":108,"column":28},"end":{"line":108,"column":29}},"loc":{"start":{"line":109,"column":4},"end":{"line":109,"column":57}},"line":109},"4":{"name":"(anonymous_4)","decl":{"start":{"line":112,"column":31},"end":{"line":112,"column":32}},"loc":{"start":{"line":112,"column":51},"end":{"line":182,"column":3}},"line":112},"5":{"name":"(anonymous_5)","decl":{"start":{"line":185,"column":34},"end":{"line":185,"column":35}},"loc":{"start":{"line":186,"column":4},"end":{"line":186,"column":63}},"line":186},"6":{"name":"(anonymous_6)","decl":{"start":{"line":189,"column":36},"end":{"line":189,"column":37}},"loc":{"start":{"line":190,"column":4},"end":{"line":190,"column":65}},"line":190},"7":{"name":"(anonymous_7)","decl":{"start":{"line":193,"column":24},"end":{"line":193,"column":25}},"loc":{"start":{"line":193,"column":36},"end":{"line":210,"column":3}},"line":193},"8":{"name":"(anonymous_8)","decl":{"start":{"line":204,"column":25},"end":{"line":204,"column":26}},"loc":{"start":{"line":204,"column":34},"end":{"line":204,"column":62}},"line":204}},"branchMap":{"0":{"loc":{"start":{"line":16,"column":2},"end":{"line":18,"column":3}},"type":"if","locations":[{"start":{"line":16,"column":2},"end":{"line":18,"column":3}},{"start":{},"end":{}}],"line":16},"1":{"loc":{"start":{"line":20,"column":2},"end":{"line":22,"column":3}},"type":"if","locations":[{"start":{"line":20,"column":2},"end":{"line":22,"column":3}},{"start":{},"end":{}}],"line":20},"2":{"loc":{"start":{"line":40,"column":19},"end":{"line":40,"column":74}},"type":"cond-expr","locations":[{"start":{"line":40,"column":29},"end":{"line":40,"column":51}},{"start":{"line":40,"column":54},"end":{"line":40,"column":74}}],"line":40},"3":{"loc":{"start":{"line":41,"column":21},"end":{"line":41,"column":56}},"type":"cond-expr","locations":[{"start":{"line":41,"column":31},"end":{"line":41,"column":43}},{"start":{"line":41,"column":46},"end":{"line":41,"column":56}}],"line":41},"4":{"loc":{"start":{"line":42,"column":28},"end":{"line":42,"column":77}},"type":"cond-expr","locations":[{"start":{"line":42,"column":38},"end":{"line":42,"column":57}},{"start":{"line":42,"column":60},"end":{"line":42,"column":77}}],"line":42},"5":{"loc":{"start":{"line":43,"column":26},"end":{"line":43,"column":71}},"type":"cond-expr","locations":[{"start":{"line":43,"column":36},"end":{"line":43,"column":53}},{"start":{"line":43,"column":56},"end":{"line":43,"column":71}}],"line":43},"6":{"loc":{"start":{"line":44,"column":22},"end":{"line":44,"column":47}},"type":"cond-expr","locations":[{"start":{"line":44,"column":32},"end":{"line":44,"column":39}},{"start":{"line":44,"column":42},"end":{"line":44,"column":47}}],"line":44},"7":{"loc":{"start":{"line":57,"column":6},"end":{"line":62,"column":7}},"type":"if","locations":[{"start":{"line":57,"column":6},"end":{"line":62,"column":7}},{"start":{},"end":{}}],"line":57},"8":{"loc":{"start":{"line":57,"column":10},"end":{"line":57,"column":58}},"type":"binary-expr","locations":[{"start":{"line":57,"column":10},"end":{"line":57,"column":35}},{"start":{"line":57,"column":39},"end":{"line":57,"column":58}}],"line":57},"9":{"loc":{"start":{"line":79,"column":6},"end":{"line":82,"column":7}},"type":"if","locations":[{"start":{"line":79,"column":6},"end":{"line":82,"column":7}},{"start":{},"end":{}}],"line":79},"10":{"loc":{"start":{"line":91,"column":6},"end":{"line":93,"column":7}},"type":"if","locations":[{"start":{"line":91,"column":6},"end":{"line":93,"column":7}},{"start":{},"end":{}}],"line":91},"11":{"loc":{"start":{"line":114,"column":19},"end":{"line":114,"column":74}},"type":"cond-expr","locations":[{"start":{"line":114,"column":29},"end":{"line":114,"column":51}},{"start":{"line":114,"column":54},"end":{"line":114,"column":74}}],"line":114},"12":{"loc":{"start":{"line":115,"column":21},"end":{"line":115,"column":56}},"type":"cond-expr","locations":[{"start":{"line":115,"column":31},"end":{"line":115,"column":43}},{"start":{"line":115,"column":46},"end":{"line":115,"column":56}}],"line":115},"13":{"loc":{"start":{"line":116,"column":28},"end":{"line":116,"column":77}},"type":"cond-expr","locations":[{"start":{"line":116,"column":38},"end":{"line":116,"column":57}},{"start":{"line":116,"column":60},"end":{"line":116,"column":77}}],"line":116},"14":{"loc":{"start":{"line":117,"column":26},"end":{"line":117,"column":71}},"type":"cond-expr","locations":[{"start":{"line":117,"column":36},"end":{"line":117,"column":53}},{"start":{"line":117,"column":56},"end":{"line":117,"column":71}}],"line":117},"15":{"loc":{"start":{"line":118,"column":22},"end":{"line":118,"column":47}},"type":"cond-expr","locations":[{"start":{"line":118,"column":32},"end":{"line":118,"column":39}},{"start":{"line":118,"column":42},"end":{"line":118,"column":47}}],"line":118},"16":{"loc":{"start":{"line":122,"column":6},"end":{"line":125,"column":7}},"type":"if","locations":[{"start":{"line":122,"column":6},"end":{"line":125,"column":7}},{"start":{},"end":{}}],"line":122},"17":{"loc":{"start":{"line":130,"column":6},"end":{"line":169,"column":7}},"type":"if","locations":[{"start":{"line":130,"column":6},"end":{"line":169,"column":7}},{"start":{},"end":{}}],"line":130},"18":{"loc":{"start":{"line":133,"column":8},"end":{"line":136,"column":9}},"type":"if","locations":[{"start":{"line":133,"column":8},"end":{"line":136,"column":9}},{"start":{},"end":{}}],"line":133},"19":{"loc":{"start":{"line":147,"column":8},"end":{"line":153,"column":9}},"type":"if","locations":[{"start":{"line":147,"column":8},"end":{"line":153,"column":9}},{"start":{},"end":{}}],"line":147},"20":{"loc":{"start":{"line":160,"column":8},"end":{"line":165,"column":9}},"type":"if","locations":[{"start":{"line":160,"column":8},"end":{"line":165,"column":9}},{"start":{},"end":{}}],"line":160},"21":{"loc":{"start":{"line":172,"column":6},"end":{"line":175,"column":7}},"type":"if","locations":[{"start":{"line":172,"column":6},"end":{"line":175,"column":7}},{"start":{},"end":{}}],"line":172}},"s":{"0":8,"1":8,"2":8,"3":0,"4":8,"5":0,"6":8,"7":8,"8":8,"9":8,"10":8,"11":1,"12":1,"13":1,"14":1,"15":1,"16":1,"17":1,"18":1,"19":1,"20":1,"21":1,"22":1,"23":0,"24":0,"25":0,"26":0,"27":0,"28":0,"29":0,"30":0,"31":0,"32":0,"33":0,"34":0,"35":1,"36":1,"37":8,"38":1,"39":8,"40":1,"41":8,"42":3,"43":3,"44":3,"45":3,"46":3,"47":3,"48":3,"49":3,"50":3,"51":1,"52":1,"53":2,"54":2,"55":2,"56":0,"57":0,"58":0,"59":0,"60":0,"61":0,"62":0,"63":0,"64":0,"65":0,"66":0,"67":0,"68":0,"69":0,"70":0,"71":2,"72":2,"73":1,"74":1,"75":1,"76":0,"77":0,"78":8,"79":1,"80":8,"81":1,"82":8,"83":1,"84":1,"85":1,"86":6,"87":0,"88":0},"f":{"0":8,"1":1,"2":1,"3":1,"4":3,"5":1,"6":1,"7":1,"8":6},"b":{"0":[0,8],"1":[0,8],"2":[0,1],"3":[0,1],"4":[0,1],"5":[0,1],"6":[0,1],"7":[1,0],"8":[1,0],"9":[0,0],"10":[0,0],"11":[0,3],"12":[0,3],"13":[0,3],"14":[0,3],"15":[0,3],"16":[1,2],"17":[0,2],"18":[0,0],"19":[0,0],"20":[0,0],"21":[1,1]},"_coverageSchema":"1a1c01bbd47fc00a2c39e90264f33305004495a9","hash":"63d7610544bf50ff51ba0e8669d606903c16715c"}
,"C:\\Users\\Sebastian\\Desktop\\Universidad\\Octavo Semestre\\ARSW\\WhereWe\\WhereWeFront\\WhereWe\\components\\CustomAlert.js": {"path":"C:\\Users\\Sebastian\\Desktop\\Universidad\\Octavo Semestre\\ARSW\\WhereWe\\WhereWeFront\\WhereWe\\components\\CustomAlert.js","statementMap":{"0":{"start":{"line":6,"column":20},"end":{"line":49,"column":1}},"1":{"start":{"line":7,"column":2},"end":{"line":48,"column":4}},"2":{"start":{"line":20,"column":14},"end":{"line":42,"column":33}},"3":{"start":{"line":28,"column":18},"end":{"line":28,"column":37}},"4":{"start":{"line":29,"column":18},"end":{"line":29,"column":28}},"5":{"start":{"line":50,"column":0},"end":{"line":62,"column":2}}},"fnMap":{"0":{"name":"(anonymous_0)","decl":{"start":{"line":6,"column":20},"end":{"line":6,"column":21}},"loc":{"start":{"line":6,"column":71},"end":{"line":49,"column":1}},"line":6},"1":{"name":"(anonymous_1)","decl":{"start":{"line":19,"column":25},"end":{"line":19,"column":26}},"loc":{"start":{"line":20,"column":14},"end":{"line":42,"column":33}},"line":20},"2":{"name":"(anonymous_2)","decl":{"start":{"line":27,"column":25},"end":{"line":27,"column":26}},"loc":{"start":{"line":27,"column":31},"end":{"line":30,"column":17}},"line":27}},"branchMap":{"0":{"loc":{"start":{"line":17,"column":11},"end":{"line":17,"column":67}},"type":"binary-expr","locations":[{"start":{"line":17,"column":11},"end":{"line":17,"column":18}},{"start":{"line":17,"column":22},"end":{"line":17,"column":67}}],"line":17},"1":{"loc":{"start":{"line":21,"column":21},"end":{"line":21,"column":46}},"type":"binary-expr","locations":[{"start":{"line":21,"column":21},"end":{"line":21,"column":31}},{"start":{"line":21,"column":35},"end":{"line":21,"column":46}}],"line":21},"2":{"loc":{"start":{"line":24,"column":18},"end":{"line":24,"column":76}},"type":"binary-expr","locations":[{"start":{"line":24,"column":18},"end":{"line":24,"column":48}},{"start":{"line":24,"column":52},"end":{"line":24,"column":76}}],"line":24},"3":{"loc":{"start":{"line":25,"column":18},"end":{"line":25,"column":66}},"type":"binary-expr","locations":[{"start":{"line":25,"column":18},"end":{"line":25,"column":43}},{"start":{"line":25,"column":47},"end":{"line":25,"column":66}}],"line":25},"4":{"loc":{"start":{"line":35,"column":20},"end":{"line":36,"column":50}},"type":"binary-expr","locations":[{"start":{"line":35,"column":20},"end":{"line":35,"column":50}},{"start":{"line":36,"column":22},"end":{"line":36,"column":50}}],"line":35},"5":{"loc":{"start":{"line":37,"column":20},"end":{"line":37,"column":72}},"type":"binary-expr","locations":[{"start":{"line":37,"column":20},"end":{"line":37,"column":45}},{"start":{"line":37,"column":49},"end":{"line":37,"column":72}}],"line":37}},"s":{"0":5,"1":9,"2":17,"3":1,"4":1,"5":5},"f":{"0":9,"1":17,"2":1},"b":{"0":[9,9],"1":[17,17],"2":[17,8],"3":[17,8],"4":[17,8],"5":[17,8]},"_coverageSchema":"1a1c01bbd47fc00a2c39e90264f33305004495a9","hash":"b3ceb8bb6123181cef503a7655f239eb80c44e5b"}
,"C:\\Users\\Sebastian\\Desktop\\Universidad\\Octavo Semestre\\ARSW\\WhereWe\\WhereWeFront\\WhereWe\\components\\GroupItem.jsx": {"path":"C:\\Users\\Sebastian\\Desktop\\Universidad\\Octavo Semestre\\ARSW\\WhereWe\\WhereWeFront\\WhereWe\\components\\GroupItem.jsx","statementMap":{"0":{"start":{"line":6,"column":18},"end":{"line":22,"column":1}},"1":{"start":{"line":7,"column":21},"end":{"line":7,"column":36}},"2":{"start":{"line":9,"column":2},"end":{"line":21,"column":4}},"3":{"start":{"line":15,"column":10},"end":{"line":15,"column":73}},"4":{"start":{"line":23,"column":0},"end":{"line":28,"column":2}}},"fnMap":{"0":{"name":"(anonymous_0)","decl":{"start":{"line":6,"column":18},"end":{"line":6,"column":19}},"loc":{"start":{"line":6,"column":33},"end":{"line":22,"column":1}},"line":6},"1":{"name":"(anonymous_1)","decl":{"start":{"line":14,"column":17},"end":{"line":14,"column":18}},"loc":{"start":{"line":15,"column":10},"end":{"line":15,"column":73}},"line":15}},"branchMap":{},"s":{"0":1,"1":2,"2":2,"3":1,"4":1},"f":{"0":2,"1":1},"b":{},"_coverageSchema":"1a1c01bbd47fc00a2c39e90264f33305004495a9","hash":"55633883262c0faf7087288865b2ca131370b83a"}
,"C:\\Users\\Sebastian\\Desktop\\Universidad\\Octavo Semestre\\ARSW\\WhereWe\\WhereWeFront\\WhereWe\\components\\UserItem.jsx": {"path":"C:\\Users\\Sebastian\\Desktop\\Universidad\\Octavo Semestre\\ARSW\\WhereWe\\WhereWeFront\\WhereWe\\components\\UserItem.jsx","statementMap":{"0":{"start":{"line":10,"column":17},"end":{"line":78,"column":1}},"1":{"start":{"line":11,"column":17},"end":{"line":11,"column":46}},"2":{"start":{"line":12,"column":46},"end":{"line":12,"column":61}},"3":{"start":{"line":14,"column":22},"end":{"line":28,"column":3}},"4":{"start":{"line":15,"column":4},"end":{"line":27,"column":5}},"5":{"start":{"line":16,"column":23},"end":{"line":19,"column":7}},"6":{"start":{"line":20,"column":6},"end":{"line":24,"column":7}},"7":{"start":{"line":21,"column":8},"end":{"line":21,"column":25}},"8":{"start":{"line":23,"column":8},"end":{"line":23,"column":48}},"9":{"start":{"line":26,"column":6},"end":{"line":26,"column":54}},"10":{"start":{"line":30,"column":23},"end":{"line":32,"column":3}},"11":{"start":{"line":31,"column":4},"end":{"line":31,"column":28}},"12":{"start":{"line":34,"column":2},"end":{"line":77,"column":4}},"13":{"start":{"line":65,"column":27},"end":{"line":65,"column":51}},"14":{"start":{"line":73,"column":23},"end":{"line":73,"column":47}},"15":{"start":{"line":80,"column":0},"end":{"line":89,"column":2}}},"fnMap":{"0":{"name":"(anonymous_0)","decl":{"start":{"line":10,"column":17},"end":{"line":10,"column":18}},"loc":{"start":{"line":10,"column":58},"end":{"line":78,"column":1}},"line":10},"1":{"name":"(anonymous_1)","decl":{"start":{"line":14,"column":22},"end":{"line":14,"column":23}},"loc":{"start":{"line":14,"column":34},"end":{"line":28,"column":3}},"line":14},"2":{"name":"(anonymous_2)","decl":{"start":{"line":30,"column":23},"end":{"line":30,"column":24}},"loc":{"start":{"line":30,"column":29},"end":{"line":32,"column":3}},"line":30},"3":{"name":"(anonymous_3)","decl":{"start":{"line":65,"column":21},"end":{"line":65,"column":22}},"loc":{"start":{"line":65,"column":27},"end":{"line":65,"column":51}},"line":65},"4":{"name":"(anonymous_4)","decl":{"start":{"line":73,"column":17},"end":{"line":73,"column":18}},"loc":{"start":{"line":73,"column":23},"end":{"line":73,"column":47}},"line":73}},"branchMap":{"0":{"loc":{"start":{"line":20,"column":6},"end":{"line":24,"column":7}},"type":"if","locations":[{"start":{"line":20,"column":6},"end":{"line":24,"column":7}},{"start":{"line":22,"column":13},"end":{"line":24,"column":7}}],"line":20},"1":{"loc":{"start":{"line":45,"column":9},"end":{"line":55,"column":9}},"type":"binary-expr","locations":[{"start":{"line":45,"column":9},"end":{"line":45,"column":16}},{"start":{"line":45,"column":20},"end":{"line":45,"column":34}},{"start":{"line":46,"column":10},"end":{"line":54,"column":12}}],"line":45}},"s":{"0":2,"1":8,"2":8,"3":8,"4":1,"5":1,"6":1,"7":1,"8":0,"9":0,"10":8,"11":2,"12":8,"13":0,"14":1,"15":2},"f":{"0":8,"1":1,"2":2,"3":0,"4":1},"b":{"0":[1,0],"1":[8,7,7]},"_coverageSchema":"1a1c01bbd47fc00a2c39e90264f33305004495a9","hash":"ecfc47a1503cffb94734fd174838dad648139c1b"}
,"C:\\Users\\Sebastian\\Desktop\\Universidad\\Octavo Semestre\\ARSW\\WhereWe\\WhereWeFront\\WhereWe\\graph\\GraphAuthProvider.js": {"path":"C:\\Users\\Sebastian\\Desktop\\Universidad\\Octavo Semestre\\ARSW\\WhereWe\\WhereWeFront\\WhereWe\\graph\\GraphAuthProvider.js","statementMap":{"0":{"start":{"line":6,"column":19},"end":{"line":9,"column":3}},"1":{"start":{"line":7,"column":18},"end":{"line":7,"column":62}},"2":{"start":{"line":8,"column":4},"end":{"line":8,"column":23}}},"fnMap":{"0":{"name":"(anonymous_0)","decl":{"start":{"line":6,"column":19},"end":{"line":6,"column":20}},"loc":{"start":{"line":6,"column":31},"end":{"line":9,"column":3}},"line":6}},"branchMap":{"0":{"loc":{"start":{"line":8,"column":11},"end":{"line":8,"column":22}},"type":"binary-expr","locations":[{"start":{"line":8,"column":11},"end":{"line":8,"column":16}},{"start":{"line":8,"column":20},"end":{"line":8,"column":22}}],"line":8}},"s":{"0":2,"1":0,"2":0},"f":{"0":0},"b":{"0":[0,0]},"_coverageSchema":"1a1c01bbd47fc00a2c39e90264f33305004495a9","hash":"7074c53bf08268fe852fc36e16c4f38b73d6c8b7"}
,"C:\\Users\\Sebastian\\Desktop\\Universidad\\Octavo Semestre\\ARSW\\WhereWe\\WhereWeFront\\WhereWe\\graph\\GraphManager.js": {"path":"C:\\Users\\Sebastian\\Desktop\\Universidad\\Octavo Semestre\\ARSW\\WhereWe\\WhereWeFront\\WhereWe\\graph\\GraphManager.js","statementMap":{"0":{"start":{"line":5,"column":22},"end":{"line":7,"column":1}},"1":{"start":{"line":9,"column":20},"end":{"line":9,"column":60}},"2":{"start":{"line":12,"column":24},"end":{"line":73,"column":3}},"3":{"start":{"line":13,"column":4},"end":{"line":72,"column":5}},"4":{"start":{"line":14,"column":19},"end":{"line":19,"column":14}},"5":{"start":{"line":22,"column":26},"end":{"line":28,"column":7}},"6":{"start":{"line":31,"column":6},"end":{"line":31,"column":65}},"7":{"start":{"line":33,"column":30},"end":{"line":33,"column":78}},"8":{"start":{"line":35,"column":27},"end":{"line":35,"column":66}},"9":{"start":{"line":36,"column":24},"end":{"line":36,"column":28}},"10":{"start":{"line":38,"column":6},"end":{"line":59,"column":7}},"11":{"start":{"line":39,"column":8},"end":{"line":39,"column":51}},"12":{"start":{"line":40,"column":32},"end":{"line":51,"column":9}},"13":{"start":{"line":52,"column":8},"end":{"line":54,"column":50}},"14":{"start":{"line":56,"column":8},"end":{"line":58,"column":10}},"15":{"start":{"line":61,"column":6},"end":{"line":68,"column":8}},"16":{"start":{"line":70,"column":6},"end":{"line":70,"column":50}},"17":{"start":{"line":71,"column":6},"end":{"line":71,"column":18}}},"fnMap":{"0":{"name":"(anonymous_0)","decl":{"start":{"line":12,"column":24},"end":{"line":12,"column":25}},"loc":{"start":{"line":12,"column":36},"end":{"line":73,"column":3}},"line":12}},"branchMap":{"0":{"loc":{"start":{"line":26,"column":19},"end":{"line":26,"column":54}},"type":"binary-expr","locations":[{"start":{"line":26,"column":19},"end":{"line":26,"column":28}},{"start":{"line":26,"column":32},"end":{"line":26,"column":54}}],"line":26},"1":{"loc":{"start":{"line":27,"column":22},"end":{"line":27,"column":61}},"type":"binary-expr","locations":[{"start":{"line":27,"column":22},"end":{"line":27,"column":52}},{"start":{"line":27,"column":56},"end":{"line":27,"column":61}}],"line":27},"2":{"loc":{"start":{"line":38,"column":6},"end":{"line":59,"column":7}},"type":"if","locations":[{"start":{"line":38,"column":6},"end":{"line":59,"column":7}},{"start":{"line":55,"column":13},"end":{"line":59,"column":7}}],"line":38},"3":{"loc":{"start":{"line":53,"column":10},"end":{"line":54,"column":49}},"type":"binary-expr","locations":[{"start":{"line":53,"column":10},"end":{"line":53,"column":53}},{"start":{"line":54,"column":10},"end":{"line":54,"column":49}}],"line":53},"4":{"loc":{"start":{"line":65,"column":19},"end":{"line":65,"column":54}},"type":"binary-expr","locations":[{"start":{"line":65,"column":19},"end":{"line":65,"column":28}},{"start":{"line":65,"column":32},"end":{"line":65,"column":54}}],"line":65},"5":{"loc":{"start":{"line":66,"column":22},"end":{"line":66,"column":61}},"type":"binary-expr","locations":[{"start":{"line":66,"column":22},"end":{"line":66,"column":52}},{"start":{"line":66,"column":56},"end":{"line":66,"column":61}}],"line":66}},"s":{"0":2,"1":2,"2":2,"3":0,"4":0,"5":0,"6":0,"7":0,"8":0,"9":0,"10":0,"11":0,"12":0,"13":0,"14":0,"15":0,"16":0,"17":0},"f":{"0":0},"b":{"0":[0,0],"1":[0,0],"2":[0,0],"3":[0,0],"4":[0,0],"5":[0,0]},"_coverageSchema":"1a1c01bbd47fc00a2c39e90264f33305004495a9","hash":"cc1c964a6b9c1d5ef9a6dd304d8642a5f3df3e41"}
,"C:\\Users\\Sebastian\\Desktop\\Universidad\\Octavo Semestre\\ARSW\\WhereWe\\WhereWeFront\\WhereWe\\location\\LocationSocket.js": {"path":"C:\\Users\\Sebastian\\Desktop\\Universidad\\Octavo Semestre\\ARSW\\WhereWe\\WhereWeFront\\WhereWe\\location\\LocationSocket.js","statementMap":{"0":{"start":{"line":7,"column":4},"end":{"line":7,"column":27}},"1":{"start":{"line":8,"column":4},"end":{"line":8,"column":28}},"2":{"start":{"line":9,"column":4},"end":{"line":9,"column":27}},"3":{"start":{"line":10,"column":4},"end":{"line":10,"column":37}},"4":{"start":{"line":11,"column":4},"end":{"line":11,"column":42}},"5":{"start":{"line":12,"column":4},"end":{"line":12,"column":48}},"6":{"start":{"line":13,"column":4},"end":{"line":13,"column":49}},"7":{"start":{"line":14,"column":4},"end":{"line":14,"column":35}},"8":{"start":{"line":15,"column":4},"end":{"line":15,"column":40}},"9":{"start":{"line":16,"column":4},"end":{"line":16,"column":38}},"10":{"start":{"line":17,"column":4},"end":{"line":17,"column":39}},"11":{"start":{"line":22,"column":4},"end":{"line":24,"column":5}},"12":{"start":{"line":23,"column":6},"end":{"line":23,"column":57}},"13":{"start":{"line":26,"column":24},"end":{"line":26,"column":63}},"14":{"start":{"line":27,"column":4},"end":{"line":29,"column":5}},"15":{"start":{"line":28,"column":6},"end":{"line":28,"column":64}},"16":{"start":{"line":30,"column":4},"end":{"line":30,"column":23}},"17":{"start":{"line":35,"column":4},"end":{"line":48,"column":6}},"18":{"start":{"line":38,"column":8},"end":{"line":46,"column":9}},"19":{"start":{"line":39,"column":31},"end":{"line":39,"column":55}},"20":{"start":{"line":40,"column":10},"end":{"line":40,"column":58}},"21":{"start":{"line":41,"column":10},"end":{"line":43,"column":11}},"22":{"start":{"line":42,"column":12},"end":{"line":42,"column":50}},"23":{"start":{"line":45,"column":10},"end":{"line":45,"column":63}},"24":{"start":{"line":53,"column":4},"end":{"line":64,"column":6}},"25":{"start":{"line":54,"column":6},"end":{"line":58,"column":9}},"26":{"start":{"line":59,"column":6},"end":{"line":63,"column":8}},"27":{"start":{"line":69,"column":4},"end":{"line":69,"column":52}},"28":{"start":{"line":70,"column":4},"end":{"line":70,"column":66}},"29":{"start":{"line":71,"column":4},"end":{"line":71,"column":27}},"30":{"start":{"line":72,"column":4},"end":{"line":77,"column":5}},"31":{"start":{"line":73,"column":6},"end":{"line":73,"column":63}},"32":{"start":{"line":74,"column":6},"end":{"line":74,"column":55}},"33":{"start":{"line":74,"column":23},"end":{"line":74,"column":47}},"34":{"start":{"line":76,"column":6},"end":{"line":76,"column":18}},"35":{"start":{"line":81,"column":23},"end":{"line":113,"column":5}},"36":{"start":{"line":82,"column":6},"end":{"line":112,"column":7}},"37":{"start":{"line":83,"column":28},"end":{"line":83,"column":63}},"38":{"start":{"line":85,"column":23},"end":{"line":87,"column":9}},"39":{"start":{"line":88,"column":8},"end":{"line":88,"column":46}},"40":{"start":{"line":91,"column":8},"end":{"line":93,"column":10}},"41":{"start":{"line":92,"column":10},"end":{"line":92,"column":43}},"42":{"start":{"line":95,"column":8},"end":{"line":108,"column":11}},"43":{"start":{"line":96,"column":10},"end":{"line":96,"column":67}},"44":{"start":{"line":98,"column":10},"end":{"line":107,"column":12}},"45":{"start":{"line":101,"column":14},"end":{"line":101,"column":55}},"46":{"start":{"line":102,"column":14},"end":{"line":102,"column":36}},"47":{"start":{"line":103,"column":14},"end":{"line":103,"column":41}},"48":{"start":{"line":104,"column":14},"end":{"line":104,"column":24}},"49":{"start":{"line":106,"column":23},"end":{"line":106,"column":78}},"50":{"start":{"line":110,"column":8},"end":{"line":110,"column":67}},"51":{"start":{"line":111,"column":8},"end":{"line":111,"column":20}},"52":{"start":{"line":115,"column":4},"end":{"line":115,"column":24}},"53":{"start":{"line":119,"column":4},"end":{"line":122,"column":5}},"54":{"start":{"line":120,"column":6},"end":{"line":120,"column":53}},"55":{"start":{"line":121,"column":6},"end":{"line":121,"column":19}},"56":{"start":{"line":124,"column":4},"end":{"line":131,"column":5}},"57":{"start":{"line":125,"column":6},"end":{"line":125,"column":79}},"58":{"start":{"line":126,"column":6},"end":{"line":126,"column":50}},"59":{"start":{"line":127,"column":6},"end":{"line":127,"column":18}},"60":{"start":{"line":129,"column":6},"end":{"line":129,"column":54}},"61":{"start":{"line":130,"column":6},"end":{"line":130,"column":19}},"62":{"start":{"line":135,"column":4},"end":{"line":135,"column":39}},"63":{"start":{"line":139,"column":4},"end":{"line":142,"column":5}},"64":{"start":{"line":140,"column":6},"end":{"line":140,"column":53}},"65":{"start":{"line":141,"column":6},"end":{"line":141,"column":19}},"66":{"start":{"line":144,"column":4},"end":{"line":155,"column":5}},"67":{"start":{"line":145,"column":6},"end":{"line":149,"column":8}},"68":{"start":{"line":150,"column":6},"end":{"line":150,"column":53}},"69":{"start":{"line":151,"column":6},"end":{"line":151,"column":18}},"70":{"start":{"line":153,"column":6},"end":{"line":153,"column":60}},"71":{"start":{"line":154,"column":6},"end":{"line":154,"column":19}},"72":{"start":{"line":159,"column":4},"end":{"line":162,"column":5}},"73":{"start":{"line":160,"column":6},"end":{"line":160,"column":53}},"74":{"start":{"line":161,"column":6},"end":{"line":161,"column":19}},"75":{"start":{"line":164,"column":4},"end":{"line":175,"column":5}},"76":{"start":{"line":165,"column":6},"end":{"line":169,"column":8}},"77":{"start":{"line":170,"column":6},"end":{"line":170,"column":58}},"78":{"start":{"line":171,"column":6},"end":{"line":171,"column":18}},"79":{"start":{"line":173,"column":6},"end":{"line":173,"column":65}},"80":{"start":{"line":174,"column":6},"end":{"line":174,"column":19}},"81":{"start":{"line":179,"column":4},"end":{"line":182,"column":5}},"82":{"start":{"line":180,"column":6},"end":{"line":180,"column":53}},"83":{"start":{"line":181,"column":6},"end":{"line":181,"column":19}},"84":{"start":{"line":184,"column":4},"end":{"line":195,"column":5}},"85":{"start":{"line":185,"column":6},"end":{"line":189,"column":8}},"86":{"start":{"line":190,"column":6},"end":{"line":190,"column":60}},"87":{"start":{"line":191,"column":6},"end":{"line":191,"column":18}},"88":{"start":{"line":193,"column":6},"end":{"line":193,"column":67}},"89":{"start":{"line":194,"column":6},"end":{"line":194,"column":19}},"90":{"start":{"line":199,"column":4},"end":{"line":202,"column":5}},"91":{"start":{"line":200,"column":6},"end":{"line":200,"column":53}},"92":{"start":{"line":201,"column":6},"end":{"line":201,"column":13}},"93":{"start":{"line":204,"column":4},"end":{"line":215,"column":6}},"94":{"start":{"line":207,"column":8},"end":{"line":213,"column":9}},"95":{"start":{"line":208,"column":28},"end":{"line":208,"column":52}},"96":{"start":{"line":209,"column":10},"end":{"line":209,"column":61}},"97":{"start":{"line":210,"column":10},"end":{"line":210,"column":44}},"98":{"start":{"line":210,"column":24},"end":{"line":210,"column":44}},"99":{"start":{"line":212,"column":10},"end":{"line":212,"column":69}},"100":{"start":{"line":217,"column":4},"end":{"line":228,"column":6}},"101":{"start":{"line":220,"column":8},"end":{"line":226,"column":9}},"102":{"start":{"line":221,"column":28},"end":{"line":221,"column":52}},"103":{"start":{"line":222,"column":10},"end":{"line":222,"column":59}},"104":{"start":{"line":223,"column":10},"end":{"line":223,"column":80}},"105":{"start":{"line":223,"column":42},"end":{"line":223,"column":80}},"106":{"start":{"line":225,"column":10},"end":{"line":225,"column":76}},"107":{"start":{"line":230,"column":4},"end":{"line":242,"column":6}},"108":{"start":{"line":233,"column":8},"end":{"line":240,"column":9}},"109":{"start":{"line":234,"column":28},"end":{"line":234,"column":52}},"110":{"start":{"line":235,"column":10},"end":{"line":235,"column":60}},"111":{"start":{"line":236,"column":10},"end":{"line":237,"column":51}},"112":{"start":{"line":237,"column":12},"end":{"line":237,"column":51}},"113":{"start":{"line":239,"column":10},"end":{"line":239,"column":77}},"114":{"start":{"line":246,"column":4},"end":{"line":246,"column":42}},"115":{"start":{"line":250,"column":4},"end":{"line":250,"column":43}},"116":{"start":{"line":254,"column":4},"end":{"line":256,"column":5}},"117":{"start":{"line":255,"column":6},"end":{"line":255,"column":46}},"118":{"start":{"line":257,"column":4},"end":{"line":259,"column":5}},"119":{"start":{"line":258,"column":6},"end":{"line":258,"column":51}},"120":{"start":{"line":260,"column":4},"end":{"line":262,"column":5}},"121":{"start":{"line":261,"column":6},"end":{"line":261,"column":57}},"122":{"start":{"line":263,"column":4},"end":{"line":265,"column":5}},"123":{"start":{"line":264,"column":6},"end":{"line":264,"column":58}},"124":{"start":{"line":267,"column":4},"end":{"line":271,"column":5}},"125":{"start":{"line":268,"column":6},"end":{"line":268,"column":36}},"126":{"start":{"line":269,"column":6},"end":{"line":269,"column":29}},"127":{"start":{"line":270,"column":6},"end":{"line":270,"column":52}}},"fnMap":{"0":{"name":"(anonymous_0)","decl":{"start":{"line":6,"column":2},"end":{"line":6,"column":3}},"loc":{"start":{"line":6,"column":23},"end":{"line":18,"column":3}},"line":6},"1":{"name":"(anonymous_1)","decl":{"start":{"line":21,"column":2},"end":{"line":21,"column":3}},"loc":{"start":{"line":21,"column":33},"end":{"line":31,"column":3}},"line":21},"2":{"name":"(anonymous_2)","decl":{"start":{"line":34,"column":2},"end":{"line":34,"column":3}},"loc":{"start":{"line":34,"column":24},"end":{"line":49,"column":3}},"line":34},"3":{"name":"(anonymous_3)","decl":{"start":{"line":37,"column":6},"end":{"line":37,"column":7}},"loc":{"start":{"line":37,"column":19},"end":{"line":47,"column":7}},"line":37},"4":{"name":"(anonymous_4)","decl":{"start":{"line":52,"column":2},"end":{"line":52,"column":3}},"loc":{"start":{"line":52,"column":37},"end":{"line":65,"column":3}},"line":52},"5":{"name":"(anonymous_5)","decl":{"start":{"line":53,"column":11},"end":{"line":53,"column":12}},"loc":{"start":{"line":53,"column":22},"end":{"line":64,"column":5}},"line":53},"6":{"name":"(anonymous_6)","decl":{"start":{"line":68,"column":2},"end":{"line":68,"column":3}},"loc":{"start":{"line":68,"column":53},"end":{"line":78,"column":3}},"line":68},"7":{"name":"(anonymous_7)","decl":{"start":{"line":74,"column":17},"end":{"line":74,"column":18}},"loc":{"start":{"line":74,"column":23},"end":{"line":74,"column":47}},"line":74},"8":{"name":"(anonymous_8)","decl":{"start":{"line":80,"column":2},"end":{"line":80,"column":3}},"loc":{"start":{"line":80,"column":18},"end":{"line":116,"column":3}},"line":80},"9":{"name":"(anonymous_9)","decl":{"start":{"line":81,"column":23},"end":{"line":81,"column":24}},"loc":{"start":{"line":81,"column":47},"end":{"line":113,"column":5}},"line":81},"10":{"name":"(anonymous_10)","decl":{"start":{"line":91,"column":33},"end":{"line":91,"column":34}},"loc":{"start":{"line":91,"column":42},"end":{"line":93,"column":9}},"line":91},"11":{"name":"(anonymous_11)","decl":{"start":{"line":95,"column":27},"end":{"line":95,"column":28}},"loc":{"start":{"line":95,"column":48},"end":{"line":108,"column":9}},"line":95},"12":{"name":"(anonymous_12)","decl":{"start":{"line":100,"column":12},"end":{"line":100,"column":13}},"loc":{"start":{"line":100,"column":18},"end":{"line":105,"column":13}},"line":100},"13":{"name":"(anonymous_13)","decl":{"start":{"line":106,"column":12},"end":{"line":106,"column":13}},"loc":{"start":{"line":106,"column":23},"end":{"line":106,"column":78}},"line":106},"14":{"name":"(anonymous_14)","decl":{"start":{"line":118,"column":2},"end":{"line":118,"column":3}},"loc":{"start":{"line":118,"column":29},"end":{"line":132,"column":3}},"line":118},"15":{"name":"(anonymous_15)","decl":{"start":{"line":134,"column":2},"end":{"line":134,"column":3}},"loc":{"start":{"line":134,"column":32},"end":{"line":136,"column":3}},"line":134},"16":{"name":"(anonymous_16)","decl":{"start":{"line":138,"column":2},"end":{"line":138,"column":3}},"loc":{"start":{"line":138,"column":31},"end":{"line":156,"column":3}},"line":138},"17":{"name":"(anonymous_17)","decl":{"start":{"line":158,"column":2},"end":{"line":158,"column":3}},"loc":{"start":{"line":158,"column":35},"end":{"line":176,"column":3}},"line":158},"18":{"name":"(anonymous_18)","decl":{"start":{"line":178,"column":2},"end":{"line":178,"column":3}},"loc":{"start":{"line":178,"column":37},"end":{"line":196,"column":3}},"line":178},"19":{"name":"(anonymous_19)","decl":{"start":{"line":198,"column":2},"end":{"line":198,"column":3}},"loc":{"start":{"line":198,"column":38},"end":{"line":243,"column":3}},"line":198},"20":{"name":"(anonymous_20)","decl":{"start":{"line":206,"column":6},"end":{"line":206,"column":7}},"loc":{"start":{"line":206,"column":19},"end":{"line":214,"column":7}},"line":206},"21":{"name":"(anonymous_21)","decl":{"start":{"line":219,"column":6},"end":{"line":219,"column":7}},"loc":{"start":{"line":219,"column":19},"end":{"line":227,"column":7}},"line":219},"22":{"name":"(anonymous_22)","decl":{"start":{"line":232,"column":6},"end":{"line":232,"column":7}},"loc":{"start":{"line":232,"column":19},"end":{"line":241,"column":7}},"line":232},"23":{"name":"(anonymous_23)","decl":{"start":{"line":245,"column":2},"end":{"line":245,"column":3}},"loc":{"start":{"line":245,"column":43},"end":{"line":247,"column":3}},"line":245},"24":{"name":"(anonymous_24)","decl":{"start":{"line":249,"column":2},"end":{"line":249,"column":3}},"loc":{"start":{"line":249,"column":44},"end":{"line":251,"column":3}},"line":249},"25":{"name":"(anonymous_25)","decl":{"start":{"line":253,"column":2},"end":{"line":253,"column":3}},"loc":{"start":{"line":253,"column":15},"end":{"line":272,"column":3}},"line":253}},"branchMap":{"0":{"loc":{"start":{"line":22,"column":4},"end":{"line":24,"column":5}},"type":"if","locations":[{"start":{"line":22,"column":4},"end":{"line":24,"column":5}},{"start":{},"end":{}}],"line":22},"1":{"loc":{"start":{"line":27,"column":4},"end":{"line":29,"column":5}},"type":"if","locations":[{"start":{"line":27,"column":4},"end":{"line":29,"column":5}},{"start":{},"end":{}}],"line":27},"2":{"loc":{"start":{"line":41,"column":10},"end":{"line":43,"column":11}},"type":"if","locations":[{"start":{"line":41,"column":10},"end":{"line":43,"column":11}},{"start":{},"end":{}}],"line":41},"3":{"loc":{"start":{"line":72,"column":4},"end":{"line":77,"column":5}},"type":"if","locations":[{"start":{"line":72,"column":4},"end":{"line":77,"column":5}},{"start":{"line":75,"column":11},"end":{"line":77,"column":5}}],"line":72},"4":{"loc":{"start":{"line":81,"column":30},"end":{"line":81,"column":42}},"type":"default-arg","locations":[{"start":{"line":81,"column":41},"end":{"line":81,"column":42}}],"line":81},"5":{"loc":{"start":{"line":119,"column":4},"end":{"line":122,"column":5}},"type":"if","locations":[{"start":{"line":119,"column":4},"end":{"line":122,"column":5}},{"start":{},"end":{}}],"line":119},"6":{"loc":{"start":{"line":119,"column":8},"end":{"line":119,"column":44}},"type":"binary-expr","locations":[{"start":{"line":119,"column":8},"end":{"line":119,"column":23}},{"start":{"line":119,"column":27},"end":{"line":119,"column":44}}],"line":119},"7":{"loc":{"start":{"line":139,"column":4},"end":{"line":142,"column":5}},"type":"if","locations":[{"start":{"line":139,"column":4},"end":{"line":142,"column":5}},{"start":{},"end":{}}],"line":139},"8":{"loc":{"start":{"line":139,"column":8},"end":{"line":139,"column":44}},"type":"binary-expr","locations":[{"start":{"line":139,"column":8},"end":{"line":139,"column":23}},{"start":{"line":139,"column":27},"end":{"line":139,"column":44}}],"line":139},"9":{"loc":{"start":{"line":159,"column":4},"end":{"line":162,"column":5}},"type":"if","locations":[{"start":{"line":159,"column":4},"end":{"line":162,"column":5}},{"start":{},"end":{}}],"line":159},"10":{"loc":{"start":{"line":159,"column":8},"end":{"line":159,"column":44}},"type":"binary-expr","locations":[{"start":{"line":159,"column":8},"end":{"line":159,"column":23}},{"start":{"line":159,"column":27},"end":{"line":159,"column":44}}],"line":159},"11":{"loc":{"start":{"line":179,"column":4},"end":{"line":182,"column":5}},"type":"if","locations":[{"start":{"line":179,"column":4},"end":{"line":182,"column":5}},{"start":{},"end":{}}],"line":179},"12":{"loc":{"start":{"line":179,"column":8},"end":{"line":179,"column":44}},"type":"binary-expr","locations":[{"start":{"line":179,"column":8},"end":{"line":179,"column":23}},{"start":{"line":179,"column":27},"end":{"line":179,"column":44}}],"line":179},"13":{"loc":{"start":{"line":199,"column":4},"end":{"line":202,"column":5}},"type":"if","locations":[{"start":{"line":199,"column":4},"end":{"line":202,"column":5}},{"start":{},"end":{}}],"line":199},"14":{"loc":{"start":{"line":199,"column":8},"end":{"line":199,"column":44}},"type":"binary-expr","locations":[{"start":{"line":199,"column":8},"end":{"line":199,"column":23}},{"start":{"line":199,"column":27},"end":{"line":199,"column":44}}],"line":199},"15":{"loc":{"start":{"line":210,"column":10},"end":{"line":210,"column":44}},"type":"if","locations":[{"start":{"line":210,"column":10},"end":{"line":210,"column":44}},{"start":{},"end":{}}],"line":210},"16":{"loc":{"start":{"line":223,"column":10},"end":{"line":223,"column":80}},"type":"if","locations":[{"start":{"line":223,"column":10},"end":{"line":223,"column":80}},{"start":{},"end":{}}],"line":223},"17":{"loc":{"start":{"line":236,"column":10},"end":{"line":237,"column":51}},"type":"if","locations":[{"start":{"line":236,"column":10},"end":{"line":237,"column":51}},{"start":{},"end":{}}],"line":236},"18":{"loc":{"start":{"line":254,"column":4},"end":{"line":256,"column":5}},"type":"if","locations":[{"start":{"line":254,"column":4},"end":{"line":256,"column":5}},{"start":{},"end":{}}],"line":254},"19":{"loc":{"start":{"line":257,"column":4},"end":{"line":259,"column":5}},"type":"if","locations":[{"start":{"line":257,"column":4},"end":{"line":259,"column":5}},{"start":{},"end":{}}],"line":257},"20":{"loc":{"start":{"line":260,"column":4},"end":{"line":262,"column":5}},"type":"if","locations":[{"start":{"line":260,"column":4},"end":{"line":262,"column":5}},{"start":{},"end":{}}],"line":260},"21":{"loc":{"start":{"line":263,"column":4},"end":{"line":265,"column":5}},"type":"if","locations":[{"start":{"line":263,"column":4},"end":{"line":265,"column":5}},{"start":{},"end":{}}],"line":263},"22":{"loc":{"start":{"line":267,"column":4},"end":{"line":271,"column":5}},"type":"if","locations":[{"start":{"line":267,"column":4},"end":{"line":271,"column":5}},{"start":{},"end":{}}],"line":267},"23":{"loc":{"start":{"line":267,"column":8},"end":{"line":267,"column":42}},"type":"binary-expr","locations":[{"start":{"line":267,"column":8},"end":{"line":267,"column":24}},{"start":{"line":267,"column":28},"end":{"line":267,"column":42}}],"line":267}},"s":{"0":10,"1":10,"2":10,"3":10,"4":10,"5":10,"6":10,"7":10,"8":10,"9":10,"10":10,"11":4,"12":0,"13":4,"14":4,"15":0,"16":4,"17":4,"18":0,"19":0,"20":0,"21":0,"22":0,"23":0,"24":4,"25":0,"26":0,"27":0,"28":0,"29":0,"30":0,"31":0,"32":0,"33":0,"34":0,"35":4,"36":4,"37":4,"38":4,"39":4,"40":4,"41":0,"42":4,"43":4,"44":4,"45":4,"46":4,"47":4,"48":4,"49":0,"50":0,"51":0,"52":4,"53":2,"54":1,"55":1,"56":1,"57":1,"58":1,"59":1,"60":0,"61":0,"62":1,"63":1,"64":0,"65":0,"66":1,"67":1,"68":1,"69":1,"70":0,"71":0,"72":0,"73":0,"74":0,"75":0,"76":0,"77":0,"78":0,"79":0,"80":0,"81":0,"82":0,"83":0,"84":0,"85":0,"86":0,"87":0,"88":0,"89":0,"90":0,"91":0,"92":0,"93":0,"94":0,"95":0,"96":0,"97":0,"98":0,"99":0,"100":0,"101":0,"102":0,"103":0,"104":0,"105":0,"106":0,"107":0,"108":0,"109":0,"110":0,"111":0,"112":0,"113":0,"114":1,"115":1,"116":1,"117":1,"118":1,"119":0,"120":1,"121":0,"122":1,"123":0,"124":1,"125":1,"126":1,"127":1},"f":{"0":10,"1":4,"2":4,"3":0,"4":4,"5":0,"6":0,"7":0,"8":4,"9":4,"10":0,"11":4,"12":4,"13":0,"14":2,"15":1,"16":1,"17":0,"18":0,"19":0,"20":0,"21":0,"22":0,"23":1,"24":1,"25":1},"b":{"0":[0,4],"1":[0,4],"2":[0,0],"3":[0,0],"4":[4],"5":[1,1],"6":[2,1],"7":[0,1],"8":[1,1],"9":[0,0],"10":[0,0],"11":[0,0],"12":[0,0],"13":[0,0],"14":[0,0],"15":[0,0],"16":[0,0],"17":[0,0],"18":[1,0],"19":[0,1],"20":[0,1],"21":[0,1],"22":[1,0],"23":[1,1]},"_coverageSchema":"1a1c01bbd47fc00a2c39e90264f33305004495a9","hash":"e9cd10d5270cac9f3848385b132bb93c91eeb65c"}
,"C:\\Users\\Sebastian\\Desktop\\Universidad\\Octavo Semestre\\ARSW\\WhereWe\\WhereWeFront\\WhereWe\\menus\\CustomDrawerContent.jsx": {"path":"C:\\Users\\Sebastian\\Desktop\\Universidad\\Octavo Semestre\\ARSW\\WhereWe\\WhereWeFront\\WhereWe\\menus\\CustomDrawerContent.jsx","statementMap":{"0":{"start":{"line":14,"column":22},"end":{"line":14,"column":45}},"1":{"start":{"line":16,"column":2},"end":{"line":40,"column":4}},"2":{"start":{"line":43,"column":0},"end":{"line":45,"column":2}}},"fnMap":{"0":{"name":"CustomDrawerContent","decl":{"start":{"line":13,"column":9},"end":{"line":13,"column":28}},"loc":{"start":{"line":13,"column":52},"end":{"line":41,"column":1}},"line":13}},"branchMap":{"0":{"loc":{"start":{"line":21,"column":12},"end":{"line":21,"column":77}},"type":"binary-expr","locations":[{"start":{"line":21,"column":12},"end":{"line":21,"column":34}},{"start":{"line":21,"column":38},"end":{"line":21,"column":77}}],"line":21},"1":{"loc":{"start":{"line":27,"column":11},"end":{"line":27,"column":49}},"type":"binary-expr","locations":[{"start":{"line":27,"column":11},"end":{"line":27,"column":36}},{"start":{"line":27,"column":40},"end":{"line":27,"column":49}}],"line":27},"2":{"loc":{"start":{"line":30,"column":11},"end":{"line":30,"column":59}},"type":"binary-expr","locations":[{"start":{"line":30,"column":11},"end":{"line":30,"column":33}},{"start":{"line":30,"column":37},"end":{"line":30,"column":59}}],"line":30}},"s":{"0":2,"1":2,"2":1},"f":{"0":2},"b":{"0":[2,2],"1":[2,0],"2":[2,0]},"_coverageSchema":"1a1c01bbd47fc00a2c39e90264f33305004495a9","hash":"4d3cfda19df57cc888f27d7fe5fa39143e3c929b"}
,"C:\\Users\\Sebastian\\Desktop\\Universidad\\Octavo Semestre\\ARSW\\WhereWe\\WhereWeFront\\WhereWe\\menus\\DrawerMenu.jsx": {"path":"C:\\Users\\Sebastian\\Desktop\\Universidad\\Octavo Semestre\\ARSW\\WhereWe\\WhereWeFront\\WhereWe\\menus\\DrawerMenu.jsx","statementMap":{"0":{"start":{"line":9,"column":15},"end":{"line":9,"column":38}},"1":{"start":{"line":12,"column":22},"end":{"line":12,"column":45}},"2":{"start":{"line":15,"column":30},"end":{"line":18,"column":3}},"3":{"start":{"line":16,"column":15},"end":{"line":16,"column":79}},"4":{"start":{"line":20,"column":2},"end":{"line":51,"column":4}}},"fnMap":{"0":{"name":"DrawerMenuContent","decl":{"start":{"line":11,"column":24},"end":{"line":11,"column":41}},"loc":{"start":{"line":11,"column":44},"end":{"line":52,"column":1}},"line":11},"1":{"name":"(anonymous_1)","decl":{"start":{"line":16,"column":4},"end":{"line":16,"column":5}},"loc":{"start":{"line":16,"column":15},"end":{"line":16,"column":79}},"line":16}},"branchMap":{},"s":{"0":1,"1":3,"2":3,"3":3,"4":3},"f":{"0":3,"1":3},"b":{},"_coverageSchema":"1a1c01bbd47fc00a2c39e90264f33305004495a9","hash":"5a8a558947cb039151c1b05da90c0bfaba36f429"}
,"C:\\Users\\Sebastian\\Desktop\\Universidad\\Octavo Semestre\\ARSW\\WhereWe\\WhereWeFront\\WhereWe\\screens\\AuthLoadingScreen.jsx": {"path":"C:\\Users\\Sebastian\\Desktop\\Universidad\\Octavo Semestre\\ARSW\\WhereWe\\WhereWeFront\\WhereWe\\screens\\AuthLoadingScreen.jsx","statementMap":{"0":{"start":{"line":12,"column":26},"end":{"line":43,"column":1}},"1":{"start":{"line":13,"column":19},"end":{"line":13,"column":62}},"2":{"start":{"line":15,"column":2},"end":{"line":21,"column":17}},"3":{"start":{"line":16,"column":4},"end":{"line":20,"column":15}},"4":{"start":{"line":23,"column":2},"end":{"line":42,"column":4}}},"fnMap":{"0":{"name":"(anonymous_0)","decl":{"start":{"line":12,"column":26},"end":{"line":12,"column":27}},"loc":{"start":{"line":12,"column":32},"end":{"line":43,"column":1}},"line":12},"1":{"name":"(anonymous_1)","decl":{"start":{"line":15,"column":18},"end":{"line":15,"column":19}},"loc":{"start":{"line":15,"column":24},"end":{"line":21,"column":3}},"line":15}},"branchMap":{"0":{"loc":{"start":{"line":35,"column":17},"end":{"line":35,"column":63}},"type":"cond-expr","locations":[{"start":{"line":35,"column":45},"end":{"line":35,"column":54}},{"start":{"line":35,"column":57},"end":{"line":35,"column":63}}],"line":35}},"s":{"0":1,"1":0,"2":0,"3":0,"4":0},"f":{"0":0,"1":0},"b":{"0":[0,0]},"_coverageSchema":"1a1c01bbd47fc00a2c39e90264f33305004495a9","hash":"cc19323a60e73a19f78a8f02609de6d8d4203d96"}
,"C:\\Users\\Sebastian\\Desktop\\Universidad\\Octavo Semestre\\ARSW\\WhereWe\\WhereWeFront\\WhereWe\\screens\\EditProfileScreen.jsx": {"path":"C:\\Users\\Sebastian\\Desktop\\Universidad\\Octavo Semestre\\ARSW\\WhereWe\\WhereWeFront\\WhereWe\\screens\\EditProfileScreen.jsx","statementMap":{"0":{"start":{"line":10,"column":26},"end":{"line":98,"column":1}},"1":{"start":{"line":11,"column":22},"end":{"line":11,"column":45}},"2":{"start":{"line":12,"column":22},"end":{"line":12,"column":45}},"3":{"start":{"line":14,"column":42},"end":{"line":14,"column":57}},"4":{"start":{"line":15,"column":40},"end":{"line":19,"column":4}},"5":{"start":{"line":21,"column":26},"end":{"line":27,"column":3}},"6":{"start":{"line":22,"column":4},"end":{"line":22,"column":27}},"7":{"start":{"line":23,"column":4},"end":{"line":26,"column":12}},"8":{"start":{"line":24,"column":6},"end":{"line":24,"column":50}},"9":{"start":{"line":25,"column":6},"end":{"line":25,"column":28}},"10":{"start":{"line":29,"column":30},"end":{"line":67,"column":3}},"11":{"start":{"line":30,"column":4},"end":{"line":66,"column":6}},"12":{"start":{"line":43,"column":12},"end":{"line":62,"column":13}},"13":{"start":{"line":45,"column":14},"end":{"line":48,"column":16}},"14":{"start":{"line":50,"column":14},"end":{"line":53,"column":16}},"15":{"start":{"line":55,"column":14},"end":{"line":55,"column":24}},"16":{"start":{"line":57,"column":14},"end":{"line":57,"column":62}},"17":{"start":{"line":58,"column":14},"end":{"line":61,"column":16}},"18":{"start":{"line":69,"column":35},"end":{"line":71,"column":3}},"19":{"start":{"line":70,"column":4},"end":{"line":70,"column":50}},"20":{"start":{"line":73,"column":2},"end":{"line":97,"column":4}},"21":{"start":{"line":94,"column":23},"end":{"line":94,"column":45}},"22":{"start":{"line":99,"column":0},"end":{"line":101,"column":2}}},"fnMap":{"0":{"name":"(anonymous_0)","decl":{"start":{"line":10,"column":26},"end":{"line":10,"column":27}},"loc":{"start":{"line":10,"column":46},"end":{"line":98,"column":1}},"line":10},"1":{"name":"(anonymous_1)","decl":{"start":{"line":21,"column":26},"end":{"line":21,"column":27}},"loc":{"start":{"line":21,"column":55},"end":{"line":27,"column":3}},"line":21},"2":{"name":"(anonymous_2)","decl":{"start":{"line":23,"column":15},"end":{"line":23,"column":16}},"loc":{"start":{"line":23,"column":21},"end":{"line":26,"column":5}},"line":23},"3":{"name":"(anonymous_3)","decl":{"start":{"line":29,"column":30},"end":{"line":29,"column":31}},"loc":{"start":{"line":29,"column":36},"end":{"line":67,"column":3}},"line":29},"4":{"name":"(anonymous_4)","decl":{"start":{"line":37,"column":19},"end":{"line":37,"column":20}},"loc":{"start":{"line":37,"column":25},"end":{"line":37,"column":27}},"line":37},"5":{"name":"(anonymous_5)","decl":{"start":{"line":42,"column":19},"end":{"line":42,"column":20}},"loc":{"start":{"line":42,"column":31},"end":{"line":63,"column":11}},"line":42},"6":{"name":"(anonymous_6)","decl":{"start":{"line":69,"column":35},"end":{"line":69,"column":36}},"loc":{"start":{"line":69,"column":41},"end":{"line":71,"column":3}},"line":69},"7":{"name":"(anonymous_7)","decl":{"start":{"line":94,"column":17},"end":{"line":94,"column":18}},"loc":{"start":{"line":94,"column":23},"end":{"line":94,"column":45}},"line":94}},"branchMap":{},"s":{"0":1,"1":0,"2":0,"3":0,"4":0,"5":0,"6":0,"7":0,"8":0,"9":0,"10":0,"11":0,"12":0,"13":0,"14":0,"15":0,"16":0,"17":0,"18":0,"19":0,"20":0,"21":0,"22":1},"f":{"0":0,"1":0,"2":0,"3":0,"4":0,"5":0,"6":0,"7":0},"b":{},"_coverageSchema":"1a1c01bbd47fc00a2c39e90264f33305004495a9","hash":"ef180a634b83dae8b20cc0416908c09b04374ed3"}
,"C:\\Users\\Sebastian\\Desktop\\Universidad\\Octavo Semestre\\ARSW\\WhereWe\\WhereWeFront\\WhereWe\\screens\\GroupDetailScreen.jsx": {"path":"C:\\Users\\Sebastian\\Desktop\\Universidad\\Octavo Semestre\\ARSW\\WhereWe\\WhereWeFront\\WhereWe\\screens\\GroupDetailScreen.jsx","statementMap":{"0":{"start":{"line":13,"column":33},"end":{"line":265,"column":1}},"1":{"start":{"line":14,"column":21},"end":{"line":14,"column":36}},"2":{"start":{"line":15,"column":22},"end":{"line":15,"column":34}},"3":{"start":{"line":16,"column":17},"end":{"line":16,"column":40}},"4":{"start":{"line":17,"column":42},"end":{"line":17,"column":56}},"5":{"start":{"line":18,"column":46},"end":{"line":18,"column":58}},"6":{"start":{"line":19,"column":32},"end":{"line":19,"column":46}},"7":{"start":{"line":20,"column":36},"end":{"line":20,"column":48}},"8":{"start":{"line":21,"column":46},"end":{"line":21,"column":60}},"9":{"start":{"line":22,"column":46},"end":{"line":22,"column":61}},"10":{"start":{"line":23,"column":56},"end":{"line":26,"column":4}},"11":{"start":{"line":29,"column":28},"end":{"line":40,"column":3}},"12":{"start":{"line":30,"column":4},"end":{"line":39,"column":5}},"13":{"start":{"line":31,"column":28},"end":{"line":31,"column":78}},"14":{"start":{"line":32,"column":24},"end":{"line":32,"column":50}},"15":{"start":{"line":33,"column":6},"end":{"line":33,"column":33}},"16":{"start":{"line":34,"column":6},"end":{"line":34,"column":58}},"17":{"start":{"line":36,"column":6},"end":{"line":36,"column":27}},"18":{"start":{"line":38,"column":6},"end":{"line":38,"column":24}},"19":{"start":{"line":42,"column":2},"end":{"line":44,"column":16}},"20":{"start":{"line":43,"column":4},"end":{"line":43,"column":24}},"21":{"start":{"line":47,"column":2},"end":{"line":54,"column":21}},"22":{"start":{"line":48,"column":21},"end":{"line":52,"column":14}},"23":{"start":{"line":49,"column":6},"end":{"line":51,"column":7}},"24":{"start":{"line":50,"column":8},"end":{"line":50,"column":63}},"25":{"start":{"line":53,"column":4},"end":{"line":53,"column":41}},"26":{"start":{"line":53,"column":17},"end":{"line":53,"column":40}},"27":{"start":{"line":57,"column":36},"end":{"line":73,"column":3}},"28":{"start":{"line":58,"column":16},"end":{"line":58,"column":26}},"29":{"start":{"line":59,"column":23},"end":{"line":59,"column":47}},"30":{"start":{"line":60,"column":19},"end":{"line":60,"column":35}},"31":{"start":{"line":62,"column":4},"end":{"line":72,"column":5}},"32":{"start":{"line":63,"column":6},"end":{"line":63,"column":55}},"33":{"start":{"line":65,"column":24},"end":{"line":65,"column":61}},"34":{"start":{"line":66,"column":6},"end":{"line":71,"column":7}},"35":{"start":{"line":67,"column":8},"end":{"line":67,"column":68}},"36":{"start":{"line":69,"column":28},"end":{"line":69,"column":72}},"37":{"start":{"line":70,"column":8},"end":{"line":70,"column":67}},"38":{"start":{"line":76,"column":2},"end":{"line":99,"column":21}},"39":{"start":{"line":77,"column":32},"end":{"line":96,"column":5}},"40":{"start":{"line":78,"column":6},"end":{"line":95,"column":7}},"41":{"start":{"line":79,"column":8},"end":{"line":94,"column":9}},"42":{"start":{"line":80,"column":33},"end":{"line":86,"column":12}},"43":{"start":{"line":81,"column":33},"end":{"line":83,"column":13}},"44":{"start":{"line":84,"column":29},"end":{"line":84,"column":54}},"45":{"start":{"line":85,"column":12},"end":{"line":85,"column":28}},"46":{"start":{"line":88,"column":26},"end":{"line":88,"column":59}},"47":{"start":{"line":89,"column":10},"end":{"line":89,"column":37}},"48":{"start":{"line":91,"column":10},"end":{"line":91,"column":31}},"49":{"start":{"line":93,"column":10},"end":{"line":93,"column":35}},"50":{"start":{"line":98,"column":4},"end":{"line":98,"column":26}},"51":{"start":{"line":102,"column":2},"end":{"line":118,"column":21}},"52":{"start":{"line":103,"column":30},"end":{"line":115,"column":5}},"53":{"start":{"line":104,"column":6},"end":{"line":114,"column":7}},"54":{"start":{"line":105,"column":8},"end":{"line":113,"column":9}},"55":{"start":{"line":106,"column":32},"end":{"line":108,"column":11}},"56":{"start":{"line":109,"column":28},"end":{"line":109,"column":54}},"57":{"start":{"line":110,"column":10},"end":{"line":110,"column":47}},"58":{"start":{"line":112,"column":10},"end":{"line":112,"column":31}},"59":{"start":{"line":117,"column":4},"end":{"line":117,"column":24}},"60":{"start":{"line":121,"column":36},"end":{"line":131,"column":3}},"61":{"start":{"line":124,"column":6},"end":{"line":124,"column":56}},"62":{"start":{"line":125,"column":4},"end":{"line":128,"column":5}},"63":{"start":{"line":126,"column":6},"end":{"line":126,"column":61}},"64":{"start":{"line":127,"column":6},"end":{"line":127,"column":19}},"65":{"start":{"line":130,"column":4},"end":{"line":130,"column":16}},"66":{"start":{"line":132,"column":2},"end":{"line":134,"column":9}},"67":{"start":{"line":133,"column":4},"end":{"line":133,"column":32}},"68":{"start":{"line":137,"column":27},"end":{"line":151,"column":3}},"69":{"start":{"line":138,"column":4},"end":{"line":150,"column":5}},"70":{"start":{"line":139,"column":23},"end":{"line":142,"column":7}},"71":{"start":{"line":143,"column":6},"end":{"line":147,"column":7}},"72":{"start":{"line":144,"column":8},"end":{"line":144,"column":28}},"73":{"start":{"line":146,"column":8},"end":{"line":146,"column":47}},"74":{"start":{"line":149,"column":6},"end":{"line":149,"column":51}},"75":{"start":{"line":153,"column":23},"end":{"line":155,"column":3}},"76":{"start":{"line":154,"column":4},"end":{"line":154,"column":28}},"77":{"start":{"line":158,"column":28},"end":{"line":163,"column":3}},"78":{"start":{"line":159,"column":4},"end":{"line":161,"column":6}},"79":{"start":{"line":160,"column":40},"end":{"line":160,"column":68}},"80":{"start":{"line":162,"column":4},"end":{"line":162,"column":24}},"81":{"start":{"line":165,"column":2},"end":{"line":264,"column":4}},"82":{"start":{"line":200,"column":37},"end":{"line":200,"column":52}},"83":{"start":{"line":201,"column":22},"end":{"line":207,"column":23}},"84":{"start":{"line":202,"column":24},"end":{"line":206,"column":25}},"85":{"start":{"line":203,"column":26},"end":{"line":203,"column":74}},"86":{"start":{"line":204,"column":31},"end":{"line":206,"column":25}},"87":{"start":{"line":205,"column":26},"end":{"line":205,"column":78}},"88":{"start":{"line":208,"column":22},"end":{"line":208,"column":38}},"89":{"start":{"line":222,"column":20},"end":{"line":228,"column":22}},"90":{"start":{"line":235,"column":20},"end":{"line":235,"column":79}},"91":{"start":{"line":253,"column":27},"end":{"line":253,"column":51}},"92":{"start":{"line":261,"column":23},"end":{"line":261,"column":47}},"93":{"start":{"line":267,"column":0},"end":{"line":273,"column":2}}},"fnMap":{"0":{"name":"(anonymous_0)","decl":{"start":{"line":13,"column":33},"end":{"line":13,"column":34}},"loc":{"start":{"line":13,"column":48},"end":{"line":265,"column":1}},"line":13},"1":{"name":"(anonymous_1)","decl":{"start":{"line":29,"column":28},"end":{"line":29,"column":29}},"loc":{"start":{"line":29,"column":40},"end":{"line":40,"column":3}},"line":29},"2":{"name":"(anonymous_2)","decl":{"start":{"line":42,"column":12},"end":{"line":42,"column":13}},"loc":{"start":{"line":42,"column":18},"end":{"line":44,"column":3}},"line":42},"3":{"name":"(anonymous_3)","decl":{"start":{"line":47,"column":12},"end":{"line":47,"column":13}},"loc":{"start":{"line":47,"column":18},"end":{"line":54,"column":3}},"line":47},"4":{"name":"(anonymous_4)","decl":{"start":{"line":48,"column":33},"end":{"line":48,"column":34}},"loc":{"start":{"line":48,"column":39},"end":{"line":52,"column":5}},"line":48},"5":{"name":"(anonymous_5)","decl":{"start":{"line":53,"column":11},"end":{"line":53,"column":12}},"loc":{
[...]
"locations":[{"start":{"line":659,"column":2},"end":{"line":671,"column":3}},{"start":{},"end":{}}],"line":659},"58":{"loc":{"start":{"line":694,"column":16},"end":{"line":695,"column":54}},"type":"binary-expr","locations":[{"start":{"line":694,"column":16},"end":{"line":694,"column":45}},{"start":{"line":695,"column":16},"end":{"line":695,"column":54}}],"line":694},"59":{"loc":{"start":{"line":698,"column":16},"end":{"line":700,"column":69}},"type":"cond-expr","locations":[{"start":{"line":699,"column":20},"end":{"line":699,"column":75}},{"start":{"line":700,"column":20},"end":{"line":700,"column":69}}],"line":698},"60":{"loc":{"start":{"line":718,"column":20},"end":{"line":720,"column":71}},"type":"cond-expr","locations":[{"start":{"line":719,"column":24},"end":{"line":719,"column":33}},{"start":{"line":720,"column":24},"end":{"line":720,"column":71}}],"line":718},"61":{"loc":{"start":{"line":731,"column":13},"end":{"line":742,"column":13}},"type":"binary-expr","locations":[{"start":{"line":731,"column":13},"end":{"line":731,"column":34}},{"start":{"line":732,"column":14},"end":{"line":741,"column":16}}],"line":731},"62":{"loc":{"start":{"line":746,"column":31},"end":{"line":746,"column":48}},"type":"binary-expr","locations":[{"start":{"line":746,"column":31},"end":{"line":746,"column":39}},{"start":{"line":746,"column":43},"end":{"line":746,"column":48}}],"line":746},"63":{"loc":{"start":{"line":758,"column":22},"end":{"line":758,"column":41}},"type":"binary-expr","locations":[{"start":{"line":758,"column":22},"end":{"line":758,"column":34}},{"start":{"line":758,"column":38},"end":{"line":758,"column":41}}],"line":758},"64":{"loc":{"start":{"line":765,"column":9},"end":{"line":776,"column":9}},"type":"binary-expr","locations":[{"start":{"line":765,"column":9},"end":{"line":765,"column":19}},{"start":{"line":766,"column":10},"end":{"line":775,"column":12}}],"line":765},"65":{"loc":{"start":{"line":781,"column":11},"end":{"line":781,"column":66}},"type":"cond-expr","locations":[{"start":{"line":781,"column":22},"end":{"line":781,"column":46}},{"start":{"line":781,"column":49},"end":{"line":781,"column":66}}],"line":781},"66":{"loc":{"start":{"line":782,"column":11},"end":{"line":784,"column":16}},"type":"cond-expr","locations":[{"start":{"line":783,"column":14},"end":{"line":783,"column":60}},{"start":{"line":784,"column":14},"end":{"line":784,"column":16}}],"line":782},"67":{"loc":{"start":{"line":807,"column":9},"end":{"line":814,"column":9}},"type":"binary-expr","locations":[{"start":{"line":807,"column":9},"end":{"line":807,"column":19}},{"start":{"line":808,"column":10},"end":{"line":813,"column":29}}],"line":807},"68":{"loc":{"start":{"line":821,"column":12},"end":{"line":823,"column":45}},"type":"cond-expr","locations":[{"start":{"line":822,"column":16},"end":{"line":822,"column":43}},{"start":{"line":823,"column":16},"end":{"line":823,"column":45}}],"line":821},"69":{"loc":{"start":{"line":828,"column":13},"end":{"line":828,"column":78}},"type":"cond-expr","locations":[{"start":{"line":828,"column":24},"end":{"line":828,"column":51}},{"start":{"line":828,"column":54},"end":{"line":828,"column":78}}],"line":828},"70":{"loc":{"start":{"line":848,"column":18},"end":{"line":849,"column":60}},"type":"binary-expr","locations":[{"start":{"line":848,"column":18},"end":{"line":848,"column":50}},{"start":{"line":849,"column":18},"end":{"line":849,"column":60}}],"line":848},"71":{"loc":{"start":{"line":852,"column":18},"end":{"line":859,"column":26}},"type":"cond-expr","locations":[{"start":{"line":853,"column":22},"end":{"line":853,"column":26}},{"start":{"line":854,"column":22},"end":{"line":859,"column":26}}],"line":852},"72":{"loc":{"start":{"line":855,"column":43},"end":{"line":857,"column":36}},"type":"cond-expr","locations":[{"start":{"line":856,"column":28},"end":{"line":856,"column":38}},{"start":{"line":857,"column":28},"end":{"line":857,"column":36}}],"line":855},"73":{"loc":{"start":{"line":863,"column":17},"end":{"line":883,"column":17}},"type":"binary-expr","locations":[{"start":{"line":863,"column":17},"end":{"line":863,"column":29}},{"start":{"line":863,"column":33},"end":{"line":863,"column":56}},{"start":{"line":864,"column":18},"end":{"line":882,"column":21}}],"line":863},"74":{"loc":{"start":{"line":869,"column":21},"end":{"line":874,"column":21}},"type":"binary-expr","locations":[{"start":{"line":869,"column":21},"end":{"line":869,"column":54}},{"start":{"line":870,"column":22},"end":{"line":873,"column":29}}],"line":869},"75":{"loc":{"start":{"line":875,"column":21},"end":{"line":880,"column":21}},"type":"binary-expr","locations":[{"start":{"line":875,"column":21},"end":{"line":875,"column":57}},{"start":{"line":876,"column":22},"end":{"line":879,"column":29}}],"line":875},"76":{"loc":{"start":{"line":890,"column":20},"end":{"line":900,"column":21}},"type":"if","locations":[{"start":{"line":890,"column":20},"end":{"line":900,"column":21}},{"start":{},"end":{}}],"line":890}},"s":{"0":1,"1":1,"2":0,"3":0,"4":0,"5":0,"6":0,"7":0,"8":0,"9":0,"10":0,"11":0,"12":0,"13":0,"14":0,"15":0,"16":0,"17":0,"18":0,"19":0,"20":0,"21":0,"22":0,"23":0,"24":0,"25":0,"26":0,"27":0,"28":0,"29":0,"30":0,"31":0,"32":0,"33":0,"34":0,"35":0,"36":0,"37":0,"38":0,"39":0,"40":0,"41":0,"42":0,"43":0,"44":0,"45":0,"46":0,"47":0,"48":0,"49":0,"50":0,"51":0,"52":0,"53":0,"54":0,"55":0,"56":0,"57":0,"58":0,"59":0,"60":0,"61":0,"62":0,"63":0,"64":0,"65":0,"66":0,"67":0,"68":0,"69":0,"70":0,"71":0,"72":0,"73":0,"74":0,"75":0,"76":0,"77":0,"78":0,"79":0,"80":0,"81":0,"82":0,"83":0,"84":0,"85":0,"86":0,"87":0,"88":0,"89":0,"90":0,"91":0,"92":0,"93":0,"94":0,"95":0,"96":0,"97":0,"98":0,"99":0,"100":0,"101":0,"102":0,"103":0,"104":0,"105":0,"106":0,"107":0,"108":0,"109":0,"110":0,"111":0,"112":0,"113":0,"114":0,"115":0,"116":0,"117":0,"118":0,"119":0,"120":0,"121":0,"122":0,"123":0,"124":0,"125":0,"126":0,"127":0,"128":0,"129":0,"130":0,"131":0,"132":0,"133":0,"134":0,"135":0,"136":0,"137":0,"138":0,"139":0,"140":0,"141":0,"142":0,"143":0,"144":0,"145":0,"146":0,"147":0,"148":0,"149":0,"150":0,"151":0,"152":0,"153":0,"154":0,"155":0,"156":0,"157":0,"158":0,"159":0,"160":0,"161":0,"162":0,"163":0,"164":0,"165":0,"166":0,"167":0,"168":0,"169":0,"170":0,"171":0,"172":0,"173":0,"174":0,"175":0,"176":0,"177":0,"178":0,"179":0,"180":0,"181":0,"182":0,"183":0,"184":0,"185":0,"186":0,"187":0,"188":0,"189":0,"190":0,"191":0,"192":0,"193":0,"194":0,"195":0,"196":0,"197":0,"198":0,"199":0,"200":0,"201":0,"202":0,"203":0,"204":0,"205":0,"206":0,"207":0,"208":0,"209":0,"210":0,"211":0,"212":0,"213":0,"214":0,"215":0,"216":0,"217":0,"218":0,"219":0,"220":0,"221":0,"222":0,"223":0,"224":0,"225":0,"226":0,"227":0,"228":0,"229":0,"230":0,"231":0,"232":0,"233":0,"234":0,"235":0,"236":0,"237":0,"238":0,"239":0,"240":0,"241":0,"242":0,"243":0,"244":0,"245":0,"246":0,"247":0,"248":0,"249":0,"250":0,"251":0,"252":0,"253":0,"254":0,"255":0,"256":0,"257":0,"258":0,"259":0,"260":0,"261":0,"262":0,"263":0,"264":0,"265":0,"266":0,"267":0,"268":0,"269":0,"270":0,"271":0,"272":0,"273":0,"274":0,"275":0,"276":0,"277":0,"278":0,"279":0,"280":0,"281":0,"282":0,"283":0,"284":0,"285":0,"286":0,"287":0,"288":0,"289":0,"290":0,"291":0,"292":0,"293":0,"294":0,"295":0,"296":0,"297":0,"298":0,"299":0,"300":0,"301":0,"302":0,"303":0,"304":0,"305":0,"306":0,"307":0,"308":0,"309":0,"310":0,"311":0,"312":0,"313":0,"314":0,"315":0,"316":0,"317":0,"318":0,"319":0,"320":0,"321":0,"322":0,"323":1},"f":{"0":0,"1":0,"2":0,"3":0,"4":0,"5":0,"6":0,"7":0,"8":0,"9":0,"10":0,"11":0,"12":0,"13":0,"14":0,"15":0,"16":0,"17":0,"18":0,"19":0,"20":0,"21":0,"22":0,"23":0,"24":0,"25":0,"26":0,"27":0,"28":0,"29":0,"30":0,"31":0,"32":0,"33":0,"34":0,"35":0,"36":0,"37":0,"38":0,"39":0,"40":0,"41":0,"42":0,"43":0,"44":0,"45":0,"46":0,"47":0,"48":0,"49":0,"50":0,"51":0,"52":0,"53":0,"54":0,"55":0,"56":0,"57":0,"58":0,"59":0,"60":0,"61":0,"62":0,"63":0,"64":0,"65":0,"66":0,"67":0,"68":0,"69":0,"70":0,"71":0,"72":0,"73":0,"74":0,"75":0,"76":0,"77":0,"78":0,"79":0,"80":0,"81":0,"82":0,"83":0,"84":0,"85":0,"86":0,"87":0,"88":0},"b":{"0":[0,0],"1":[0,0],"2":[0,0],"3":[0,0],"4":[0,0],"5":[0],"6":[0,0],"7":[0,0],"8":[0,0],"9":[0,0],"10":[0,0],"11":[0,0],"12":[0,0],"13":[0,0],"14":[0,0],"15":[0,0],"16":[0,0],"17":[0,0],"18":[0,0],"19":[0,0],"20":[0,0],"21":[0,0],"22":[0,0],"23":[0,0],"24":[0,0],"25":[0,0],"26":[0,0],"27":[0,0],"28":[0,0],"29":[0,0],"30":[0,0],"31":[0,0],"32":[0,0],"33":[0,0],"34":[0,0],"35":[0,0],"36":[0,0],"37":[0,0],"38":[0,0],"39":[0,0],"40":[0,0],"41":[0,0],"42":[0,0],"43":[0,0],"44":[0,0],"45":[0,0],"46":[0,0],"47":[0,0],"48":[0,0],"49":[0,0],"50":[0,0],"51":[0,0],"52":[0,0],"53":[0,0],"54":[0,0],"55":[0,0],"56":[0,0],"57":[0,0],"58":[0,0],"59":[0,0],"60":[0,0],"61":[0,0],"62":[0,0],"63":[0,0],"64":[0,0],"65":[0,0],"66":[0,0],"67":[0,0],"68":[0,0],"69":[0,0],"70":[0,0],"71":[0,0],"72":[0,0],"73":[0,0,0],"74":[0,0],"75":[0,0],"76":[0,0]},"_coverageSchema":"1a1c01bbd47fc00a2c39e90264f33305004495a9","hash":"5df75ef016ce54a3d2621f9f9d2d48ccb7cf7746"}
,"C:\\Users\\Sebastian\\Desktop\\Universidad\\Octavo Semestre\\ARSW\\WhereWe\\WhereWeFront\\WhereWe\\screens\\ProfilePictureSettings.jsx": {"path":"C:\\Users\\Sebastian\\Desktop\\Universidad\\Octavo Semestre\\ARSW\\WhereWe\\WhereWeFront\\WhereWe\\screens\\ProfilePictureSettings.jsx","statementMap":{"0":{"start":{"line":8,"column":24},"end":{"line":19,"column":1}},"1":{"start":{"line":21,"column":31},"end":{"line":71,"column":1}},"2":{"start":{"line":22,"column":22},"end":{"line":22,"column":45}},"3":{"start":{"line":24,"column":2},"end":{"line":24,"column":43}},"4":{"start":{"line":25,"column":2},"end":{"line":25,"column":50}},"5":{"start":{"line":27,"column":31},"end":{"line":50,"column":3}},"6":{"start":{"line":28,"column":4},"end":{"line":49,"column":5}},"7":{"start":{"line":29,"column":23},"end":{"line":33,"column":7}},"8":{"start":{"line":35,"column":6},"end":{"line":46,"column":7}},"9":{"start":{"line":36,"column":28},"end":{"line":36,"column":49}},"10":{"start":{"line":37,"column":8},"end":{"line":44,"column":11}},"11":{"start":{"line":45,"column":8},"end":{"line":45,"column":28}},"12":{"start":{"line":48,"column":6},"end":{"line":48,"column":62}},"13":{"start":{"line":52,"column":21},"end":{"line":59,"column":3}},"14":{"start":{"line":53,"column":4},"end":{"line":58,"column":23}},"15":{"start":{"line":55,"column":21},"end":{"line":55,"column":68}},"16":{"start":{"line":61,"column":2},"end":{"line":70,"column":4}},"17":{"start":{"line":66,"column":39},"end":{"line":66,"column":55}},"18":{"start":{"line":72,"column":0},"end":{"line":74,"column":2}}},"fnMap":{"0":{"name":"(anonymous_0)","decl":{"start":{"line":21,"column":31},"end":{"line":21,"column":32}},"loc":{"start":{"line":21,"column":51},"end":{"line":71,"column":1}},"line":21},"1":{"name":"(anonymous_1)","decl":{"start":{"line":27,"column":31},"end":{"line":27,"column":32}},"loc":{"start":{"line":27,"column":53},"end":{"line":50,"column":3}},"line":27},"2":{"name":"(anonymous_2)","decl":{"start":{"line":52,"column":21},"end":{"line":52,"column":22}},"loc":{"start":{"line":53,"column":4},"end":{"line":58,"column":23}},"line":53},"3":{"name":"(anonymous_3)","decl":{"start":{"line":55,"column":15},"end":{"line":55,"column":16}},"loc":{"start":{"line":55,"column":21},"end":{"line":55,"column":68}},"line":55},"4":{"name":"(anonymous_4)","decl":{"start":{"line":66,"column":22},"end":{"line":66,"column":23}},"loc":{"start":{"line":66,"column":39},"end":{"line":66,"column":55}},"line":66}},"branchMap":{"0":{"loc":{"start":{"line":35,"column":6},"end":{"line":46,"column":7}},"type":"if","locations":[{"start":{"line":35,"column":6},"end":{"line":46,"column":7}},{"start":{},"end":{}}],"line":35}},"s":{"0":1,"1":1,"2":0,"3":0,"4":0,"5":0,"6":0,"7":0,"8":0,"9":0,"10":0,"11":0,"12":0,"13":0,"14":0,"15":0,"16":0,"17":0,"18":1},"f":{"0":0,"1":0,"2":0,"3":0,"4":0},"b":{"0":[0,0]},"_coverageSchema":"1a1c01bbd47fc00a2c39e90264f33305004495a9","hash":"846eb621dc7039c6de56108f5c9096fa5f049eea"}
,"C:\\Users\\Sebastian\\Desktop\\Universidad\\Octavo Semestre\\ARSW\\WhereWe\\WhereWeFront\\WhereWe\\screens\\SignInScreen.jsx": {"path":"C:\\Users\\Sebastian\\Desktop\\Universidad\\Octavo Semestre\\ARSW\\WhereWe\\WhereWeFront\\WhereWe\\screens\\SignInScreen.jsx","statementMap":{"0":{"start":{"line":9,"column":21},"end":{"line":72,"column":1}},"1":{"start":{"line":10,"column":21},"end":{"line":10,"column":44}},"2":{"start":{"line":11,"column":22},"end":{"line":11,"column":45}},"3":{"start":{"line":13,"column":23},"end":{"line":42,"column":3}},"4":{"start":{"line":14,"column":4},"end":{"line":41,"column":5}},"5":{"start":{"line":16,"column":6},"end":{"line":16,"column":21}},"6":{"start":{"line":19,"column":19},"end":{"line":19,"column":52}},"7":{"start":{"line":20,"column":6},"end":{"line":22,"column":7}},"8":{"start":{"line":21,"column":8},"end":{"line":21,"column":74}},"9":{"start":{"line":25,"column":6},"end":{"line":33,"column":9}},"10":{"start":{"line":35,"column":6},"end":{"line":35,"column":65}},"11":{"start":{"line":36,"column":6},"end":{"line":40,"column":8}},"12":{"start":{"line":44,"column":2},"end":{"line":71,"column":4}}},"fnMap":{"0":{"name":"(anonymous_0)","decl":{"start":{"line":9,"column":21},"end":{"line":9,"column":22}},"loc":{"start":{"line":9,"column":32},"end":{"line":72,"column":1}},"line":9},"1":{"name":"(anonymous_1)","decl":{"start":{"line":13,"column":23},"end":{"line":13,"column":24}},"loc":{"start":{"line":13,"column":35},"end":{"line":42,"column":3}},"line":13}},"branchMap":{"0":{"loc":{"start":{"line":20,"column":6},"end":{"line":22,"column":7}},"type":"if","locations":[{"start":{"line":20,"column":6},"end":{"line":22,"column":7}},{"start":{},"end":{}}],"line":20},"1":{"loc":{"start":{"line":32,"column":19},"end":{"line":32,"column":76}},"type":"binary-expr","locations":[{"start":{"line":32,"column":19},"end":{"line":32,"column":33}},{"start":{"line":32,"column":37},"end":{"line":32,"column":76}}],"line":32},"2":{"loc":{"start":{"line":38,"column":8},"end":{"line":39,"column":69}},"type":"binary-expr","locations":[{"start":{"line":38,"column":8},"end":{"line":38,"column":21}},{"start":{"line":39,"column":10},"end":{"line":39,"column":69}}],"line":38}},"s":{"0":1,"1":0,"2":0,"3":0,"4":0,"5":0,"6":0,"7":0,"8":0,"9":0,"10":0,"11":0,"12":0},"f":{"0":0,"1":0},"b":{"0":[0,0],"1":[0,0],"2":[0,0]},"_coverageSchema":"1a1c01bbd47fc00a2c39e90264f33305004495a9","hash":"cdf3cd8e679b5f34f6b0148abb4bb024c2408f4c"}
,"C:\\Users\\Sebastian\\Desktop\\Universidad\\Octavo Semestre\\ARSW\\WhereWe\\WhereWeFront\\WhereWe\\styles\\AuthLoadingScreenStyles.js": {"path":"C:\\Users\\Sebastian\\Desktop\\Universidad\\Octavo Semestre\\ARSW\\WhereWe\\WhereWeFront\\WhereWe\\styles\\AuthLoadingScreenStyles.js","statementMap":{},"fnMap":{},"branchMap":{},"s":{},"f":{},"b":{},"_coverageSchema":"1a1c01bbd47fc00a2c39e90264f33305004495a9","hash":"aa8d2cd1d2700c17a47ccdd49fc6181101206d4a"}
,"C:\\Users\\Sebastian\\Desktop\\Universidad\\Octavo Semestre\\ARSW\\WhereWe\\WhereWeFront\\WhereWe\\styles\\CustomAlertStyles.js": {"path":"C:\\Users\\Sebastian\\Desktop\\Universidad\\Octavo Semestre\\ARSW\\WhereWe\\WhereWeFront\\WhereWe\\styles\\CustomAlertStyles.js","statementMap":{},"fnMap":{},"branchMap":{},"s":{},"f":{},"b":{},"_coverageSchema":"1a1c01bbd47fc00a2c39e90264f33305004495a9","hash":"f0e7e4fb7d79bf2f639247192134650bf1342553"}
,"C:\\Users\\Sebastian\\Desktop\\Universidad\\Octavo Semestre\\ARSW\\WhereWe\\WhereWeFront\\WhereWe\\styles\\DrawerMenuStyles.js": {"path":"C:\\Users\\Sebastian\\Desktop\\Universidad\\Octavo Semestre\\ARSW\\WhereWe\\WhereWeFront\\WhereWe\\styles\\DrawerMenuStyles.js","statementMap":{},"fnMap":{},"branchMap":{},"s":{},"f":{},"b":{},"_coverageSchema":"1a1c01bbd47fc00a2c39e90264f33305004495a9","hash":"cfecf328ce453f663aeebf989a0f43e275459fd7"}
,"C:\\Users\\Sebastian\\Desktop\\Universidad\\Octavo Semestre\\ARSW\\WhereWe\\WhereWeFront\\WhereWe\\styles\\EditProfileScreenStyles.js": {"path":"C:\\Users\\Sebastian\\Desktop\\Universidad\\Octavo Semestre\\ARSW\\WhereWe\\WhereWeFront\\WhereWe\\styles\\EditProfileScreenStyles.js","statementMap":{},"fnMap":{},"branchMap":{},"s":{},"f":{},"b":{},"_coverageSchema":"1a1c01bbd47fc00a2c39e90264f33305004495a9","hash":"ef2aa246d2782d768aa1a6fff2962144ab8a5294"}
,"C:\\Users\\Sebastian\\Desktop\\Universidad\\Octavo Semestre\\ARSW\\WhereWe\\WhereWeFront\\WhereWe\\styles\\GroupDetailScreenStyles.js": {"path":"C:\\Users\\Sebastian\\Desktop\\Universidad\\Octavo Semestre\\ARSW\\WhereWe\\WhereWeFront\\WhereWe\\styles\\GroupDetailScreenStyles.js","statementMap":{},"fnMap":{},"branchMap":{},"s":{},"f":{},"b":{},"_coverageSchema":"1a1c01bbd47fc00a2c39e90264f33305004495a9","hash":"88cc9b21d2d1af76a4cbd150952858e9e7536624"}
,"C:\\Users\\Sebastian\\Desktop\\Universidad\\Octavo Semestre\\ARSW\\WhereWe\\WhereWeFront\\WhereWe\\styles\\GroupItemStyles.js": {"path":"C:\\Users\\Sebastian\\Desktop\\Universidad\\Octavo Semestre\\ARSW\\WhereWe\\WhereWeFront\\WhereWe\\styles\\GroupItemStyles.js","statementMap":{},"fnMap":{},"branchMap":{},"s":{},"f":{},"b":{},"_coverageSchema":"1a1c01bbd47fc00a2c39e90264f33305004495a9","hash":"90912461076a03c584a0a261c4c1ed20aba2a98c"}
,"C:\\Users\\Sebastian\\Desktop\\Universidad\\Octavo Semestre\\ARSW\\WhereWe\\WhereWeFront\\WhereWe\\styles\\GroupMapScreenStyles.js": {"path":"C:\\Users\\Sebastian\\Desktop\\Universidad\\Octavo Semestre\\ARSW\\WhereWe\\WhereWeFront\\WhereWe\\styles\\GroupMapScreenStyles.js","statementMap":{},"fnMap":{},"branchMap":{},"s":{},"f":{},"b":{},"_coverageSchema":"1a1c01bbd47fc00a2c39e90264f33305004495a9","hash":"e1aaf15d764273d2cdca4de8d2a0d5c19537a9f0"}
,"C:\\Users\\Sebastian\\Desktop\\Universidad\\Octavo Semestre\\ARSW\\WhereWe\\WhereWeFront\\WhereWe\\styles\\GroupScreenStyles.js": {"path":"C:\\Users\\Sebastian\\Desktop\\Universidad\\Octavo Semestre\\ARSW\\WhereWe\\WhereWeFront\\WhereWe\\styles\\GroupScreenStyles.js","statementMap":{},"fnMap":{},"branchMap":{},"s":{},"f":{},"b":{},"_coverageSchema":"1a1c01bbd47fc00a2c39e90264f33305004495a9","hash":"04985d9c5edad5d0744e066f480241fcac8b5255"}
,"C:\\Users\\Sebastian\\Desktop\\Universidad\\Octavo Semestre\\ARSW\\WhereWe\\WhereWeFront\\WhereWe\\styles\\HomeScreenStyles.js": {"path":"C:\\Users\\Sebastian\\Desktop\\Universidad\\Octavo Semestre\\ARSW\\WhereWe\\WhereWeFront\\WhereWe\\styles\\HomeScreenStyles.js","statementMap":{"0":{"start":{"line":3,"column":19},"end":{"line":3,"column":43}}},"fnMap":{},"branchMap":{},"s":{"0":1},"f":{},"b":{},"_coverageSchema":"1a1c01bbd47fc00a2c39e90264f33305004495a9","hash":"95772e703601383e6377bd594e601a842bcce3c4"}
,"C:\\Users\\Sebastian\\Desktop\\Universidad\\Octavo Semestre\\ARSW\\WhereWe\\WhereWeFront\\WhereWe\\styles\\ProfilePictureSettingsStyles.js": {"path":"C:\\Users\\Sebastian\\Desktop\\Universidad\\Octavo Semestre\\ARSW\\WhereWe\\WhereWeFront\\WhereWe\\styles\\ProfilePictureSettingsStyles.js","statementMap":{},"fnMap":{},"branchMap":{},"s":{},"f":{},"b":{},"_coverageSchema":"1a1c01bbd47fc00a2c39e90264f33305004495a9","hash":"fc4ab8d38368e53dc36b4655df345a6268f822c3"}
,"C:\\Users\\Sebastian\\Desktop\\Universidad\\Octavo Semestre\\ARSW\\WhereWe\\WhereWeFront\\WhereWe\\styles\\SigninScreenStyles.js": {"path":"C:\\Users\\Sebastian\\Desktop\\Universidad\\Octavo Semestre\\ARSW\\WhereWe\\WhereWeFront\\WhereWe\\styles\\SigninScreenStyles.js","statementMap":{},"fnMap":{},"branchMap":{},"s":{},"f":{},"b":{},"_coverageSchema":"1a1c01bbd47fc00a2c39e90264f33305004495a9","hash":"72cee90dc1606e475b27f0260b4e77f780ac257c"}
,"C:\\Users\\Sebastian\\Desktop\\Universidad\\Octavo Semestre\\ARSW\\WhereWe\\WhereWeFront\\WhereWe\\styles\\UserItemStyles.js": {"path":"C:\\Users\\Sebastian\\Desktop\\Universidad\\Octavo Semestre\\ARSW\\WhereWe\\WhereWeFront\\WhereWe\\styles\\UserItemStyles.js","statementMap":{},"fnMap":{},"branchMap":{},"s":{},"f":{},"b":{},"_coverageSchema":"1a1c01bbd47fc00a2c39e90264f33305004495a9","hash":"095da8cd7fb172822581759726b57196805ff9a8"}
}
