{"C:\\Users\\Sebastian\\Desktop\\Universidad\\Octavo Semestre\\ARSW\\WhereWe\\WhereWeFront\\WhereWe\\styles\\AuthLoadingScreenStyles.js": {"path":"C:\\Users\\Sebastian\\Desktop\\Universidad\\Octavo Semestre\\ARSW\\WhereWe\\WhereWeFront\\WhereWe\\styles\\AuthLoadingScreenStyles.js","statementMap":{},"fnMap":{},"branchMap":{},"s":{},"f":{},"b":{},"_coverageSchema":"1a1c01bbd47fc00a2c39e90264f33305004495a9","hash":"aa8d2cd1d2700c17a47ccdd49fc6181101206d4a"}
,"C:\\Users\\Sebastian\\Desktop\\Universidad\\Octavo Semestre\\ARSW\\WhereWe\\WhereWeFront\\WhereWe\\styles\\CustomAlertStyles.js": {"path":"C:\\Users\\Sebastian\\Desktop\\Universidad\\Octavo Semestre\\ARSW\\WhereWe\\WhereWeFront\\WhereWe\\styles\\CustomAlertStyles.js","statementMap":{},"fnMap":{},"branchMap":{},"s":{},"f":{},"b":{},"_coverageSchema":"1a1c01bbd47fc00a2c39e90264f33305004495a9","hash":"f0e7e4fb7d79bf2f639247192134650bf1342553"}
,"C:\\Users\\Sebastian\\Desktop\\Universidad\\Octavo Semestre\\ARSW\\WhereWe\\WhereWeFront\\WhereWe\\styles\\DrawerMenuStyles.js": {"path":"C:\\Users\\Sebastian\\Desktop\\Universidad\\Octavo Semestre\\ARSW\\WhereWe\\WhereWeFront\\WhereWe\\styles\\DrawerMenuStyles.js","statementMap":{},"fnMap":{},"branchMap":{},"s":{},"f":{},"b":{},"_coverageSchema":"1a1c01bbd47fc00a2c39e90264f33305004495a9","hash":"cfecf328ce453f663aeebf989a0f43e275459fd7"}
,"C:\\Users\\Sebastian\\Desktop\\Universidad\\Octavo Semestre\\ARSW\\WhereWe\\WhereWeFront\\WhereWe\\styles\\EditProfileScreenStyles.js": {"path":"C:\\Users\\Sebastian\\Desktop\\Universidad\\Octavo Semestre\\ARSW\\WhereWe\\WhereWeFront\\WhereWe\\styles\\EditProfileScreenStyles.js","statementMap":{},"fnMap":{},"branchMap":{},"s":{},"f":{},"b":{},"_coverageSchema":"1a1c01bbd47fc00a2c39e90264f33305004495a9","hash":"ef2aa246d2782d768aa1a6fff2962144ab8a5294"}
,"C:\\Users\\Sebastian\\Desktop\\Universidad\\Octavo Semestre\\ARSW\\WhereWe\\WhereWeFront\\WhereWe\\styles\\GroupDetailScreenStyles.js": {"path":"C:\\Users\\Sebastian\\Desktop\\Universidad\\Octavo Semestre\\ARSW\\WhereWe\\WhereWeFront\\WhereWe\\styles\\GroupDetailScreenStyles.js","statementMap":{},"fnMap":{},"branchMap":{},"s":{},"f":{},"b":{},"_coverageSchema":"1a1c01bbd47fc00a2c39e90264f33305004495a9","hash":"88cc9b21d2d1af76a4cbd150952858e9e7536624"}
,"C:\\Users\\Sebastian\\Desktop\\Universidad\\Octavo Semestre\\ARSW\\WhereWe\\WhereWeFront\\WhereWe\\styles\\GroupItemStyles.js": {"path":"C:\\Users\\Sebastian\\Desktop\\Universidad\\Octavo Semestre\\ARSW\\WhereWe\\WhereWeFront\\WhereWe\\styles\\GroupItemStyles.js","statementMap":{},"fnMap":{},"branchMap":{},"s":{},"f":{},"b":{},"_coverageSchema":"1a1c01bbd47fc00a2c39e90264f33305004495a9","hash":"90912461076a03c584a0a261c4c1ed20aba2a98c"}
,"C:\\Users\\Sebastian\\Desktop\\Universidad\\Octavo Semestre\\ARSW\\WhereWe\\WhereWeFront\\WhereWe\\styles\\GroupMapScreenStyles.js": {"path":"C:\\Users\\Sebastian\\Desktop\\Universidad\\Octavo Semestre\\ARSW\\WhereWe\\WhereWeFront\\WhereWe\\styles\\GroupMapScreenStyles.js","statementMap":{},"fnMap":{},"branchMap":{},"s":{},"f":{},"b":{},"_coverageSchema":"1a1c01bbd47fc00a2c39e90264f33305004495a9","hash":"e1aaf15d764273d2cdca4de8d2a0d5c19537a9f0"}
,"C:\\Users\\Sebastian\\Desktop\\Universidad\\Octavo Semestre\\ARSW\\WhereWe\\WhereWeFront\\WhereWe\\styles\\GroupScreenStyles.js": {"path":"C:\\Users\\Sebastian\\Desktop\\Universidad\\Octavo Semestre\\ARSW\\WhereWe\\WhereWeFront\\WhereWe\\styles\\GroupScreenStyles.js","statementMap":{},"fnMap":{},"branchMap":{},"s":{},"f":{},"b":{},"_coverageSchema":"1a1c01bbd47fc00a2c39e90264f33305004495a9","hash":"04985d9c5edad5d0744e066f480241fcac8b5255"}
,"C:\\Users\\Sebastian\\Desktop\\Universidad\\Octavo Semestre\\ARSW\\WhereWe\\WhereWeFront\\WhereWe\\styles\\HomeScreenStyles.js": {"path":"C:\\Users\\Sebastian\\Desktop\\Universidad\\Octavo Semestre\\ARSW\\WhereWe\\WhereWeFront\\WhereWe\\styles\\HomeScreenStyles.js","statementMap":{"0":{"start":{"line":3,"column":19},"end":{"line":3,"column":43}}},"fnMap":{},"branchMap":{},"s":{"0":2},"f":{},"b":{},"_coverageSchema":"1a1c01bbd47fc00a2c39e90264f33305004495a9","hash":"95772e703601383e6377bd594e601a842bcce3c4"}
,"C:\\Users\\Sebastian\\Desktop\\Universidad\\Octavo Semestre\\ARSW\\WhereWe\\WhereWeFront\\WhereWe\\styles\\ProfilePictureSettingsStyles.js": {"path":"C:\\Users\\Sebastian\\Desktop\\Universidad\\Octavo Semestre\\ARSW\\WhereWe\\WhereWeFront\\WhereWe\\styles\\ProfilePictureSettingsStyles.js","statementMap":{},"fnMap":{},"branchMap":{},"s":{},"f":{},"b":{},"_coverageSchema":"1a1c01bbd47fc00a2c39e90264f33305004495a9","hash":"fc4ab8d38368e53dc36b4655df345a6268f822c3"}
,"C:\\Users\\Sebastian\\Desktop\\Universidad\\Octavo Semestre\\ARSW\\WhereWe\\WhereWeFront\\WhereWe\\styles\\SigninScreenStyles.js": {"path":"C:\\Users\\Sebastian\\Desktop\\Universidad\\Octavo Semestre\\ARSW\\WhereWe\\WhereWeFront\\WhereWe\\styles\\SigninScreenStyles.js","statementMap":{},"fnMap":{},"branchMap":{},"s":{},"f":{},"b":{},"_coverageSchema":"1a1c01bbd47fc00a2c39e90264f33305004495a9","hash":"72cee90dc1606e475b27f0260b4e77f780ac257c"}
,"C:\\Users\\Sebastian\\Desktop\\Universidad\\Octavo Semestre\\ARSW\\WhereWe\\WhereWeFront\\WhereWe\\styles\\UserItemStyles.js": {"path":"C:\\Users\\Sebastian\\Desktop\\Universidad\\Octavo Semestre\\ARSW\\WhereWe\\WhereWeFront\\WhereWe\\styles\\UserItemStyles.js","statementMap":{},"fnMap":{},"branchMap":{},"s":{},"f":{},"b":{},"_coverageSchema":"1a1c01bbd47fc00a2c39e90264f33305004495a9","hash":"095da8cd7fb172822581759726b57196805ff9a8"}
}
