TN:
SF:App.js
FN:43,(anonymous_0)
FN:85,App
FN:87,(anonymous_2)
FN:124,(anonymous_3)
FN:125,(anonymous_4)
FN:160,(anonymous_5)
FN:161,(anonymous_6)
FN:187,(anonymous_7)
FNF:8
FNH:6
FNDA:6,(anonymous_0)
FNDA:7,App
FNDA:3,(anonymous_2)
FNDA:3,(anonymous_3)
FNDA:3,(anonymous_4)
FNDA:3,(anonymous_5)
FNDA:0,(anonymous_6)
FNDA:0,(anonymous_7)
DA:17,1
DA:19,1
DA:32,1
DA:43,1
DA:44,6
DA:45,3
DA:48,3
DA:49,3
DA:52,0
DA:86,7
DA:88,3
DA:90,3
DA:96,0
DA:102,0
DA:108,0
DA:113,0
DA:124,6
DA:125,3
DA:126,3
DA:127,3
DA:128,3
DA:129,3
DA:130,3
DA:131,0
DA:132,0
DA:133,0
DA:146,0
DA:148,3
DA:151,0
DA:152,0
DA:156,3
DA:159,6
DA:160,3
DA:162,0
DA:163,0
DA:164,0
DA:165,0
DA:166,0
DA:167,0
DA:180,0
DA:181,0
DA:183,0
DA:184,0
DA:188,0
DA:189,0
DA:201,0
DA:207,6
LF:47
LH:23
BRDA:44,0,0,3
BRDA:44,0,1,3
BRDA:48,1,0,3
BRDA:48,1,1,0
BRDA:88,2,0,3
BRDA:88,2,1,0
BRDA:88,2,2,0
BRDA:88,2,3,0
BRDA:88,2,4,0
BRDA:130,3,0,0
BRDA:130,3,1,3
BRDA:130,4,0,3
BRDA:130,4,1,0
BRDA:132,5,0,0
BRDA:132,5,1,0
BRDA:166,6,0,0
BRDA:166,6,1,0
BRF:17
BRH:6
end_of_record
TN:
SF:AuthContext.jsx
FN:4,(anonymous_0)
FN:5,(anonymous_1)
FNF:2
FNH:0
FNDA:0,(anonymous_0)
FNDA:0,(anonymous_1)
DA:3,3
LF:1
LH:1
BRF:0
BRH:0
end_of_record
TN:
SF:MainScreen.js
FN:4,(anonymous_0)
FNF:1
FNH:1
FNDA:2,(anonymous_0)
DA:4,1
DA:5,2
LF:2
LH:2
BRF:0
BRH:0
end_of_record
TN:
SF:PushNotificationManager.js
FN:6,(anonymous_0)
FN:13,registerForPushNotificationsAsync
FN:63,setupNotificationListener
FN:65,(anonymous_3)
FNF:4
FNH:3
FNDA:0,(anonymous_0)
FNDA:4,registerForPushNotificationsAsync
FNDA:5,setupNotificationListener
FNDA:2,(anonymous_3)
DA:5,2
DA:6,0
DA:16,4
DA:17,4
DA:18,4
DA:20,4
DA:21,4
DA:22,4
DA:24,4
DA:25,1
DA:26,1
DA:27,1
DA:30,4
DA:31,1
DA:32,1
DA:35,3
DA:36,3
DA:37,3
DA:40,3
DA:41,3
DA:43,0
DA:46,3
DA:47,0
DA:48,0
DA:56,0
DA:59,3
DA:60,3
DA:64,5
DA:65,5
LF:29
LH:24
BRDA:17,0,0,4
BRDA:17,0,1,0
BRDA:24,1,0,1
BRDA:24,1,1,3
BRDA:30,2,0,1
BRDA:30,2,1,3
BRDA:46,3,0,0
BRDA:46,3,1,3
BRF:8
BRH:6
end_of_record
TN:
SF:UserContext.jsx
FN:12,(anonymous_0)
FN:15,(anonymous_1)
FN:30,(anonymous_2)
FN:35,(anonymous_3)
FNF:4
FNH:3
FNDA:0,(anonymous_0)
FNDA:6,(anonymous_1)
FNDA:3,(anonymous_2)
FNDA:3,(anonymous_3)
DA:4,7
DA:15,7
DA:16,6
DA:19,6
DA:30,6
DA:31,3
DA:34,6
DA:35,3
DA:39,6
LF:9
LH:9
BRF:0
BRH:0
end_of_record
TN:
SF:api\ApiClient.js
FN:3,(anonymous_0)
FNF:1
FNH:1
FNDA:5,(anonymous_0)
DA:2,7
DA:3,7
DA:4,5
DA:6,5
DA:7,5
DA:8,1
DA:11,4
DA:20,3
DA:21,1
DA:24,2
DA:26,3
LF:11
LH:11
BRDA:3,0,0,4
BRDA:3,1,0,4
BRDA:7,2,0,1
BRDA:7,2,1,4
BRDA:17,3,0,1
BRDA:17,3,1,3
BRDA:20,4,0,1
BRDA:20,4,1,2
BRF:8
BRH:8
end_of_record
TN:
SF:auth\AuthConfig.js
FNF:0
FNH:0
DA:1,8
LF:1
LH:1
BRF:0
BRH:0
end_of_record
TN:
SF:auth\AuthManager.js
FN:15,(anonymous_0)
FN:38,(anonymous_1)
FN:104,(anonymous_2)
FN:108,(anonymous_3)
FN:112,(anonymous_4)
FN:185,(anonymous_5)
FN:189,(anonymous_6)
FN:193,(anonymous_7)
FN:204,(anonymous_8)
FNF:9
FNH:9
FNDA:8,(anonymous_0)
FNDA:1,(anonymous_1)
FNDA:1,(anonymous_2)
FNDA:1,(anonymous_3)
FNDA:3,(anonymous_4)
FNDA:1,(anonymous_5)
FNDA:1,(anonymous_6)
FNDA:1,(anonymous_7)
FNDA:6,(anonymous_8)
DA:8,8
DA:15,8
DA:16,8
DA:17,0
DA:20,8
DA:21,0
DA:24,8
DA:27,8
DA:28,8
DA:32,8
DA:38,8
DA:39,1
DA:40,1
DA:41,1
DA:42,1
DA:43,1
DA:44,1
DA:46,1
DA:47,1
DA:56,1
DA:57,1
DA:58,1
DA:59,1
DA:64,0
DA:66,0
DA:79,0
DA:80,0
DA:81,0
DA:84,0
DA:88,0
DA:90,0
DA:91,0
DA:92,0
DA:94,0
DA:96,0
DA:98,1
DA:99,1
DA:104,8
DA:105,1
DA:108,8
DA:109,1
DA:112,8
DA:113,3
DA:114,3
DA:115,3
DA:116,3
DA:117,3
DA:118,3
DA:120,3
DA:121,3
DA:122,3
DA:123,1
DA:124,1
DA:127,2
DA:128,2
DA:130,2
DA:131,0
DA:132,0
DA:133,0
DA:134,0
DA:135,0
DA:138,0
DA:147,0
DA:148,0
DA:152,0
DA:155,0
DA:159,0
DA:160,0
DA:161,0
DA:166,0
DA:168,0
DA:171,2
DA:172,2
DA:173,1
DA:174,1
DA:177,1
DA:179,0
DA:180,0
DA:185,8
DA:186,1
DA:189,8
DA:190,1
DA:193,8
DA:194,1
DA:195,1
DA:203,1
DA:204,6
DA:207,0
DA:208,0
LF:89
LH:56
BRDA:16,0,0,0
BRDA:16,0,1,8
BRDA:20,1,0,0
BRDA:20,1,1,8
BRDA:40,2,0,0
BRDA:40,2,1,1
BRDA:41,3,0,0
BRDA:41,3,1,1
BRDA:42,4,0,0
BRDA:42,4,1,1
BRDA:43,5,0,0
BRDA:43,5,1,1
BRDA:44,6,0,0
BRDA:44,6,1,1
BRDA:57,7,0,1
BRDA:57,7,1,0
BRDA:57,8,0,1
BRDA:57,8,1,0
BRDA:79,9,0,0
BRDA:79,9,1,0
BRDA:91,10,0,0
BRDA:91,10,1,0
BRDA:114,11,0,0
BRDA:114,11,1,3
BRDA:115,12,0,0
BRDA:115,12,1,3
BRDA:116,13,0,0
BRDA:116,13,1,3
BRDA:117,14,0,0
BRDA:117,14,1,3
BRDA:118,15,0,0
BRDA:118,15,1,3
BRDA:122,16,0,1
BRDA:122,16,1,2
BRDA:130,17,0,0
BRDA:130,17,1,2
BRDA:133,18,0,0
BRDA:133,18,1,0
BRDA:147,19,0,0
BRDA:147,19,1,0
BRDA:160,20,0,0
BRDA:160,20,1,0
BRDA:172,21,0,1
BRDA:172,21,1,1
BRF:44
BRH:19
end_of_record
TN:
SF:components\CustomAlert.js
FN:6,(anonymous_0)
FN:19,(anonymous_1)
FN:27,(anonymous_2)
FNF:3
FNH:3
FNDA:9,(anonymous_0)
FNDA:17,(anonymous_1)
FNDA:1,(anonymous_2)
DA:6,5
DA:7,9
DA:20,17
DA:28,1
DA:29,1
DA:50,5
LF:6
LH:6
BRDA:17,0,0,9
BRDA:17,0,1,9
BRDA:21,1,0,17
BRDA:21,1,1,17
BRDA:24,2,0,17
BRDA:24,2,1,8
BRDA:25,3,0,17
BRDA:25,3,1,8
BRDA:35,4,0,17
BRDA:35,4,1,8
BRDA:37,5,0,17
BRDA:37,5,1,8
BRF:12
BRH:12
end_of_record
TN:
SF:components\GroupItem.jsx
FN:6,(anonymous_0)
FN:14,(anonymous_1)
FNF:2
FNH:2
FNDA:2,(anonymous_0)
FNDA:1,(anonymous_1)
DA:6,1
DA:7,2
DA:9,2
DA:15,1
DA:23,1
LF:5
LH:5
BRF:0
BRH:0
end_of_record
TN:
SF:components\UserItem.jsx
FN:10,(anonymous_0)
FN:14,(anonymous_1)
FN:30,(anonymous_2)
FN:65,(anonymous_3)
FN:73,(anonymous_4)
FNF:5
FNH:4
FNDA:8,(anonymous_0)
FNDA:1,(anonymous_1)
FNDA:2,(anonymous_2)
FNDA:0,(anonymous_3)
FNDA:1,(anonymous_4)
DA:10,2
DA:11,8
DA:12,8
DA:14,8
DA:15,1
DA:16,1
DA:20,1
DA:21,1
DA:23,0
DA:26,0
DA:30,8
DA:31,2
DA:34,8
DA:65,0
DA:73,1
DA:80,2
LF:16
LH:13
BRDA:20,0,0,1
BRDA:20,0,1,0
BRDA:45,1,0,8
BRDA:45,1,1,7
BRDA:45,1,2,7
BRF:5
BRH:4
end_of_record
TN:
SF:graph\GraphAuthProvider.js
FN:6,(anonymous_0)
FNF:1
FNH:0
FNDA:0,(anonymous_0)
DA:6,2
DA:7,0
DA:8,0
LF:3
LH:1
BRDA:8,0,0,0
BRDA:8,0,1,0
BRF:2
BRH:0
end_of_record
TN:
SF:graph\GraphManager.js
FN:12,(anonymous_0)
FNF:1
FNH:0
FNDA:0,(anonymous_0)
DA:5,2
DA:9,2
DA:12,2
DA:13,0
DA:14,0
DA:22,0
DA:31,0
DA:33,0
DA:35,0
DA:36,0
DA:38,0
DA:39,0
DA:40,0
DA:52,0
DA:56,0
DA:61,0
DA:70,0
DA:71,0
LF:18
LH:3
BRDA:26,0,0,0
BRDA:26,0,1,0
BRDA:27,1,0,0
BRDA:27,1,1,0
BRDA:38,2,0,0
BRDA:38,2,1,0
BRDA:53,3,0,0
BRDA:53,3,1,0
BRDA:65,4,0,0
BRDA:65,4,1,0
BRDA:66,5,0,0
BRDA:66,5,1,0
BRF:12
BRH:0
end_of_record
TN:
SF:location\LocationSocket.js
FN:6,(anonymous_0)
FN:21,(anonymous_1)
FN:34,(anonymous_2)
FN:37,(anonymous_3)
FN:52,(anonymous_4)
FN:53,(anonymous_5)
FN:68,(anonymous_6)
FN:74,(anonymous_7)
FN:80,(anonymous_8)
FN:81,(anonymous_9)
FN:91,(anonymous_10)
FN:95,(anonymous_11)
FN:100,(anonymous_12)
FN:106,(anonymous_13)
FN:118,(anonymous_14)
FN:134,(anonymous_15)
FN:138,(anonymous_16)
FN:158,(anonymous_17)
FN:178,(anonymous_18)
FN:198,(anonymous_19)
FN:206,(anonymous_20)
FN:219,(anonymous_21)
FN:232,(anonymous_22)
FN:245,(anonymous_23)
FN:249,(anonymous_24)
FN:253,(anonymous_25)
FNF:26
FNH:14
FNDA:10,(anonymous_0)
FNDA:4,(anonymous_1)
FNDA:4,(anonymous_2)
FNDA:0,(anonymous_3)
FNDA:4,(anonymous_4)
FNDA:0,(anonymous_5)
FNDA:0,(anonymous_6)
FNDA:0,(anonymous_7)
FNDA:4,(anonymous_8)
FNDA:4,(anonymous_9)
FNDA:0,(anonymous_10)
FNDA:4,(anonymous_11)
FNDA:4,(anonymous_12)
FNDA:0,(anonymous_13)
FNDA:2,(anonymous_14)
FNDA:1,(anonymous_15)
FNDA:1,(anonymous_16)
FNDA:0,(anonymous_17)
FNDA:0,(anonymous_18)
FNDA:0,(anonymous_19)
FNDA:0,(anonymous_20)
FNDA:0,(anonymous_21)
FNDA:0,(anonymous_22)
FNDA:1,(anonymous_23)
FNDA:1,(anonymous_24)
FNDA:1,(anonymous_25)
DA:7,10
DA:8,10
DA:9,10
DA:10,10
DA:11,10
DA:12,10
DA:13,10
DA:14,10
DA:15,10
DA:16,10
DA:17,10
DA:22,4
DA:23,0
DA:26,4
DA:27,4
DA:28,0
DA:30,4
DA:35,4
DA:38,0
DA:39,0
DA:40,0
DA:41,0
DA:42,0
DA:45,0
DA:53,4
DA:54,0
DA:59,0
DA:69,0
DA:70,0
DA:71,0
DA:72,0
DA:73,0
DA:74,0
DA:76,0
DA:81,4
DA:82,4
DA:83,4
DA:85,4
DA:88,4
DA:91,4
DA:92,0
DA:95,4
DA:96,4
DA:98,4
DA:101,4
DA:102,4
DA:103,4
DA:104,4
DA:106,0
DA:110,0
DA:111,0
DA:115,4
DA:119,2
DA:120,1
DA:121,1
DA:124,1
DA:125,1
DA:126,1
DA:127,1
DA:129,0
DA:130,0
DA:135,1
DA:139,1
DA:140,0
DA:141,0
DA:144,1
DA:145,1
DA:150,1
DA:151,1
DA:153,0
DA:154,0
DA:159,0
DA:160,0
DA:161,0
DA:164,0
DA:165,0
DA:170,0
DA:171,0
DA:173,0
DA:174,0
DA:179,0
DA:180,0
DA:181,0
DA:184,0
DA:185,0
DA:190,0
DA:191,0
DA:193,0
DA:194,0
DA:199,0
DA:200,0
DA:201,0
DA:204,0
DA:207,0
DA:208,0
DA:209,0
DA:210,0
DA:212,0
DA:217,0
DA:220,0
DA:221,0
DA:222,0
DA:223,0
DA:225,0
DA:230,0
DA:233,0
DA:234,0
DA:235,0
DA:236,0
DA:237,0
DA:239,0
DA:246,1
DA:250,1
DA:254,1
DA:255,1
DA:257,1
DA:258,0
DA:260,1
DA:261,0
DA:263,1
DA:264,0
DA:267,1
DA:268,1
DA:269,1
DA:270,1
LF:125
LH:55
BRDA:22,0,0,0
BRDA:22,0,1,4
BRDA:27,1,0,0
BRDA:27,1,1,4
BRDA:41,2,0,0
BRDA:41,2,1,0
BRDA:72,3,0,0
BRDA:72,3,1,0
BRDA:81,4,0,4
BRDA:119,5,0,1
BRDA:119,5,1,1
BRDA:119,6,0,2
BRDA:119,6,1,1
BRDA:139,7,0,0
BRDA:139,7,1,1
BRDA:139,8,0,1
BRDA:139,8,1,1
BRDA:159,9,0,0
BRDA:159,9,1,0
BRDA:159,10,0,0
BRDA:159,10,1,0
BRDA:179,11,0,0
BRDA:179,11,1,0
BRDA:179,12,0,0
BRDA:179,12,1,0
BRDA:199,13,0,0
BRDA:199,13,1,0
BRDA:199,14,0,0
BRDA:199,14,1,0
BRDA:210,15,0,0
BRDA:210,15,1,0
BRDA:223,16,0,0
BRDA:223,16,1,0
BRDA:236,17,0,0
BRDA:236,17,1,0
BRDA:254,18,0,1
BRDA:254,18,1,0
BRDA:257,19,0,0
BRDA:257,19,1,1
BRDA:260,20,0,0
BRDA:260,20,1,1
BRDA:263,21,0,0
BRDA:263,21,1,1
BRDA:267,22,0,1
BRDA:267,22,1,0
BRDA:267,23,0,1
BRDA:267,23,1,1
BRF:47
BRH:17
end_of_record
TN:
SF:menus\CustomDrawerContent.jsx
FN:13,CustomDrawerContent
FNF:1
FNH:1
FNDA:2,CustomDrawerContent
DA:14,2
DA:16,2
DA:43,1
LF:3
LH:3
BRDA:21,0,0,2
BRDA:21,0,1,2
BRDA:27,1,0,2
BRDA:27,1,1,0
BRDA:30,2,0,2
BRDA:30,2,1,0
BRF:6
BRH:4
end_of_record
TN:
SF:menus\DrawerMenu.jsx
FN:11,DrawerMenuContent
FN:16,(anonymous_1)
FNF:2
FNH:2
FNDA:3,DrawerMenuContent
FNDA:3,(anonymous_1)
DA:9,1
DA:12,3
DA:15,3
DA:16,3
DA:20,3
LF:5
LH:5
BRF:0
BRH:0
end_of_record
TN:
SF:screens\AuthLoadingScreen.jsx
FN:12,(anonymous_0)
FN:15,(anonymous_1)
FNF:2
FNH:0
FNDA:0,(anonymous_0)
FNDA:0,(anonymous_1)
DA:12,1
DA:13,0
DA:15,0
DA:16,0
DA:23,0
LF:5
LH:1
BRDA:35,0,0,0
BRDA:35,0,1,0
BRF:2
BRH:0
end_of_record
TN:
SF:screens\EditProfileScreen.jsx
FN:10,(anonymous_0)
FN:21,(anonymous_1)
FN:23,(anonymous_2)
FN:29,(anonymous_3)
FN:37,(anonymous_4)
FN:42,(anonymous_5)
FN:69,(anonymous_6)
FN:94,(anonymous_7)
FNF:8
FNH:0
FNDA:0,(anonymous_0)
FNDA:0,(anonymous_1)
FNDA:0,(anonymous_2)
FNDA:0,(anonymous_3)
FNDA:0,(anonymous_4)
FNDA:0,(anonymous_5)
FNDA:0,(anonymous_6)
FNDA:0,(anonymous_7)
DA:10,1
DA:11,0
DA:12,0
DA:14,0
DA:15,0
DA:21,0
DA:22,0
DA:23,0
DA:24,0
DA:25,0
DA:29,0
DA:30,0
DA:43,0
DA:45,0
DA:50,0
DA:55,0
DA:57,0
DA:58,0
DA:69,0
DA:70,0
DA:73,0
DA:94,0
DA:99,1
LF:23
LH:2
BRF:0
BRH:0
end_of_record
TN:
SF:screens\GroupDetailScreen.jsx
FN:13,(anonymous_0)
FN:29,(anonymous_1)
FN:42,(anonymous_2)
FN:47,(anonymous_3)
FN:48,(anonymous_4)
FN:53,(anonymous_5)
FN:57,(anonymous_6)
FN:76,(anonymous_7)
FN:77,(anonymous_8)
FN:80,(anonymous_9)
FN:102,(anonymous_10)
FN:103,(anonymous_11)
FN:121,(anonymous_12)
FN:132,(anonymous_13)
FN:137,(anonymous_14)
FN:153,(anonymous_15)
FN:158,(anonymous_16)
FN:160,(anonymous_17)
FN:199,(anonymous_18)
FN:221,(anonymous_19)
FN:234,(anonymous_20)
FN:253,(anonymous_21)
FN:261,(anonymous_22)
FNF:23
FNH:0
FNDA:0,(anonymous_0)
FNDA:0,(anonymous_1)
FNDA:0,(anonymous_2)
FNDA:0,(anonymous_3)
FNDA:0,(anonymous_4)
FNDA:0,(anonymous_5)
FNDA:0,(anonymous_6)
FNDA:0,(anonymous_7)
FNDA:0,(anonymous_8)
FNDA:0,(anonymous_9)
FNDA:0,(anonymous_10)
FNDA:0,(anonymous_11)
FNDA:0,(anonymous_12)
FNDA:0,(anonymous_13)
FNDA:0,(anonymous_14)
FNDA:0,(anonymous_15)
FNDA:0,(anonymous_16)
FNDA:0,(anonymous_17)
FNDA:0,(anonymous_18)
FNDA:0,(anonymous_19)
FNDA:0,(anonymous_20)
FNDA:0,(anonymous_21)
FNDA:0,(anonymous_22)
DA:13,1
DA:14,0
DA:15,0
DA:16,0
DA:17,0
DA:18,0
DA:19,0
DA:20,0
DA:21,0
DA:22,0
DA:23,0
DA:29,0
DA:30,0
DA:31,0
DA:32,0
DA:33,0
DA:34,0
DA:36,0
DA:38,0
DA:42,0
DA:43,0
DA:47,0
DA:48,0
DA:49,0
DA:50,0
DA:53,0
DA:57,0
DA:58,0
DA:59,0
DA:60,0
DA:62,0
DA:63,0
DA:65,0
DA:66,0
DA:67,0
DA:69,0
DA:70,0
DA:76,0
DA:77,0
DA:78,0
DA:79,0
DA:80,0
DA:81,0
DA:84,0
DA:85,0
DA:88,0
DA:89,0
DA:91,0
DA:93,0
DA:98,0
DA:102,0
DA:103,0
DA:104,0
DA:105,0
DA:106,0
DA:109,0
DA:110,0
DA:112,0
DA:117,0
DA:121,0
DA:124,0
DA:125,0
DA:126,0
DA:127,0
DA:130,0
DA:132,0
DA:133,0
DA:137,0
DA:138,0
DA:139,0
DA:143,0
DA:144,0
DA:146,0
DA:149,0
DA:153,0
DA:154,0
DA:158,0
DA:159,0
DA:160,0
DA:162,0
DA:165,0
DA:200,0
DA:201,0
DA:202,0
DA:203,0
DA:204,0
DA:205,0
DA:208,0
DA:222,0
DA:235,0
DA:253,0
DA:261,0
DA:267,1
LF:93
LH:2
BRDA:49,0,0,0
BRDA:49,0,1,0
BRDA:62,1,0,0
BRDA:62,1,1,0
BRDA:66,2,0,0
BRDA:66,2,1,0
BRDA:78,3,0,0
BRDA:78,3,1,0
BRDA:104,4,0,0
BRDA:104,4,1,0
BRDA:125,5,0,0
BRDA:125,5,1,0
BRDA:143,6,0,0
BRDA:143,6,1,0
BRDA:168,7,0,0
BRDA:168,7,1,0
BRDA:184,8,0,0
BRDA:184,8,1,0
BRDA:201,9,0,0
BRDA:201,9,1,0
BRDA:202,10,0,0
BRDA:202,10,1,0
BRDA:204,11,0,0
BRDA:204,11,1,0
BRDA:218,12,0,0
BRDA:218,12,1,0
BRF:26
BRH:0
end_of_record
TN:
SF:screens\GroupMapScreen.jsx
FN:37,(anonymous_0)
FN:74,(anonymous_1)
FN:76,(anonymous_2)
FN:82,(anonymous_3)
FN:87,(anonymous_4)
FN:100,(anonymous_5)
FN:114,(anonymous_6)
FN:121,(anonymous_7)
FN:130,(anonymous_8)
FN:145,(anonymous_9)
FN:158,(anonymous_10)
FN:166,(anonymous_11)
FN:170,(anonymous_12)
FN:172,(anonymous_13)
FN:178,(anonymous_14)
FN:193,(anonymous_15)
FN:194,(anonymous_16)
FN:197,(anonymous_17)
FN:198,(anonymous_18)
FN:199,(anonymous_19)
FN:205,(anonymous_20)
FN:206,(anonymous_21)
FN:207,(anonymous_22)
FN:211,(anonymous_23)
FN:218,(anonymous_24)
FN:224,(anonymous_25)
FN:228,(anonymous_26)
FN:229,(anonymous_27)
FN:260,(anonymous_28)
FN:266,(anonymous_29)
FN:267,(anonymous_30)
FN:281,(anonymous_31)
FN:283,(anonymous_32)
FN:284,(anonymous_33)
FN:286,(anonymous_34)
FN:290,(anonymous_35)
FN:292,(anonymous_36)
FN:305,(anonymous_37)
FN:319,(anonymous_38)
FN:332,(anonymous_39)
FN:339,(anonymous_40)
FN:344,(anonymous_41)
FN:350,(anonymous_42)
FN:367,(anonymous_43)
FN:382,(anonymous_44)
FN:397,(anonymous_45)
FN:416,(anonymous_46)
FN:420,(anonymous_47)
FN:424,(anonymous_48)
FN:430,(anonymous_49)
FN:438,(anonymous_50)
FN:441,(anonymous_51)
FN:451,(anonymous_52)
FN:474,(anonymous_53)
FN:478,(anonymous_54)
FN:487,(anonymous_55)
FN:495,(anonymous_56)
FN:500,(anonymous_57)
FN:518,(anonymous_58)
FN:521,(anonymous_59)
FN:531,(anonymous_60)
FN:552,(anonymous_61)
FN:557,(anonymous_62)
FN:560,(anonymous_63)
FN:565,(anonymous_64)
FN:580,(anonymous_65)
FN:582,(anonymous_66)
FN:600,(anonymous_67)
FN:614,(anonymous_68)
FN:615,(anonymous_69)
FN:621,(anonymous_70)
FN:633,(anonymous_71)
FN:636,(anonymous_72)
FN:646,(anonymous_73)
FN:665,(anonymous_74)
FN:686,(anonymous_75)
FN:702,(anonymous_76)
FN:745,(anonymous_77)
FN:754,(anonymous_78)
FN:837,(anonymous_79)
FN:842,(anonymous_80)
FN:854,(anonymous_81)
FN:888,(anonymous_82)
FN:907,(anonymous_83)
FN:921,(anonymous_84)
FN:946,(anonymous_85)
FN:963,(anonymous_86)
FN:989,(anonymous_87)
FN:1007,(anonymous_88)
FNF:89
FNH:0
FNDA:0,(anonymous_0)
FNDA:0,(anonymous_1)
FNDA:0,(anonymous_2)
FNDA:0,(anonymous_3)
FNDA:0,(anonymous_4)
FNDA:0,(anonymous_5)
FNDA:0,(anonymous_6)
FNDA:0,(anonymous_7)
FNDA:0,(anonymous_8)
FNDA:0,(anonymous_9)
FNDA:0,(anonymous_10)
FNDA:0,(anonymous_11)
FNDA:0,(anonymous_12)
FNDA:0,(anonymous_13)
FNDA:0,(anonymous_14)
FNDA:0,(anonymous_15)
FNDA:0,(anonymous_16)
FNDA:0,(anonymous_17)
FNDA:0,(anonymous_18)
FNDA:0,(anonymous_19)
FNDA:0,(anonymous_20)
FNDA:0,(anonymous_21)
FNDA:0,(anonymous_22)
FNDA:0,(anonymous_23)
FNDA:0,(anonymous_24)
FNDA:0,(anonymous_25)
FNDA:0,(anonymous_26)
FNDA:0,(anonymous_27)
FNDA:0,(anonymous_28)
FNDA:0,(anonymous_29)
FNDA:0,(anonymous_30)
FNDA:0,(anonymous_31)
FNDA:0,(anonymous_32)
FNDA:0,(anonymous_33)
FNDA:0,(anonymous_34)
FNDA:0,(anonymous_35)
FNDA:0,(anonymous_36)
FNDA:0,(anonymous_37)
FNDA:0,(anonymous_38)
FNDA:0,(anonymous_39)
FNDA:0,(anonymous_40)
FNDA:0,(anonymous_41)
FNDA:0,(anonymous_42)
FNDA:0,(anonymous_43)
FNDA:0,(anonymous_44)
FNDA:0,(anonymous_45)
FNDA:0,(anonymous_46)
FNDA:0,(anonymous_47)
FNDA:0,(anonymous_48)
FNDA:0,(anonymous_49)
FNDA:0,(anonymous_50)
FNDA:0,(anonymous_51)
FNDA:0,(anonymous_52)
FNDA:0,(anonymous_53)
FNDA:0,(anonymous_54)
FNDA:0,(anonymous_55)
FNDA:0,(anonymous_56)
FNDA:0,(anonymous_57)
FNDA:0,(anonymous_58)
FNDA:0,(anonymous_59)
FNDA:0,(anonymous_60)
FNDA:0,(anonymous_61)
FNDA:0,(anonymous_62)
FNDA:0,(anonymous_63)
FNDA:0,(anonymous_64)
FNDA:0,(anonymous_65)
FNDA:0,(anonymous_66)
FNDA:0,(anonymous_67)
FNDA:0,(anonymous_68)
FNDA:0,(anonymous_69)
FNDA:0,(anonymous_70)
FNDA:0,(anonymous_71)
FNDA:0,(anonymous_72)
FNDA:0,(anonymous_73)
FNDA:0,(anonymous_74)
FNDA:0,(anonymous_75)
FNDA:0,(anonymous_76)
FNDA:0,(anonymous_77)
FNDA:0,(anonymous_78)
FNDA:0,(anonymous_79)
FNDA:0,(anonymous_80)
FNDA:0,(anonymous_81)
FNDA:0,(anonymous_82)
FNDA:0,(anonymous_83)
FNDA:0,(anonymous_84)
FNDA:0,(anonymous_85)
FNDA:0,(anonymous_86)
FNDA:0,(anonymous_87)
FNDA:0,(anonymous_88)
DA:22,1
DA:37,1
DA:38,0
DA:39,0
DA:40,0
DA:41,0
DA:42,0
DA:43,0
DA:44,0
DA:45,0
DA:46,0
DA:47,0
DA:48,0
DA:49,0
DA:50,0
DA:51,0
DA:57,0
DA:58,0
DA:59,0
DA:60,0
DA:61,0
DA:62,0
DA:63,0
DA:64,0
DA:65,0
DA:67,0
DA:68,0
DA:74,0
DA:75,0
DA:76,0
DA:77,0
DA:78,0
DA:82,0
DA:83,0
DA:84,0
DA:85,0
DA:86,0
DA:87,0
DA:96,0
DA:100,0
DA:101,0
DA:102,0
DA:105,0
DA:106,0
DA:107,0
DA:110,0
DA:114,0
DA:116,0
DA:117,0
DA:118,0
DA:123,0
DA:124,0
DA:125,0
DA:127,0
DA:130,0
DA:131,0
DA:132,0
DA:135,0
DA:140,0
DA:141,0
DA:145,0
DA:146,0
DA:147,0
DA:148,0
DA:149,0
DA:150,0
DA:151,0
DA:152,0
DA:153,0
DA:155,0
DA:156,0
DA:157,0
DA:158,0
DA:160,0
DA:166,0
DA:167,0
DA:168,0
DA:169,0
DA:170,0
DA:172,0
DA:173,0
DA:174,0
DA:175,0
DA:178,0
DA:193,0
DA:194,0
DA:197,0
DA:198,0
DA:199,0
DA:200,0
DA:205,0
DA:206,0
DA:207,0
DA:211,0
DA:212,0
DA:213,0
DA:214,0
DA:215,0
DA:218,0
DA:219,0
DA:220,0
DA:221,0
DA:222,0
DA:223,0
DA:228,0
DA:229,0
DA:230,0
DA:231,0
DA:233,0
DA:234,0
DA:235,0
DA:237,0
DA:238,0
DA:244,0
DA:246,0
DA:247,0
DA:248,0
DA:249,0
DA:251,0
DA:252,0
DA:254,0
DA:258,0
DA:260,0
DA:261,0
DA:262,0
DA:266,0
DA:267,0
DA:268,0
DA:270,0
DA:271,0
DA:278,0
DA:281,0
DA:282,0
DA:283,0
DA:284,0
DA:286,0
DA:290,0
DA:291,0
DA:292,0
DA:293,0
DA:294,0
DA:295,0
DA:298,0
DA:306,0
DA:319,0
DA:324,0
DA:328,0
DA:329,0
DA:335,0
DA:336,0
DA:344,0
DA:345,0
DA:346,0
DA:347,0
DA:350,0
DA:352,0
DA:353,0
DA:361,0
DA:364,0
DA:367,0
DA:368,0
DA:369,0
DA:378,0
DA:382,0
DA:384,0
DA:385,0
DA:390,0
DA:394,0
DA:401,0
DA:403,0
DA:404,0
DA:416,0
DA:417,0
DA:420,0
DA:421,0
DA:424,0
DA:425,0
DA:426,0
DA:427,0
DA:430,0
DA:431,0
DA:432,0
DA:433,0
DA:435,0
DA:438,0
DA:439,0
DA:440,0
DA:443,0
DA:446,0
DA:447,0
DA:448,0
DA:453,0
DA:456,0
DA:464,0
DA:465,0
DA:468,0
DA:469,0
DA:470,0
DA:471,0
DA:474,0
DA:475,0
DA:479,0
DA:480,0
DA:481,0
DA:482,0
DA:488,0
DA:501,0
DA:502,0
DA:518,0
DA:519,0
DA:520,0
DA:523,0
DA:526,0
DA:527,0
DA:528,0
DA:533,0
DA:536,0
DA:542,0
DA:543,0
DA:546,0
DA:547,0
DA:548,0
DA:549,0
DA:552,0
DA:553,0
DA:554,0
DA:557,0
DA:558,0
DA:561,0
DA:562,0
DA:565,0
DA:566,0
DA:567,0
DA:568,0
DA:569,0
DA:570,0
DA:572,0
DA:573,0
DA:574,0
DA:575,0
DA:576,0
DA:577,0
DA:580,0
DA:581,0
DA:582,0
DA:586,0
DA:587,0
DA:592,0
DA:600,0
DA:601,0
DA:602,0
DA:614,0
DA:615,0
DA:616,0
DA:617,0
DA:618,0
DA:619,0
DA:621,0
DA:622,0
DA:623,0
DA:624,0
DA:625,0
DA:626,0
DA:630,0
DA:633,0
DA:636,0
DA:637,0
DA:639,0
DA:640,0
DA:646,0
DA:647,0
DA:650,0
DA:651,0
DA:659,0
DA:660,0
DA:665,0
DA:673,0
DA:687,0
DA:702,0
DA:746,0
DA:754,0
DA:837,0
DA:842,0
DA:855,0
DA:858,0
DA:889,0
DA:890,0
DA:891,0
DA:907,0
DA:921,0
DA:947,0
DA:948,0
DA:949,0
DA:950,0
DA:963,0
DA:990,0
DA:991,0
DA:992,0
DA:993,0
DA:1007,0
DA:1013,1
LF:301
LH:3
BRDA:85,0,0,0
BRDA:85,0,1,0
BRDA:90,1,0,0
BRDA:90,1,1,0
BRDA:91,2,0,0
BRDA:91,2,1,0
BRDA:105,3,0,0
BRDA:105,3,1,0
BRDA:117,4,0,0
BRDA:117,4,1,0
BRDA:145,5,0,0
BRDA:156,6,0,0
BRDA:156,6,1,0
BRDA:167,7,0,0
BRDA:167,7,1,0
BRDA:169,8,0,0
BRDA:169,8,1,0
BRDA:185,9,0,0
BRDA:185,9,1,0
BRDA:186,10,0,0
BRDA:186,10,1,0
BRDA:187,11,0,0
BRDA:187,11,1,0
BRDA:188,12,0,0
BRDA:188,12,1,0
BRDA:200,13,0,0
BRDA:200,13,1,0
BRDA:235,14,0,0
BRDA:235,14,1,0
BRDA:262,15,0,0
BRDA:262,15,1,0
BRDA:270,16,0,0
BRDA:270,16,1,0
BRDA:282,17,0,0
BRDA:282,17,1,0
BRDA:324,18,0,0
BRDA:324,18,1,0
BRDA:345,19,0,0
BRDA:345,19,1,0
BRDA:352,20,0,0
BRDA:352,20,1,0
BRDA:352,21,0,0
BRDA:352,21,1,0
BRDA:355,22,0,0
BRDA:355,22,1,0
BRDA:356,23,0,0
BRDA:356,23,1,0
BRDA:368,24,0,0
BRDA:368,24,1,0
BRDA:384,25,0,0
BRDA:384,25,1,0
BRDA:384,26,0,0
BRDA:384,26,1,0
BRDA:403,27,0,0
BRDA:403,27,1,0
BRDA:431,28,0,0
BRDA:431,28,1,0
BRDA:439,29,0,0
BRDA:439,29,1,0
BRDA:447,30,0,0
BRDA:447,30,1,0
BRDA:447,31,0,0
BRDA:447,31,1,0
BRDA:464,32,0,0
BRDA:464,32,1,0
BRDA:501,33,0,0
BRDA:501,33,1,0
BRDA:519,34,0,0
BRDA:519,34,1,0
BRDA:527,35,0,0
BRDA:527,35,1,0
BRDA:527,36,0,0
BRDA:527,36,1,0
BRDA:542,37,0,0
BRDA:542,37,1,0
BRDA:558,38,0,0
BRDA:558,38,1,0
BRDA:561,39,0,0
BRDA:561,39,1,0
BRDA:566,40,0,0
BRDA:566,40,1,0
BRDA:572,41,0,0
BRDA:572,41,1,0
BRDA:573,42,0,0
BRDA:573,42,1,0
BRDA:574,43,0,0
BRDA:574,43,1,0
BRDA:577,44,0,0
BRDA:577,44,1,0
BRDA:581,45,0,0
BRDA:581,45,1,0
BRDA:581,46,0,0
BRDA:581,46,1,0
BRDA:586,47,0,0
BRDA:586,47,1,0
BRDA:601,48,0,0
BRDA:601,48,1,0
BRDA:601,49,0,0
BRDA:601,49,1,0
BRDA:622,50,0,0
BRDA:622,50,1,0
BRDA:624,51,0,0
BRDA:624,51,1,0
BRDA:624,52,0,0
BRDA:624,52,1,0
BRDA:630,53,0,0
BRDA:630,53,1,0
BRDA:637,54,0,0
BRDA:637,54,1,0
BRDA:641,55,0,0
BRDA:641,55,1,0
BRDA:650,56,0,0
BRDA:650,56,1,0
BRDA:659,57,0,0
BRDA:659,57,1,0
BRDA:694,58,0,0
BRDA:694,58,1,0
BRDA:698,59,0,0
BRDA:698,59,1,0
BRDA:718,60,0,0
BRDA:718,60,1,0
BRDA:731,61,0,0
BRDA:731,61,1,0
BRDA:746,62,0,0
BRDA:746,62,1,0
BRDA:758,63,0,0
BRDA:758,63,1,0
BRDA:765,64,0,0
BRDA:765,64,1,0
BRDA:781,65,0,0
BRDA:781,65,1,0
BRDA:782,66,0,0
BRDA:782,66,1,0
BRDA:807,67,0,0
BRDA:807,67,1,0
BRDA:821,68,0,0
BRDA:821,68,1,0
BRDA:828,69,0,0
BRDA:828,69,1,0
BRDA:848,70,0,0
BRDA:848,70,1,0
BRDA:852,71,0,0
BRDA:852,71,1,0
BRDA:855,72,0,0
BRDA:855,72,1,0
BRDA:863,73,0,0
BRDA:863,73,1,0
BRDA:863,73,2,0
BRDA:869,74,0,0
BRDA:869,74,1,0
BRDA:875,75,0,0
BRDA:875,75,1,0
BRDA:890,76,0,0
BRDA:890,76,1,0
BRF:154
BRH:0
end_of_record
TN:
SF:screens\ProfilePictureSettings.jsx
FN:21,(anonymous_0)
FN:27,(anonymous_1)
FN:52,(anonymous_2)
FN:55,(anonymous_3)
FN:66,(anonymous_4)
FNF:5
FNH:0
FNDA:0,(anonymous_0)
FNDA:0,(anonymous_1)
FNDA:0,(anonymous_2)
FNDA:0,(anonymous_3)
FNDA:0,(anonymous_4)
DA:8,1
DA:21,1
DA:22,0
DA:24,0
DA:25,0
DA:27,0
DA:28,0
DA:29,0
DA:35,0
DA:36,0
DA:37,0
DA:45,0
DA:48,0
DA:52,0
DA:53,0
DA:55,0
DA:61,0
DA:66,0
DA:72,1
LF:19
LH:3
BRDA:35,0,0,0
BRDA:35,0,1,0
BRF:2
BRH:0
end_of_record
TN:
SF:screens\SignInScreen.jsx
FN:9,(anonymous_0)
FN:13,(anonymous_1)
FNF:2
FNH:0
FNDA:0,(anonymous_0)
FNDA:0,(anonymous_1)
DA:9,1
DA:10,0
DA:11,0
DA:13,0
DA:14,0
DA:16,0
DA:19,0
DA:20,0
DA:21,0
DA:25,0
DA:35,0
DA:36,0
DA:44,0
LF:13
LH:1
BRDA:20,0,0,0
BRDA:20,0,1,0
BRDA:32,1,0,0
BRDA:32,1,1,0
BRDA:38,2,0,0
BRDA:38,2,1,0
BRF:6
BRH:0
end_of_record
TN:
SF:styles\AuthLoadingScreenStyles.js
FNF:0
FNH:0
LF:0
LH:0
BRF:0
BRH:0
end_of_record
TN:
SF:styles\CustomAlertStyles.js
FNF:0
FNH:0
LF:0
LH:0
BRF:0
BRH:0
end_of_record
TN:
SF:styles\DrawerMenuStyles.js
FNF:0
FNH:0
LF:0
LH:0
BRF:0
BRH:0
end_of_record
TN:
SF:styles\EditProfileScreenStyles.js
FNF:0
FNH:0
LF:0
LH:0
BRF:0
BRH:0
end_of_record
TN:
SF:styles\GroupDetailScreenStyles.js
FNF:0
FNH:0
LF:0
LH:0
BRF:0
BRH:0
end_of_record
TN:
SF:styles\GroupItemStyles.js
FNF:0
FNH:0
LF:0
LH:0
BRF:0
BRH:0
end_of_record
TN:
SF:styles\GroupMapScreenStyles.js
FNF:0
FNH:0
LF:0
LH:0
BRF:0
BRH:0
end_of_record
TN:
SF:styles\GroupScreenStyles.js
FNF:0
FNH:0
LF:0
LH:0
BRF:0
BRH:0
end_of_record
TN:
SF:styles\HomeScreenStyles.js
FNF:0
FNH:0
DA:3,1
LF:1
LH:1
BRF:0
BRH:0
end_of_record
TN:
SF:styles\ProfilePictureSettingsStyles.js
FNF:0
FNH:0
LF:0
LH:0
BRF:0
BRH:0
end_of_record
TN:
SF:styles\SigninScreenStyles.js
FNF:0
FNH:0
LF:0
LH:0
BRF:0
BRH:0
end_of_record
TN:
SF:styles\UserItemStyles.js
FNF:0
FNH:0
LF:0
LH:0
BRF:0
BRH:0
end_of_record
