TN:
SF:App.js
FN:43,(anonymous_0)
FN:85,App
FN:87,(anonymous_2)
FN:124,(anonymous_3)
FN:125,(anonymous_4)
FN:160,(anonymous_5)
FN:161,(anonymous_6)
FN:187,(anonymous_7)
FNF:8
FNH:6
FNDA:30,(anonymous_0)
FNDA:24,App
FNDA:15,(anonymous_2)
FNDA:14,(anonymous_3)
FNDA:14,(anonymous_4)
FNDA:4,(anonymous_5)
FNDA:0,(anonymous_6)
FNDA:0,(anonymous_7)
DA:17,5
DA:19,5
DA:32,5
DA:43,5
DA:44,30
DA:45,16
DA:48,14
DA:49,10
DA:52,4
DA:86,24
DA:88,15
DA:90,10
DA:96,1
DA:102,1
DA:108,2
DA:113,1
DA:124,23
DA:125,14
DA:126,14
DA:127,14
DA:128,14
DA:129,12
DA:130,12
DA:131,6
DA:132,5
DA:133,5
DA:146,5
DA:148,6
DA:151,2
DA:152,2
DA:156,14
DA:159,23
DA:160,4
DA:162,0
DA:163,0
DA:164,0
DA:165,0
DA:166,0
DA:167,0
DA:180,0
DA:181,0
DA:183,0
DA:184,0
DA:188,0
DA:189,0
DA:201,0
DA:207,23
LF:47
LH:34
BRDA:44,0,0,16
BRDA:44,0,1,14
BRDA:48,1,0,10
BRDA:48,1,1,4
BRDA:88,2,0,10
BRDA:88,2,1,1
BRDA:88,2,2,1
BRDA:88,2,3,2
BRDA:88,2,4,1
BRDA:130,3,0,6
BRDA:130,3,1,6
BRDA:130,4,0,12
BRDA:130,4,1,6
BRDA:132,5,0,5
BRDA:132,5,1,0
BRDA:166,6,0,0
BRDA:166,6,1,0
BRF:17
BRH:14
end_of_record
TN:
SF:AuthContext.jsx
FN:4,(anonymous_0)
FN:5,(anonymous_1)
FNF:2
FNH:0
FNDA:0,(anonymous_0)
FNDA:0,(anonymous_1)
DA:3,6
LF:1
LH:1
BRF:0
BRH:0
end_of_record
TN:
SF:MainScreen.js
FN:4,(anonymous_0)
FNF:1
FNH:1
FNDA:2,(anonymous_0)
DA:4,2
DA:5,2
LF:2
LH:2
BRF:0
BRH:0
end_of_record
TN:
SF:PushNotificationManager.js
FN:6,(anonymous_0)
FN:13,registerForPushNotificationsAsync
FN:63,setupNotificationListener
FN:65,(anonymous_3)
FNF:4
FNH:3
FNDA:0,(anonymous_0)
FNDA:8,registerForPushNotificationsAsync
FNDA:5,setupNotificationListener
FNDA:2,(anonymous_3)
DA:5,2
DA:6,0
DA:16,8
DA:17,8
DA:18,8
DA:20,8
DA:21,8
DA:22,8
DA:24,8
DA:25,2
DA:26,2
DA:27,2
DA:30,8
DA:31,2
DA:32,2
DA:35,6
DA:36,6
DA:37,6
DA:40,5
DA:41,5
DA:43,1
DA:46,6
DA:47,1
DA:48,1
DA:56,0
DA:59,6
DA:60,6
DA:64,5
DA:65,5
LF:29
LH:27
BRDA:17,0,0,8
BRDA:17,0,1,0
BRDA:24,1,0,2
BRDA:24,1,1,6
BRDA:30,2,0,2
BRDA:30,2,1,6
BRDA:46,3,0,1
BRDA:46,3,1,5
BRF:8
BRH:7
end_of_record
TN:
SF:UserContext.jsx
FN:12,(anonymous_0)
FN:15,(anonymous_1)
FN:30,(anonymous_2)
FN:35,(anonymous_3)
FNF:4
FNH:3
FNDA:0,(anonymous_0)
FNDA:9,(anonymous_1)
FNDA:8,(anonymous_2)
FNDA:8,(anonymous_3)
DA:4,10
DA:15,10
DA:16,9
DA:19,9
DA:30,9
DA:31,8
DA:34,9
DA:35,8
DA:39,9
LF:9
LH:9
BRF:0
BRH:0
end_of_record
TN:
SF:api\ApiClient.js
FN:3,(anonymous_0)
FNF:1
FNH:1
FNDA:5,(anonymous_0)
DA:2,4
DA:3,4
DA:4,5
DA:6,5
DA:7,5
DA:8,1
DA:11,4
DA:20,3
DA:21,1
DA:24,2
DA:26,3
LF:11
LH:11
BRDA:3,0,0,4
BRDA:3,1,0,4
BRDA:7,2,0,1
BRDA:7,2,1,4
BRDA:17,3,0,1
BRDA:17,3,1,3
BRDA:20,4,0,1
BRDA:20,4,1,2
BRF:8
BRH:8
end_of_record
TN:
SF:auth\AuthConfig.js
FNF:0
FNH:0
DA:1,5
LF:1
LH:1
BRF:0
BRH:0
end_of_record
TN:
SF:auth\AuthManager.js
FN:15,(anonymous_0)
FN:38,(anonymous_1)
FN:104,(anonymous_2)
FN:108,(anonymous_3)
FN:112,(anonymous_4)
FN:185,(anonymous_5)
FN:189,(anonymous_6)
FN:193,(anonymous_7)
FN:204,(anonymous_8)
FNF:9
FNH:9
FNDA:5,(anonymous_0)
FNDA:6,(anonymous_1)
FNDA:1,(anonymous_2)
FNDA:1,(anonymous_3)
FNDA:11,(anonymous_4)
FNDA:1,(anonymous_5)
FNDA:1,(anonymous_6)
FNDA:2,(anonymous_7)
FNDA:12,(anonymous_8)
DA:8,5
DA:15,5
DA:16,5
DA:17,0
DA:20,5
DA:21,0
DA:24,5
DA:27,5
DA:28,5
DA:32,5
DA:38,5
DA:39,6
DA:40,6
DA:41,6
DA:42,6
DA:43,6
DA:44,6
DA:46,6
DA:47,6
DA:56,6
DA:57,5
DA:58,2
DA:59,2
DA:64,3
DA:66,3
DA:79,3
DA:80,1
DA:81,1
DA:84,2
DA:88,2
DA:90,2
DA:91,2
DA:92,1
DA:94,2
DA:96,2
DA:98,4
DA:99,4
DA:104,5
DA:105,1
DA:108,5
DA:109,1
DA:112,5
DA:113,11
DA:114,11
DA:115,11
DA:116,11
DA:117,11
DA:118,11
DA:120,11
DA:121,11
DA:122,11
DA:123,1
DA:124,1
DA:127,10
DA:128,10
DA:130,10
DA:131,0
DA:132,0
DA:133,0
DA:134,0
DA:135,0
DA:138,0
DA:147,0
DA:148,0
DA:152,0
DA:155,0
DA:159,0
DA:160,0
DA:161,0
DA:166,0
DA:168,0
DA:171,10
DA:172,10
DA:173,7
DA:174,7
DA:177,3
DA:179,0
DA:180,0
DA:185,5
DA:186,1
DA:189,5
DA:190,1
DA:193,5
DA:194,2
DA:195,2
DA:203,2
DA:204,12
DA:207,1
DA:208,1
LF:89
LH:70
BRDA:16,0,0,0
BRDA:16,0,1,5
BRDA:20,1,0,0
BRDA:20,1,1,5
BRDA:40,2,0,0
BRDA:40,2,1,6
BRDA:41,3,0,0
BRDA:41,3,1,6
BRDA:42,4,0,0
BRDA:42,4,1,6
BRDA:43,5,0,0
BRDA:43,5,1,6
BRDA:44,6,0,0
BRDA:44,6,1,6
BRDA:57,7,0,2
BRDA:57,7,1,3
BRDA:57,8,0,5
BRDA:57,8,1,4
BRDA:79,9,0,1
BRDA:79,9,1,2
BRDA:91,10,0,1
BRDA:91,10,1,1
BRDA:114,11,0,0
BRDA:114,11,1,11
BRDA:115,12,0,0
BRDA:115,12,1,11
BRDA:116,13,0,0
BRDA:116,13,1,11
BRDA:117,14,0,0
BRDA:117,14,1,11
BRDA:118,15,0,0
BRDA:118,15,1,11
BRDA:122,16,0,1
BRDA:122,16,1,10
BRDA:130,17,0,0
BRDA:130,17,1,10
BRDA:133,18,0,0
BRDA:133,18,1,0
BRDA:147,19,0,0
BRDA:147,19,1,0
BRDA:160,20,0,0
BRDA:160,20,1,0
BRDA:172,21,0,7
BRDA:172,21,1,3
BRF:44
BRH:25
end_of_record
TN:
SF:components\CustomAlert.js
FN:6,(anonymous_0)
FN:19,(anonymous_1)
FN:27,(anonymous_2)
FNF:3
FNH:3
FNDA:62,(anonymous_0)
FNDA:53,(anonymous_1)
FNDA:4,(anonymous_2)
DA:6,5
DA:7,62
DA:20,53
DA:28,4
DA:29,4
DA:50,5
LF:6
LH:6
BRDA:17,0,0,62
BRDA:17,0,1,27
BRDA:21,1,0,53
BRDA:21,1,1,53
BRDA:24,2,0,53
BRDA:24,2,1,26
BRDA:25,3,0,53
BRDA:25,3,1,26
BRDA:35,4,0,53
BRDA:35,4,1,26
BRDA:37,5,0,53
BRDA:37,5,1,26
BRF:12
BRH:12
end_of_record
TN:
SF:components\GroupItem.jsx
FN:6,(anonymous_0)
FN:14,(anonymous_1)
FNF:2
FNH:2
FNDA:2,(anonymous_0)
FNDA:1,(anonymous_1)
DA:6,2
DA:7,2
DA:9,2
DA:15,1
DA:23,2
LF:5
LH:5
BRF:0
BRH:0
end_of_record
TN:
SF:components\UserItem.jsx
FN:10,(anonymous_0)
FN:14,(anonymous_1)
FN:30,(anonymous_2)
FN:65,(anonymous_3)
FN:73,(anonymous_4)
FNF:5
FNH:5
FNDA:19,(anonymous_0)
FNDA:3,(anonymous_1)
FNDA:5,(anonymous_2)
FNDA:1,(anonymous_3)
FNDA:4,(anonymous_4)
DA:10,3
DA:11,19
DA:12,19
DA:14,19
DA:15,3
DA:16,3
DA:20,2
DA:21,1
DA:23,1
DA:26,1
DA:30,19
DA:31,5
DA:34,19
DA:65,1
DA:73,4
DA:80,3
LF:16
LH:16
BRDA:20,0,0,1
BRDA:20,0,1,1
BRDA:45,1,0,19
BRDA:45,1,1,17
BRDA:45,1,2,16
BRF:5
BRH:5
end_of_record
TN:
SF:graph\GraphAuthProvider.js
FN:6,(anonymous_0)
FNF:1
FNH:1
FNDA:3,(anonymous_0)
DA:6,5
DA:7,3
DA:8,3
LF:3
LH:3
BRDA:8,0,0,3
BRDA:8,0,1,2
BRF:2
BRH:2
end_of_record
TN:
SF:graph\GraphManager.js
FN:12,(anonymous_0)
FNF:1
FNH:1
FNDA:5,(anonymous_0)
DA:5,2
DA:9,2
DA:12,2
DA:13,5
DA:14,5
DA:22,4
DA:31,4
DA:33,4
DA:35,4
DA:36,4
DA:38,4
DA:39,3
DA:40,3
DA:52,3
DA:56,1
DA:61,4
DA:70,1
DA:71,1
LF:18
LH:18
BRDA:26,0,0,4
BRDA:26,0,1,1
BRDA:27,1,0,4
BRDA:27,1,1,2
BRDA:38,2,0,3
BRDA:38,2,1,1
BRDA:53,3,0,3
BRDA:53,3,1,1
BRDA:65,4,0,4
BRDA:65,4,1,1
BRDA:66,5,0,4
BRDA:66,5,1,2
BRF:12
BRH:12
end_of_record
TN:
SF:location\LocationSocket.js
FN:6,(anonymous_0)
FN:21,(anonymous_1)
FN:34,(anonymous_2)
FN:37,(anonymous_3)
FN:52,(anonymous_4)
FN:53,(anonymous_5)
FN:68,(anonymous_6)
FN:74,(anonymous_7)
FN:80,(anonymous_8)
FN:81,(anonymous_9)
FN:91,(anonymous_10)
FN:95,(anonymous_11)
FN:100,(anonymous_12)
FN:106,(anonymous_13)
FN:118,(anonymous_14)
FN:134,(anonymous_15)
FN:138,(anonymous_16)
FN:158,(anonymous_17)
FN:178,(anonymous_18)
FN:198,(anonymous_19)
FN:206,(anonymous_20)
FN:219,(anonymous_21)
FN:232,(anonymous_22)
FN:245,(anonymous_23)
FN:249,(anonymous_24)
FN:253,(anonymous_25)
FNF:26
FNH:23
FNDA:35,(anonymous_0)
FNDA:29,(anonymous_1)
FNDA:26,(anonymous_2)
FNDA:2,(anonymous_3)
FNDA:26,(anonymous_4)
FNDA:0,(anonymous_5)
FNDA:2,(anonymous_6)
FNDA:1,(anonymous_7)
FNDA:27,(anonymous_8)
FNDA:27,(anonymous_9)
FNDA:0,(anonymous_10)
FNDA:26,(anonymous_11)
FNDA:26,(anonymous_12)
FNDA:0,(anonymous_13)
FNDA:3,(anonymous_14)
FNDA:1,(anonymous_15)
FNDA:3,(anonymous_16)
FNDA:3,(anonymous_17)
FNDA:3,(anonymous_18)
FNDA:8,(anonymous_19)
FNDA:2,(anonymous_20)
FNDA:2,(anonymous_21)
FNDA:2,(anonymous_22)
FNDA:2,(anonymous_23)
FNDA:2,(anonymous_24)
FNDA:4,(anonymous_25)
DA:7,35
DA:8,35
DA:9,35
DA:10,35
DA:11,35
DA:12,35
DA:13,35
DA:14,35
DA:15,35
DA:16,35
DA:17,35
DA:22,29
DA:23,1
DA:26,28
DA:27,27
DA:28,1
DA:30,26
DA:35,26
DA:38,2
DA:39,2
DA:40,1
DA:41,1
DA:42,1
DA:45,1
DA:53,26
DA:54,0
DA:59,0
DA:69,2
DA:70,2
DA:71,2
DA:72,2
DA:73,1
DA:74,1
DA:76,1
DA:81,27
DA:82,27
DA:83,27
DA:85,26
DA:88,26
DA:91,26
DA:92,0
DA:95,26
DA:96,26
DA:98,26
DA:101,26
DA:102,26
DA:103,26
DA:104,26
DA:106,0
DA:110,1
DA:111,1
DA:115,27
DA:119,3
DA:120,1
DA:121,1
DA:124,2
DA:125,2
DA:126,1
DA:127,1
DA:129,1
DA:130,1
DA:135,1
DA:139,3
DA:140,1
DA:141,1
DA:144,2
DA:145,2
DA:150,1
DA:151,1
DA:153,1
DA:154,1
DA:159,3
DA:160,1
DA:161,1
DA:164,2
DA:165,2
DA:170,1
DA:171,1
DA:173,1
DA:174,1
DA:179,3
DA:180,1
DA:181,1
DA:184,2
DA:185,2
DA:190,1
DA:191,1
DA:193,1
DA:194,1
DA:199,8
DA:200,1
DA:201,1
DA:204,7
DA:207,2
DA:208,2
DA:209,1
DA:210,1
DA:212,1
DA:217,7
DA:220,2
DA:221,2
DA:222,1
DA:223,1
DA:225,1
DA:230,7
DA:233,2
DA:234,2
DA:235,1
DA:236,1
DA:237,1
DA:239,1
DA:246,2
DA:250,2
DA:254,4
DA:255,3
DA:257,4
DA:258,3
DA:260,4
DA:261,4
DA:263,4
DA:264,4
DA:267,4
DA:268,2
DA:269,2
DA:270,2
LF:125
LH:121
BRDA:22,0,0,1
BRDA:22,0,1,28
BRDA:27,1,0,1
BRDA:27,1,1,26
BRDA:41,2,0,1
BRDA:41,2,1,0
BRDA:72,3,0,1
BRDA:72,3,1,1
BRDA:81,4,0,27
BRDA:119,5,0,1
BRDA:119,5,1,2
BRDA:119,6,0,3
BRDA:119,6,1,2
BRDA:139,7,0,1
BRDA:139,7,1,2
BRDA:139,8,0,3
BRDA:139,8,1,2
BRDA:159,9,0,1
BRDA:159,9,1,2
BRDA:159,10,0,3
BRDA:159,10,1,2
BRDA:179,11,0,1
BRDA:179,11,1,2
BRDA:179,12,0,3
BRDA:179,12,1,2
BRDA:199,13,0,1
BRDA:199,13,1,7
BRDA:199,14,0,8
BRDA:199,14,1,7
BRDA:210,15,0,1
BRDA:210,15,1,0
BRDA:223,16,0,1
BRDA:223,16,1,0
BRDA:236,17,0,1
BRDA:236,17,1,0
BRDA:254,18,0,3
BRDA:254,18,1,1
BRDA:257,19,0,3
BRDA:257,19,1,1
BRDA:260,20,0,4
BRDA:260,20,1,0
BRDA:263,21,0,4
BRDA:263,21,1,0
BRDA:267,22,0,2
BRDA:267,22,1,2
BRDA:267,23,0,4
BRDA:267,23,1,3
BRF:47
BRH:41
end_of_record
TN:
SF:menus\CustomDrawerContent.jsx
FN:13,CustomDrawerContent
FNF:1
FNH:1
FNDA:2,CustomDrawerContent
DA:14,2
DA:16,2
DA:43,2
LF:3
LH:3
BRDA:21,0,0,2
BRDA:21,0,1,2
BRDA:27,1,0,2
BRDA:27,1,1,0
BRDA:30,2,0,2
BRDA:30,2,1,0
BRF:6
BRH:4
end_of_record
TN:
SF:menus\DrawerMenu.jsx
FN:11,DrawerMenuContent
FN:16,(anonymous_1)
FNF:2
FNH:2
FNDA:3,DrawerMenuContent
FNDA:3,(anonymous_1)
DA:9,2
DA:12,3
DA:15,3
DA:16,3
DA:20,3
LF:5
LH:5
BRF:0
BRH:0
end_of_record
TN:
SF:screens\AuthLoadingScreen.jsx
FN:12,(anonymous_0)
FN:15,(anonymous_1)
FNF:2
FNH:2
FNDA:2,(anonymous_0)
FNDA:1,(anonymous_1)
DA:12,2
DA:13,2
DA:15,1
DA:16,1
DA:23,1
LF:5
LH:5
BRDA:39,0,0,0
BRDA:39,0,1,1
BRF:2
BRH:1
end_of_record
TN:
SF:screens\EditProfileScreen.jsx
FN:10,(anonymous_0)
FN:21,(anonymous_1)
FN:23,(anonymous_2)
FN:29,(anonymous_3)
FN:37,(anonymous_4)
FN:42,(anonymous_5)
FN:69,(anonymous_6)
FN:98,(anonymous_7)
FNF:8
FNH:5
FNDA:8,(anonymous_0)
FNDA:3,(anonymous_1)
FNDA:3,(anonymous_2)
FNDA:3,(anonymous_3)
FNDA:0,(anonymous_4)
FNDA:0,(anonymous_5)
FNDA:1,(anonymous_6)
FNDA:0,(anonymous_7)
DA:10,2
DA:11,8
DA:12,8
DA:14,8
DA:15,8
DA:21,8
DA:22,3
DA:23,3
DA:24,3
DA:25,3
DA:29,8
DA:30,3
DA:43,0
DA:45,0
DA:50,0
DA:55,0
DA:57,0
DA:58,0
DA:69,8
DA:70,1
DA:73,8
DA:98,0
DA:104,2
LF:23
LH:16
BRF:0
BRH:0
end_of_record
TN:
SF:screens\GroupDetailScreen.jsx
FN:13,(anonymous_0)
FN:29,(anonymous_1)
FN:42,(anonymous_2)
FN:47,(anonymous_3)
FN:48,(anonymous_4)
FN:53,(anonymous_5)
FN:57,(anonymous_6)
FN:76,(anonymous_7)
FN:77,(anonymous_8)
FN:80,(anonymous_9)
FN:102,(anonymous_10)
FN:103,(anonymous_11)
FN:121,(anonymous_12)
FN:132,(anonymous_13)
FN:137,(anonymous_14)
FN:153,(anonymous_15)
FN:158,(anonymous_16)
FN:160,(anonymous_17)
FN:203,(anonymous_18)
FN:225,(anonymous_19)
FN:238,(anonymous_20)
FN:257,(anonymous_21)
FN:265,(anonymous_22)
FNF:23
FNH:16
FNDA:7,(anonymous_0)
FNDA:3,(anonymous_1)
FNDA:3,(anonymous_2)
FNDA:6,(anonymous_3)
FNDA:0,(anonymous_4)
FNDA:6,(anonymous_5)
FNDA:3,(anonymous_6)
FNDA:6,(anonymous_7)
FNDA:6,(anonymous_8)
FNDA:2,(anonymous_9)
FNDA:6,(anonymous_10)
FNDA:6,(anonymous_11)
FNDA:3,(anonymous_12)
FNDA:3,(anonymous_13)
FNDA:0,(anonymous_14)
FNDA:0,(anonymous_15)
FNDA:0,(anonymous_16)
FNDA:0,(anonymous_17)
FNDA:4,(anonymous_18)
FNDA:1,(anonymous_19)
FNDA:1,(anonymous_20)
FNDA:0,(anonymous_21)
FNDA:0,(anonymous_22)
DA:13,2
DA:14,7
DA:15,7
DA:16,7
DA:17,7
DA:18,7
DA:19,7
DA:20,7
DA:21,7
DA:22,7
DA:23,7
DA:29,7
DA:30,3
DA:31,3
DA:32,3
DA:33,3
DA:34,3
DA:36,0
DA:38,3
DA:42,7
DA:43,3
DA:47,7
DA:48,6
DA:49,0
DA:50,0
DA:53,6
DA:57,7
DA:58,3
DA:59,3
DA:60,3
DA:62,3
DA:63,0
DA:65,3
DA:66,3
DA:67,0
DA:69,3
DA:70,3
DA:76,7
DA:77,6
DA:78,6
DA:79,2
DA:80,2
DA:81,2
DA:84,2
DA:85,2
DA:88,2
DA:89,2
DA:91,0
DA:93,2
DA:98,6
DA:102,7
DA:103,6
DA:104,6
DA:105,3
DA:106,3
DA:109,3
DA:110,3
DA:112,0
DA:117,6
DA:121,7
DA:124,3
DA:125,3
DA:126,0
DA:127,0
DA:130,3
DA:132,7
DA:133,3
DA:137,7
DA:138,0
DA:139,0
DA:143,0
DA:144,0
DA:146,0
DA:149,0
DA:153,7
DA:154,0
DA:158,7
DA:159,0
DA:160,0
DA:162,0
DA:165,7
DA:204,4
DA:205,4
DA:206,4
DA:207,0
DA:208,4
DA:209,4
DA:212,4
DA:226,1
DA:239,1
DA:257,0
DA:265,0
DA:271,2
LF:93
LH:71
BRDA:49,0,0,0
BRDA:49,0,1,0
BRDA:62,1,0,0
BRDA:62,1,1,3
BRDA:66,2,0,0
BRDA:66,2,1,3
BRDA:78,3,0,2
BRDA:78,3,1,4
BRDA:104,4,0,3
BRDA:104,4,1,3
BRDA:125,5,0,0
BRDA:125,5,1,3
BRDA:143,6,0,0
BRDA:143,6,1,0
BRDA:168,7,0,3
BRDA:168,7,1,4
BRDA:188,8,0,4
BRDA:188,8,1,4
BRDA:205,9,0,4
BRDA:205,9,1,0
BRDA:206,10,0,0
BRDA:206,10,1,4
BRDA:208,11,0,4
BRDA:208,11,1,0
BRDA:222,12,0,3
BRDA:222,12,1,1
BRF:26
BRH:16
end_of_record
TN:
SF:screens\GroupsScreen.jsx
FN:9,(anonymous_0)
FN:15,(anonymous_1)
FN:37,(anonymous_2)
FN:52,(anonymous_3)
FN:53,(anonymous_4)
FNF:5
FNH:5
FNDA:16,(anonymous_0)
FNDA:8,(anonymous_1)
FNDA:8,(anonymous_2)
FNDA:8,(anonymous_3)
FNDA:5,(anonymous_4)
DA:9,2
DA:10,16
DA:11,16
DA:12,16
DA:15,16
DA:16,8
DA:17,8
DA:18,8
DA:20,7
DA:21,6
DA:22,6
DA:23,6
DA:25,1
DA:28,1
DA:29,1
DA:31,8
DA:36,16
DA:38,8
DA:42,16
DA:52,8
DA:53,5
LF:21
LH:21
BRDA:20,0,0,6
BRDA:20,0,1,1
BRDA:45,1,0,16
BRDA:45,1,1,8
BRDA:46,2,0,16
BRDA:46,2,1,8
BRDA:46,2,2,5
BRDA:49,3,0,16
BRDA:49,3,1,8
BRDA:49,3,2,3
BRF:10
BRH:10
end_of_record
TN:
SF:screens\HomeScreen.jsx
FN:22,(anonymous_0)
FN:35,(anonymous_1)
FN:44,(anonymous_2)
FN:48,(anonymous_3)
FN:57,(anonymous_4)
FN:62,(anonymous_5)
FN:191,(anonymous_6)
FN:208,(anonymous_7)
FN:209,(anonymous_8)
FN:222,(anonymous_9)
FN:268,(anonymous_10)
FN:314,(anonymous_11)
FN:342,(anonymous_12)
FN:360,(anonymous_13)
FN:371,(anonymous_14)
FN:393,(anonymous_15)
FN:406,(anonymous_16)
FN:428,(anonymous_17)
FN:441,HomeScreen
FNF:19
FNH:11
FNDA:25,(anonymous_0)
FNDA:10,(anonymous_1)
FNDA:0,(anonymous_2)
FNDA:10,(anonymous_3)
FNDA:0,(anonymous_4)
FNDA:0,(anonymous_5)
FNDA:26,(anonymous_6)
FNDA:7,(anonymous_7)
FNDA:7,(anonymous_8)
FNDA:2,(anonymous_9)
FNDA:1,(anonymous_10)
FNDA:0,(anonymous_11)
FNDA:2,(anonymous_12)
FNDA:3,(anonymous_13)
FNDA:0,(anonymous_14)
FNDA:0,(anonymous_15)
FNDA:0,(anonymous_16)
FNDA:0,(anonymous_17)
FNDA:8,HomeScreen
DA:22,2
DA:30,25
DA:31,25
DA:32,25
DA:35,25
DA:36,10
DA:37,3
DA:44,3
DA:45,0
DA:48,10
DA:49,10
DA:50,3
DA:51,3
DA:57,25
DA:58,0
DA:63,0
DA:67,0
DA:68,0
DA:69,0
DA:72,0
DA:83,25
DA:114,25
DA:116,25
DA:152,2
DA:191,2
DA:192,26
DA:193,25
DA:194,25
DA:195,25
DA:197,25
DA:198,25
DA:201,25
DA:208,25
DA:209,7
DA:210,7
DA:211,7
DA:212,7
DA:213,7
DA:215,7
DA:218,7
DA:222,25
DA:223,2
DA:224,0
DA:230,0
DA:233,2
DA:234,2
DA:239,1
DA:240,1
DA:246,1
DA:247,1
DA:249,0
DA:257,1
DA:258,1
DA:268,25
DA:269,1
DA:270,0
DA:276,0
DA:279,1
DA:280,1
DA:285,1
DA:286,1
DA:292,1
DA:293,1
DA:296,0
DA:297,0
DA:306,25
DA:314,0
DA:342,2
DA:360,3
DA:371,0
DA:393,0
DA:406,0
DA:428,0
DA:442,8
LF:74
LH:55
BRDA:24,0,0,0
BRDA:28,1,0,25
BRDA:36,2,0,3
BRDA:36,2,1,7
BRDA:49,3,0,3
BRDA:49,3,1,7
BRDA:67,4,0,0
BRDA:67,4,1,0
BRDA:114,5,0,25
BRDA:114,5,1,0
BRDA:116,6,0,3
BRDA:116,6,1,22
BRDA:212,7,0,7
BRDA:212,7,1,0
BRDA:223,8,0,0
BRDA:223,8,1,2
BRDA:239,9,0,1
BRDA:239,9,1,0
BRDA:269,10,0,0
BRDA:269,10,1,1
BRDA:285,11,0,1
BRDA:285,11,1,0
BRDA:317,12,0,7
BRDA:317,12,1,18
BRDA:320,13,0,0
BRDA:320,13,1,7
BRDA:329,14,0,18
BRDA:329,14,1,18
BRDA:332,15,0,18
BRDA:332,15,1,18
BRF:30
BRH:20
end_of_record
TN:
SF:screens\ProfilePictureSettings.jsx
FN:21,(anonymous_0)
FN:27,(anonymous_1)
FN:52,(anonymous_2)
FN:55,(anonymous_3)
FN:71,(anonymous_4)
FNF:5
FNH:5
FNDA:6,(anonymous_0)
FNDA:5,(anonymous_1)
FNDA:60,(anonymous_2)
FNDA:5,(anonymous_3)
FNDA:72,(anonymous_4)
DA:8,2
DA:21,2
DA:22,6
DA:24,6
DA:25,6
DA:27,6
DA:28,5
DA:29,5
DA:35,4
DA:36,3
DA:37,3
DA:45,3
DA:48,1
DA:52,6
DA:53,60
DA:55,5
DA:66,6
DA:71,72
DA:78,2
LF:19
LH:19
BRDA:35,0,0,3
BRDA:35,0,1,1
BRF:2
BRH:2
end_of_record
TN:
SF:screens\SignInScreen.jsx
FN:9,(anonymous_0)
FN:13,(anonymous_1)
FNF:2
FNH:2
FNDA:5,(anonymous_0)
FNDA:4,(anonymous_1)
DA:9,2
DA:10,5
DA:11,5
DA:13,5
DA:14,4
DA:16,4
DA:19,3
DA:20,3
DA:21,1
DA:25,2
DA:35,2
DA:36,2
DA:44,5
LF:13
LH:13
BRDA:20,0,0,1
BRDA:20,0,1,2
BRDA:32,1,0,2
BRDA:32,1,1,1
BRDA:38,2,0,2
BRDA:38,2,1,0
BRF:6
BRH:5
end_of_record
TN:
SF:styles\AuthLoadingScreenStyles.js
FNF:0
FNH:0
LF:0
LH:0
BRF:0
BRH:0
end_of_record
TN:
SF:styles\CustomAlertStyles.js
FNF:0
FNH:0
LF:0
LH:0
BRF:0
BRH:0
end_of_record
TN:
SF:styles\DrawerMenuStyles.js
FNF:0
FNH:0
LF:0
LH:0
BRF:0
BRH:0
end_of_record
TN:
SF:styles\EditProfileScreenStyles.js
FNF:0
FNH:0
LF:0
LH:0
BRF:0
BRH:0
end_of_record
TN:
SF:styles\GroupDetailScreenStyles.js
FNF:0
FNH:0
LF:0
LH:0
BRF:0
BRH:0
end_of_record
TN:
SF:styles\GroupItemStyles.js
FNF:0
FNH:0
LF:0
LH:0
BRF:0
BRH:0
end_of_record
TN:
SF:styles\GroupMapScreenStyles.js
FNF:0
FNH:0
LF:0
LH:0
BRF:0
BRH:0
end_of_record
TN:
SF:styles\GroupScreenStyles.js
FNF:0
FNH:0
LF:0
LH:0
BRF:0
BRH:0
end_of_record
TN:
SF:styles\HomeScreenStyles.js
FNF:0
FNH:0
DA:3,4
LF:1
LH:1
BRF:0
BRH:0
end_of_record
TN:
SF:styles\ProfilePictureSettingsStyles.js
FNF:0
FNH:0
LF:0
LH:0
BRF:0
BRH:0
end_of_record
TN:
SF:styles\SigninScreenStyles.js
FNF:0
FNH:0
LF:0
LH:0
BRF:0
BRH:0
end_of_record
TN:
SF:styles\UserItemStyles.js
FNF:0
FNH:0
LF:0
LH:0
BRF:0
BRH:0
end_of_record
